Log started 01/12/2017 at 14:58:40
Preferred installation mode : gtk
Trying to init installer in mode xwindow
Mode xwindow successfully initialized
Preparing to Install
Preparing to Install
Directory already exists: /home/ross/shared_vm/ti_shared/ti_compiler
Unpacking files
Directory already exists: /home/ross/shared_vm/ti_shared/ti_compiler
Creating directory /home/ross/shared_vm/ti_shared/ti_compiler/lib
Creating directory /home/ross/shared_vm/ti_shared/ti_compiler/lib/src
Creating directory /home/ross/shared_vm/ti_shared/ti_compiler/include
Creating directory /home/ross/shared_vm/ti_shared/ti_compiler/bin
Creating directory /home/ross/shared_vm/ti_shared/ti_compiler/man
Creating directory /home/ross/shared_vm/ti_shared/ti_compiler/man/man1
Unpacking files
Unpacking /home/ross/shared_vm/ti_shared/ti_compiler/c2000_rts_16_12_0_STS-36FD96FD-B221-43cc-A282-15A2684D3687.spdx
Unpacking /home/ross/shared_vm/ti_shared/ti_compiler/Closed_defects.html
Unpacking /home/ross/shared_vm/ti_shared/ti_compiler/C2000CodeGenerationTools_16.12.0.STS_manifest.html
Unpacking /home/ross/shared_vm/ti_shared/ti_compiler/README.txt
Unpacking /home/ross/shared_vm/ti_shared/ti_compiler/Open_defects.html
Unpacking /home/ross/shared_vm/ti_shared/ti_compiler/lib/rts2800_ml.lib
Unpacking /home/ross/shared_vm/ti_shared/ti_compiler/lib/cpplnk.cmd
Unpacking /home/ross/shared_vm/ti_shared/ti_compiler/lib/mklib.c
Unpacking /home/ross/shared_vm/ti_shared/ti_compiler/lib/lnk.cmd
Unpacking /home/ross/shared_vm/ti_shared/ti_compiler/lib/libc.a
Unpacking /home/ross/shared_vm/ti_shared/ti_compiler/lib/rts2800_fpu32.lib
Unpacking /home/ross/shared_vm/ti_shared/ti_compiler/lib/mklib
Unpacking /home/ross/shared_vm/ti_shared/ti_compiler/lib/src/streambuf
Unpacking /home/ross/shared_vm/ti_shared/ti_compiler/lib/src/ull_tofsfpu32.asm
Unpacking /home/ross/shared_vm/ti_shared/ti_compiler/lib/src/s_log1pf.c
Unpacking /home/ross/shared_vm/ti_shared/ti_compiler/lib/src/s__alloc.c
Unpacking /home/ross/shared_vm/ti_shared/ti_compiler/lib/src/fopen.c
Unpacking /home/ross/shared_vm/ti_shared/ti_compiler/lib/src/complex
Unpacking /home/ross/shared_vm/ti_shared/ti_compiler/lib/src/s_p__set.h
Unpacking /home/ross/shared_vm/ti_shared/ti_compiler/lib/src/ispunct.c
Unpacking /home/ross/shared_vm/ti_shared/ti_compiler/lib/src/locale
Unpacking /home/ross/shared_vm/ti_shared/ti_compiler/lib/src/s__rope.h
Unpacking /home/ross/shared_vm/ti_shared/ti_compiler/lib/src/vector
Unpacking /home/ross/shared_vm/ti_shared/ti_compiler/lib/src/tgmath.h
Unpacking /home/ross/shared_vm/ti_shared/ti_compiler/lib/src/strtoull.c
Unpacking /home/ross/shared_vm/ti_shared/ti_compiler/lib/src/s__monetary.h
Unpacking /home/ross/shared_vm/ti_shared/ti_compiler/lib/src/vla_alloc.cpp
Unpacking /home/ross/shared_vm/ti_shared/ti_compiler/lib/src/isupper.c
Unpacking /home/ross/shared_vm/ti_shared/ti_compiler/lib/src/s_ccosh.c
Unpacking /home/ross/shared_vm/ti_shared/ti_compiler/lib/src/s__ios.c
Unpacking /home/ross/shared_vm/ti_shared/ti_compiler/lib/src/strchr.c
Unpacking /home/ross/shared_vm/ti_shared/ti_compiler/lib/src/snprintf.c
Unpacking /home/ross/shared_vm/ti_shared/ti_compiler/lib/src/strtok.c
Unpacking /home/ross/shared_vm/ti_shared/ti_compiler/lib/src/cargs.h
Unpacking /home/ross/shared_vm/ti_shared/ti_compiler/lib/src/e_hypot.c
Unpacking /home/ross/shared_vm/ti_shared/ti_compiler/lib/src/s_lround.c
Unpacking /home/ross/shared_vm/ti_shared/ti_compiler/lib/src/atoi.c
Unpacking /home/ross/shared_vm/ti_shared/ti_compiler/lib/src/strrchr.c
Unpacking /home/ross/shared_vm/ti_shared/ti_compiler/lib/src/s__relops_hash_cont.h
Unpacking /home/ross/shared_vm/ti_shared/ti_compiler/lib/src/memchr.c
Unpacking /home/ross/shared_vm/ti_shared/ti_compiler/lib/src/e_acoshf.c
Unpacking /home/ross/shared_vm/ti_shared/ti_compiler/lib/src/toupper.c
Unpacking /home/ross/shared_vm/ti_shared/ti_compiler/lib/src/ecvt.c
Unpacking /home/ross/shared_vm/ti_shared/ti_compiler/lib/src/strtoimax.c
Unpacking /home/ross/shared_vm/ti_shared/ti_compiler/lib/src/pprof_user.c
Unpacking /home/ross/shared_vm/ti_shared/ti_compiler/lib/src/ll_mpy28.asm
Unpacking /home/ross/shared_vm/ti_shared/ti_compiler/lib/src/s_cprojl.c
Unpacking /home/ross/shared_vm/ti_shared/ti_compiler/lib/src/strerror.c
Unpacking /home/ross/shared_vm/ti_shared/ti_compiler/lib/src/toascii.c
Unpacking /home/ross/shared_vm/ti_shared/ti_compiler/lib/src/ltoa.c
Unpacking /home/ross/shared_vm/ti_shared/ti_compiler/lib/src/s__complex.c
Unpacking /home/ross/shared_vm/ti_shared/ti_compiler/lib/src/cpy_tbl.c
Unpacking /home/ross/shared_vm/ti_shared/ti_compiler/lib/src/unordered_map
Unpacking /home/ross/shared_vm/ti_shared/ti_compiler/lib/src/e_log10.c
Unpacking /home/ross/shared_vm/ti_shared/ti_compiler/lib/src/typeinfo
Unpacking /home/ross/shared_vm/ti_shared/ti_compiler/lib/src/s_tgammaf.c
Unpacking /home/ross/shared_vm/ti_shared/ti_compiler/lib/src/strcat.c
Unpacking /home/ross/shared_vm/ti_shared/ti_compiler/lib/src/delnothrow.cpp
Unpacking /home/ross/shared_vm/ti_shared/ti_compiler/lib/src/e_rem_pio2.c
Unpacking /home/ross/shared_vm/ti_shared/ti_compiler/lib/src/ll_cmp28.asm
Unpacking /home/ross/shared_vm/ti_shared/ti_compiler/lib/src/cfloat
Unpacking /home/ross/shared_vm/ti_shared/ti_compiler/lib/src/s__streambuf.h
Unpacking /home/ross/shared_vm/ti_shared/ti_compiler/lib/src/wcscmp.c
Unpacking /home/ross/shared_vm/ti_shared/ti_compiler/lib/src/array_new.cpp
Unpacking /home/ross/shared_vm/ti_shared/ti_compiler/lib/src/s_fabsf.c
Unpacking /home/ross/shared_vm/ti_shared/ti_compiler/lib/src/s_carg.c
Unpacking /home/ross/shared_vm/ti_shared/ti_compiler/lib/src/ll_div28.asm
Unpacking /home/ross/shared_vm/ti_shared/ti_compiler/lib/src/s__fstream.c
Unpacking /home/ross/shared_vm/ti_shared/ti_compiler/lib/src/w_cabs.c
Unpacking /home/ross/shared_vm/ti_shared/ti_compiler/lib/src/s__pair.h
Unpacking /home/ross/shared_vm/ti_shared/ti_compiler/lib/src/s_c_host.h
Unpacking /home/ross/shared_vm/ti_shared/ti_compiler/lib/src/k_log.h
Unpacking /home/ross/shared_vm/ti_shared/ti_compiler/lib/src/s_cosf.c
Unpacking /home/ross/shared_vm/ti_shared/ti_compiler/lib/src/bzero.c
Unpacking /home/ross/shared_vm/ti_shared/ti_compiler/lib/src/s__hashtable.h
Unpacking /home/ross/shared_vm/ti_shared/ti_compiler/lib/src/exit.c
Unpacking /home/ross/shared_vm/ti_shared/ti_compiler/lib/src/s__string_hash.h
Unpacking /home/ross/shared_vm/ti_shared/ti_compiler/lib/src/s_nexttowardf.c
Unpacking /home/ross/shared_vm/ti_shared/ti_compiler/lib/src/slist
Unpacking /home/ross/shared_vm/ti_shared/ti_compiler/lib/src/ti_fenv.c
Unpacking /home/ross/shared_vm/ti_shared/ti_compiler/lib/src/_pthread.c
Unpacking /home/ross/shared_vm/ti_shared/ti_compiler/lib/src/ungetc.c
Unpacking /home/ross/shared_vm/ti_shared/ti_compiler/lib/src/localtim.c
Unpacking /home/ross/shared_vm/ti_shared/ti_compiler/lib/src/pthread_alloc
Unpacking /home/ross/shared_vm/ti_shared/ti_compiler/lib/src/w_cabsl.c
Unpacking /home/ross/shared_vm/ti_shared/ti_compiler/lib/src/s_d__debug.h
Unpacking /home/ross/shared_vm/ti_shared/ti_compiler/lib/src/fenv-softfloat.h
Unpacking /home/ross/shared_vm/ti_shared/ti_compiler/lib/src/s__config_compat_post.h
Unpacking /home/ross/shared_vm/ti_shared/ti_compiler/lib/src/c99_complex.c
Unpacking /home/ross/shared_vm/ti_shared/ti_compiler/lib/src/atof.c
Unpacking /home/ross/shared_vm/ti_shared/ti_compiler/lib/src/sprintf.c
Unpacking /home/ross/shared_vm/ti_shared/ti_compiler/lib/src/fstream
Unpacking /home/ross/shared_vm/ti_shared/ti_compiler/lib/src/aligned_buffer.h
Unpacking /home/ross/shared_vm/ti_shared/ti_compiler/lib/src/new
Unpacking /home/ross/shared_vm/ti_shared/ti_compiler/lib/src/s__list.h
Unpacking /home/ross/shared_vm/ti_shared/ti_compiler/lib/src/fsetpos.c
Unpacking /home/ross/shared_vm/ti_shared/ti_compiler/lib/src/l_div28.asm
Unpacking /home/ross/shared_vm/ti_shared/ti_compiler/lib/src/s__stdexcept_base.h
Unpacking /home/ross/shared_vm/ti_shared/ti_compiler/lib/src/s_c_features.h
Unpacking /home/ross/shared_vm/ti_shared/ti_compiler/lib/src/ll_aox28.asm
Unpacking /home/ross/shared_vm/ti_shared/ti_compiler/lib/src/s_cproj.c
Unpacking /home/ross/shared_vm/ti_shared/ti_compiler/lib/src/s__string_sum_methods.h
Unpacking /home/ross/shared_vm/ti_shared/ti_compiler/lib/src/file.h
Unpacking /home/ross/shared_vm/ti_shared/ti_compiler/lib/src/ul_tofd28.asm
Unpacking /home/ross/shared_vm/ti_shared/ti_compiler/lib/src/fgetpos.c
Unpacking /home/ross/shared_vm/ti_shared/ti_compiler/lib/src/cstdio
Unpacking /home/ross/shared_vm/ti_shared/ti_compiler/lib/src/_defs.h
Unpacking /home/ross/shared_vm/ti_shared/ti_compiler/lib/src/s_erf.c
Unpacking /home/ross/shared_vm/ti_shared/ti_compiler/lib/src/format.h
Unpacking /home/ross/shared_vm/ti_shared/ti_compiler/lib/src/e_log10f.c
Unpacking /home/ross/shared_vm/ti_shared/ti_compiler/lib/src/ciso646
Unpacking /home/ross/shared_vm/ti_shared/ti_compiler/lib/src/printf.c
Unpacking /home/ross/shared_vm/ti_shared/ti_compiler/lib/src/setjmp28.asm
Unpacking /home/ross/shared_vm/ti_shared/ti_compiler/lib/src/fgets.c
Unpacking /home/ross/shared_vm/ti_shared/ti_compiler/lib/src/_isfuncdef.h
Unpacking /home/ross/shared_vm/ti_shared/ti_compiler/lib/src/defines.h
Unpacking /home/ross/shared_vm/ti_shared/ti_compiler/lib/src/s_cpowl.c
Unpacking /home/ross/shared_vm/ti_shared/ti_compiler/lib/src/b_exp.c
Unpacking /home/ross/shared_vm/ti_shared/ti_compiler/lib/src/trgcio.h
Unpacking /home/ross/shared_vm/ti_shared/ti_compiler/lib/src/fd_mpy28.asm
Unpacking /home/ross/shared_vm/ti_shared/ti_compiler/lib/src/e_coshf.c
Unpacking /home/ross/shared_vm/ti_shared/ti_compiler/lib/src/s__exception.h
Unpacking /home/ross/shared_vm/ti_shared/ti_compiler/lib/src/s_cimag.c
Unpacking /home/ross/shared_vm/ti_shared/ti_compiler/lib/src/fd_tol28.asm
Unpacking /home/ross/shared_vm/ti_shared/ti_compiler/lib/src/bad_alloc.cpp
Unpacking /home/ross/shared_vm/ti_shared/ti_compiler/lib/src/memccpy.c
Unpacking /home/ross/shared_vm/ti_shared/ti_compiler/lib/src/u_tofs28.asm
Unpacking /home/ross/shared_vm/ti_shared/ti_compiler/lib/src/s__string_npos.h
Unpacking /home/ross/shared_vm/ti_shared/ti_compiler/lib/src/s__ios_base.h
Unpacking /home/ross/shared_vm/ti_shared/ti_compiler/lib/src/eh.h
Unpacking /home/ross/shared_vm/ti_shared/ti_compiler/lib/src/s__stdexcept.h
Unpacking /home/ross/shared_vm/ti_shared/ti_compiler/lib/src/s_remquof.c
Unpacking /home/ross/shared_vm/ti_shared/ti_compiler/lib/src/s_llroundf.c
Unpacking /home/ross/shared_vm/ti_shared/ti_compiler/lib/src/stdbool.h
Unpacking /home/ross/shared_vm/ti_shared/ti_compiler/lib/src/s_truncf.c
Unpacking /home/ross/shared_vm/ti_shared/ti_compiler/lib/src/stdio_streambuf.cpp
Unpacking /home/ross/shared_vm/ti_shared/ti_compiler/lib/src/cla_remi.cla
Unpacking /home/ross/shared_vm/ti_shared/ti_compiler/lib/src/fs_tou28.asm
Unpacking /home/ross/shared_vm/ti_shared/ti_compiler/lib/src/s_fmaf.c
Unpacking /home/ross/shared_vm/ti_shared/ti_compiler/lib/src/sscanf.c
Unpacking /home/ross/shared_vm/ti_shared/ti_compiler/lib/src/i_tofd28.asm
Unpacking /home/ross/shared_vm/ti_shared/ti_compiler/lib/src/s__iterator.h
Unpacking /home/ross/shared_vm/ti_shared/ti_compiler/lib/src/cla_remu.cla
Unpacking /home/ross/shared_vm/ti_shared/ti_compiler/lib/src/e_asin.c
Unpacking /home/ross/shared_vm/ti_shared/ti_compiler/lib/src/s_cexp.c
Unpacking /home/ross/shared_vm/ti_shared/ti_compiler/lib/src/e_atanh.c
Unpacking /home/ross/shared_vm/ti_shared/ti_compiler/lib/src/time.c
Unpacking /home/ross/shared_vm/ti_shared/ti_compiler/lib/src/s__threads.h
Unpacking /home/ross/shared_vm/ti_shared/ti_compiler/lib/src/s__unordered_set.h
Unpacking /home/ross/shared_vm/ti_shared/ti_compiler/lib/src/s_exp2f.c
Unpacking /home/ross/shared_vm/ti_shared/ti_compiler/lib/src/basics.h
Unpacking /home/ross/shared_vm/ti_shared/ti_compiler/lib/src/fputs.c
Unpacking /home/ross/shared_vm/ti_shared/ti_compiler/lib/src/s__slist_base.h
Unpacking /home/ross/shared_vm/ti_shared/ti_compiler/lib/src/s_creall.c
Unpacking /home/ross/shared_vm/ti_shared/ti_compiler/lib/src/s_llrint.c
Unpacking /home/ross/shared_vm/ti_shared/ti_compiler/lib/src/s__raw_storage_iter.h
Unpacking /home/ross/shared_vm/ti_shared/ti_compiler/lib/src/k_cos.c
Unpacking /home/ross/shared_vm/ti_shared/ti_compiler/lib/src/map
Unpacking /home/ross/shared_vm/ti_shared/ti_compiler/lib/src/ftell.c
Unpacking /home/ross/shared_vm/ti_shared/ti_compiler/lib/src/isalnum.c
Unpacking /home/ross/shared_vm/ti_shared/ti_compiler/lib/src/_dtor_list.h
Unpacking /home/ross/shared_vm/ti_shared/ti_compiler/lib/src/error.h
Unpacking /home/ross/shared_vm/ti_shared/ti_compiler/lib/src/iostream
Unpacking /home/ross/shared_vm/ti_shared/ti_compiler/lib/src/s__iosfwd.h
Unpacking /home/ross/shared_vm/ti_shared/ti_compiler/lib/src/s__function_adaptors.h
Unpacking /home/ross/shared_vm/ti_shared/ti_compiler/lib/src/s__strstream.h
Unpacking /home/ross/shared_vm/ti_shared/ti_compiler/lib/src/s_clog.c
Unpacking /home/ross/shared_vm/ti_shared/ti_compiler/lib/src/fd_sub28.asm
Unpacking /home/ross/shared_vm/ti_shared/ti_compiler/lib/src/s__ctime.h
Unpacking /home/ross/shared_vm/ti_shared/ti_compiler/lib/src/cxxabi.h
Unpacking /home/ross/shared_vm/ti_shared/ti_compiler/lib/src/codecvt.cpp
Unpacking /home/ross/shared_vm/ti_shared/ti_compiler/lib/src/iostream.cpp
Unpacking /home/ross/shared_vm/ti_shared/ti_compiler/lib/src/time64.c
Unpacking /home/ross/shared_vm/ti_shared/ti_compiler/lib/src/delete.cpp
Unpacking /home/ross/shared_vm/ti_shared/ti_compiler/lib/src/e_atan2.c
Unpacking /home/ross/shared_vm/ti_shared/ti_compiler/lib/src/fenv.h
Unpacking /home/ross/shared_vm/ti_shared/ti_compiler/lib/src/difftime64.c
Unpacking /home/ross/shared_vm/ti_shared/ti_compiler/lib/src/multibyte.c
Unpacking /home/ross/shared_vm/ti_shared/ti_compiler/lib/src/_stdio_file.h
Unpacking /home/ross/shared_vm/ti_shared/ti_compiler/lib/src/_data_synch.c
Unpacking /home/ross/shared_vm/ti_shared/ti_compiler/lib/src/fs_tollfpu32.asm
Unpacking /home/ross/shared_vm/ti_shared/ti_compiler/lib/src/s__tree.c
Unpacking /home/ross/shared_vm/ti_shared/ti_compiler/lib/src/copy_decompress_rle.c
Unpacking /home/ross/shared_vm/ti_shared/ti_compiler/lib/src/s__cwctype.h
Unpacking /home/ross/shared_vm/ti_shared/ti_compiler/lib/src/lldiv.c
Unpacking /home/ross/shared_vm/ti_shared/ti_compiler/lib/src/perror.c
Unpacking /home/ross/shared_vm/ti_shared/ti_compiler/lib/src/placedel.cpp
Unpacking /home/ross/shared_vm/ti_shared/ti_compiler/lib/src/s__cmath.h
Unpacking /home/ross/shared_vm/ti_shared/ti_compiler/lib/src/numpunct.cpp
Unpacking /home/ross/shared_vm/ti_shared/ti_compiler/lib/src/facets_byname.cpp
Unpacking /home/ross/shared_vm/ti_shared/ti_compiler/lib/src/cla_divu.cla
Unpacking /home/ross/shared_vm/ti_shared/ti_compiler/lib/src/stddef.h
Unpacking /home/ross/shared_vm/ti_shared/ti_compiler/lib/src/wchar.h
Unpacking /home/ross/shared_vm/ti_shared/ti_compiler/lib/src/vtbl.h
Unpacking /home/ross/shared_vm/ti_shared/ti_compiler/lib/src/s__hashtable.c
Unpacking /home/ross/shared_vm/ti_shared/ti_compiler/lib/src/s_cimagf.c
Unpacking /home/ross/shared_vm/ti_shared/ti_compiler/lib/src/cerrno
Unpacking /home/ross/shared_vm/ti_shared/ti_compiler/lib/src/strxfrm.c
Unpacking /home/ross/shared_vm/ti_shared/ti_compiler/lib/src/s__deque.h
Unpacking /home/ross/shared_vm/ti_shared/ti_compiler/lib/src/time.h
Unpacking /home/ross/shared_vm/ti_shared/ti_compiler/lib/src/bcopy.c
Unpacking /home/ross/shared_vm/ti_shared/ti_compiler/lib/src/vla_alloc.h
Unpacking /home/ross/shared_vm/ti_shared/ti_compiler/lib/src/fs_toullfpu32.asm
Unpacking /home/ross/shared_vm/ti_shared/ti_compiler/lib/src/s_atanf.c
Unpacking /home/ross/shared_vm/ti_shared/ti_compiler/lib/src/_mutex.c
Unpacking /home/ross/shared_vm/ti_shared/ti_compiler/lib/src/trgmsg.c
Unpacking /home/ross/shared_vm/ti_shared/ti_compiler/lib/src/ldiv.c
Unpacking /home/ross/shared_vm/ti_shared/ti_compiler/lib/src/startup.c
Unpacking /home/ross/shared_vm/ti_shared/ti_compiler/lib/src/strcoll.c
Unpacking /home/ross/shared_vm/ti_shared/ti_compiler/lib/src/signal.h
Unpacking /home/ross/shared_vm/ti_shared/ti_compiler/lib/src/s__num_get.h
Unpacking /home/ross/shared_vm/ti_shared/ti_compiler/lib/src/s_csqrt.c
Unpacking /home/ross/shared_vm/ti_shared/ti_compiler/lib/src/wchar.c
Unpacking /home/ross/shared_vm/ti_shared/ti_compiler/lib/src/complex.cpp
Unpacking /home/ross/shared_vm/ti_shared/ti_compiler/lib/src/mktime.c
Unpacking /home/ross/shared_vm/ti_shared/ti_compiler/lib/src/islower.c
Unpacking /home/ross/shared_vm/ti_shared/ti_compiler/lib/src/float.h
Unpacking /home/ross/shared_vm/ti_shared/ti_compiler/lib/src/s__ctraits_fns.h
Unpacking /home/ross/shared_vm/ti_shared/ti_compiler/lib/src/s_log1p.c
Unpacking /home/ross/shared_vm/ti_shared/ti_compiler/lib/src/algorithm
Unpacking /home/ross/shared_vm/ti_shared/ti_compiler/lib/src/k_sin.c
Unpacking /home/ross/shared_vm/ti_shared/ti_compiler/lib/src/e_lgammaf.c
Unpacking /home/ross/shared_vm/ti_shared/ti_compiler/lib/src/memcpy.c
Unpacking /home/ross/shared_vm/ti_shared/ti_compiler/lib/src/s_lrint.c
Unpacking /home/ross/shared_vm/ti_shared/ti_compiler/lib/src/utility
Unpacking /home/ross/shared_vm/ti_shared/ti_compiler/lib/src/exception
Unpacking /home/ross/shared_vm/ti_shared/ti_compiler/lib/src/tmpnam.c
Unpacking /home/ross/shared_vm/ti_shared/ti_compiler/lib/src/wmemset.c
Unpacking /home/ross/shared_vm/ti_shared/ti_compiler/lib/src/linkage.h
Unpacking /home/ross/shared_vm/ti_shared/ti_compiler/lib/src/fs_toll28.asm
Unpacking /home/ross/shared_vm/ti_shared/ti_compiler/lib/src/s_p__list.h
Unpacking /home/ross/shared_vm/ti_shared/ti_compiler/lib/src/hash_map
Unpacking /home/ross/shared_vm/ti_shared/ti_compiler/lib/src/fwrite.c
Unpacking /home/ross/shared_vm/ti_shared/ti_compiler/lib/src/fflush.c
Unpacking /home/ross/shared_vm/ti_shared/ti_compiler/lib/src/strcspn.c
Unpacking /home/ross/shared_vm/ti_shared/ti_compiler/lib/src/iosfwd
Unpacking /home/ross/shared_vm/ti_shared/ti_compiler/lib/src/s__slist.c
Unpacking /home/ross/shared_vm/ti_shared/ti_compiler/lib/src/isxdigit.c
Unpacking /home/ross/shared_vm/ti_shared/ti_compiler/lib/src/e_sqrtf.c
Unpacking /home/ross/shared_vm/ti_shared/ti_compiler/lib/src/strncpy.c
Unpacking /home/ross/shared_vm/ti_shared/ti_compiler/lib/src/s_char_traits.h
Unpacking /home/ross/shared_vm/ti_shared/ti_compiler/lib/src/feof.c
Unpacking /home/ross/shared_vm/ti_shared/ti_compiler/lib/src/typeinfo_.cpp
Unpacking /home/ross/shared_vm/ti_shared/ti_compiler/lib/src/s_concept_checks.h
Unpacking /home/ross/shared_vm/ti_shared/ti_compiler/lib/src/s__map.h
Unpacking /home/ross/shared_vm/ti_shared/ti_compiler/lib/src/complex_io.cpp
Unpacking /home/ross/shared_vm/ti_shared/ti_compiler/lib/src/k_tan.c
Unpacking /home/ross/shared_vm/ti_shared/ti_compiler/lib/src/pprof.h
Unpacking /home/ross/shared_vm/ti_shared/ti_compiler/lib/src/fputc.c
Unpacking /home/ross/shared_vm/ti_shared/ti_compiler/lib/src/_scanfi_nf.c
Unpacking /home/ross/shared_vm/ti_shared/ti_compiler/lib/src/strtol.c
Unpacking /home/ross/shared_vm/ti_shared/ti_compiler/lib/src/_scanfi.c
Unpacking /home/ross/shared_vm/ti_shared/ti_compiler/lib/src/e_log.c
Unpacking /home/ross/shared_vm/ti_shared/ti_compiler/lib/src/array_del.cpp
Unpacking /home/ross/shared_vm/ti_shared/ti_compiler/lib/src/s__cctype.h
Unpacking /home/ross/shared_vm/ti_shared/ti_compiler/lib/src/s_fabs.c
Unpacking /home/ross/shared_vm/ti_shared/ti_compiler/lib/src/ll_abs28.asm
Unpacking /home/ross/shared_vm/ti_shared/ti_compiler/lib/src/ll_tofd28.asm
Unpacking /home/ross/shared_vm/ti_shared/ti_compiler/lib/src/s_expm1f.c
Unpacking /home/ross/shared_vm/ti_shared/ti_compiler/lib/src/s__iterator_base.h
Unpacking /home/ross/shared_vm/ti_shared/ti_compiler/lib/src/catrigf.c
Unpacking /home/ross/shared_vm/ti_shared/ti_compiler/lib/src/s_roundf.c
Unpacking /home/ross/shared_vm/ti_shared/ti_compiler/lib/src/wcsncmp.c
Unpacking /home/ross/shared_vm/ti_shared/ti_compiler/lib/src/strtoumax.c
Unpacking /home/ross/shared_vm/ti_shared/ti_compiler/lib/src/placenew.cpp
Unpacking /home/ross/shared_vm/ti_shared/ti_compiler/lib/src/s__algo.h
Unpacking /home/ross/shared_vm/ti_shared/ti_compiler/lib/src/hash_set
Unpacking /home/ross/shared_vm/ti_shared/ti_compiler/lib/src/stlport_prefix.h
Unpacking /home/ross/shared_vm/ti_shared/ti_compiler/lib/src/fenv.c
Unpacking /home/ross/shared_vm/ti_shared/ti_compiler/lib/src/s_trunc.c
Unpacking /home/ross/shared_vm/ti_shared/ti_compiler/lib/src/s_csqrtf.c
Unpacking /home/ross/shared_vm/ti_shared/ti_compiler/lib/src/fd_neg28.asm
Unpacking /home/ross/shared_vm/ti_shared/ti_compiler/lib/src/s_llrintl.c
Unpacking /home/ross/shared_vm/ti_shared/ti_compiler/lib/src/string.h
Unpacking /home/ross/shared_vm/ti_shared/ti_compiler/lib/src/fprintf.c
Unpacking /home/ross/shared_vm/ti_shared/ti_compiler/lib/src/e_rem_pio2f.c
Unpacking /home/ross/shared_vm/ti_shared/ti_compiler/lib/src/s__heap.c
Unpacking /home/ross/shared_vm/ti_shared/ti_compiler/lib/src/e_remainder.c
Unpacking /home/ross/shared_vm/ti_shared/ti_compiler/lib/src/s_crealf.c
Unpacking /home/ross/shared_vm/ti_shared/ti_compiler/lib/src/fclose.c
Unpacking /home/ross/shared_vm/ti_shared/ti_compiler/lib/src/t_fstream_stdio.c
Unpacking /home/ross/shared_vm/ti_shared/ti_compiler/lib/src/index.c
Unpacking /home/ross/shared_vm/ti_shared/ti_compiler/lib/src/cwchar
Unpacking /home/ross/shared_vm/ti_shared/ti_compiler/lib/src/s_llrintf.c
Unpacking /home/ross/shared_vm/ti_shared/ti_compiler/lib/src/s_frexpf.c
Unpacking /home/ross/shared_vm/ti_shared/ti_compiler/lib/src/s__codecvt.h
Unpacking /home/ross/shared_vm/ti_shared/ti_compiler/lib/src/inttypes.h
Unpacking /home/ross/shared_vm/ti_shared/ti_compiler/lib/src/strings.h
Unpacking /home/ross/shared_vm/ti_shared/ti_compiler/lib/src/csignal
Unpacking /home/ross/shared_vm/ti_shared/ti_compiler/lib/src/s__limits.h
Unpacking /home/ross/shared_vm/ti_shared/ti_compiler/lib/src/s_creal.c
Unpacking /home/ross/shared_vm/ti_shared/ti_compiler/lib/src/s_cbrtf.c
Unpacking /home/ross/shared_vm/ti_shared/ti_compiler/lib/src/e_acosf.c
Unpacking /home/ross/shared_vm/ti_shared/ti_compiler/lib/src/s__unordered_map.h
Unpacking /home/ross/shared_vm/ti_shared/ti_compiler/lib/src/fs_add28.asm
Unpacking /home/ross/shared_vm/ti_shared/ti_compiler/lib/src/errno.c
Unpacking /home/ross/shared_vm/ti_shared/ti_compiler/lib/src/fread.c
Unpacking /home/ross/shared_vm/ti_shared/ti_compiler/lib/src/runtime.h
Unpacking /home/ross/shared_vm/ti_shared/ti_compiler/lib/src/s__numpunct.h
Unpacking /home/ross/shared_vm/ti_shared/ti_compiler/lib/src/ffs.c
Unpacking /home/ross/shared_vm/ti_shared/ti_compiler/lib/src/fd_toull28.asm
Unpacking /home/ross/shared_vm/ti_shared/ti_compiler/lib/src/s_lroundf.c
Unpacking /home/ross/shared_vm/ti_shared/ti_compiler/lib/src/isspace.c
Unpacking /home/ross/shared_vm/ti_shared/ti_compiler/lib/src/bcmp.c
Unpacking /home/ross/shared_vm/ti_shared/ti_compiler/lib/src/s__num_put.c
Unpacking /home/ross/shared_vm/ti_shared/ti_compiler/lib/src/strtod.c
Unpacking /home/ross/shared_vm/ti_shared/ti_compiler/lib/src/sinit.c
Unpacking /home/ross/shared_vm/ti_shared/ti_compiler/lib/src/s_c_compat.h
Unpacking /home/ross/shared_vm/ti_shared/ti_compiler/lib/src/cwctype
Unpacking /home/ross/shared_vm/ti_shared/ti_compiler/lib/src/s_scalbn.c
Unpacking /home/ross/shared_vm/ti_shared/ti_compiler/lib/src/ctype.h
Unpacking /home/ross/shared_vm/ti_shared/ti_compiler/lib/src/s__stlport_version.h
Unpacking /home/ross/shared_vm/ti_shared/ti_compiler/lib/src/s_llround.c
Unpacking /home/ross/shared_vm/ti_shared/ti_compiler/lib/src/s_frexp.c
Unpacking /home/ross/shared_vm/ti_shared/ti_compiler/lib/src/tolower.c
Unpacking /home/ross/shared_vm/ti_shared/ti_compiler/lib/src/s__uninitialized.h
Unpacking /home/ross/shared_vm/ti_shared/ti_compiler/lib/src/prolog28.asm
Unpacking /home/ross/shared_vm/ti_shared/ti_compiler/lib/src/stdlib.h
Unpacking /home/ross/shared_vm/ti_shared/ti_compiler/lib/src/rtti.cpp
Unpacking /home/ross/shared_vm/ti_shared/ti_compiler/lib/src/strtold.c
Unpacking /home/ross/shared_vm/ti_shared/ti_compiler/lib/src/s_lrintf.c
Unpacking /home/ross/shared_vm/ti_shared/ti_compiler/lib/src/s_asinhf.c
Unpacking /home/ross/shared_vm/ti_shared/ti_compiler/lib/src/s_c_stl_confix.h
Unpacking /home/ross/shared_vm/ti_shared/ti_compiler/lib/src/s__move_construct_fwk.h
Unpacking /home/ross/shared_vm/ti_shared/ti_compiler/lib/src/s__time_facets.h
Unpacking /home/ross/shared_vm/ti_shared/ti_compiler/lib/src/e_typeinfo
Unpacking /home/ross/shared_vm/ti_shared/ti_compiler/lib/src/_lock.c
Unpacking /home/ross/shared_vm/ti_shared/ti_compiler/lib/src/fs_cmp28.asm
Unpacking /home/ross/shared_vm/ti_shared/ti_compiler/lib/src/labs.c
Unpacking /home/ross/shared_vm/ti_shared/ti_compiler/lib/src/wcslen.c
Unpacking /home/ross/shared_vm/ti_shared/ti_compiler/lib/src/s_expm1.c
Unpacking /home/ross/shared_vm/ti_shared/ti_compiler/lib/src/e_cosh.c
Unpacking /home/ross/shared_vm/ti_shared/ti_compiler/lib/src/localtim64.c
Unpacking /home/ross/shared_vm/ti_shared/ti_compiler/lib/src/climits
Unpacking /home/ross/shared_vm/ti_shared/ti_compiler/lib/src/cstdlib
Unpacking /home/ross/shared_vm/ti_shared/ti_compiler/lib/src/s__cstdio.h
Unpacking /home/ross/shared_vm/ti_shared/ti_compiler/lib/src/wctype.h
Unpacking /home/ross/shared_vm/ti_shared/ti_compiler/lib/src/atol.c
Unpacking /home/ross/shared_vm/ti_shared/ti_compiler/lib/src/strcmp.c
Unpacking /home/ross/shared_vm/ti_shared/ti_compiler/lib/src/b_tgamma.c
Unpacking /home/ross/shared_vm/ti_shared/ti_compiler/lib/src/fstream.cpp
Unpacking /home/ross/shared_vm/ti_shared/ti_compiler/lib/src/set
Unpacking /home/ross/shared_vm/ti_shared/ti_compiler/lib/src/s_modff.c
Unpacking /home/ross/shared_vm/ti_shared/ti_compiler/lib/src/gmtime.c
Unpacking /home/ross/shared_vm/ti_shared/ti_compiler/lib/src/s_copysign.c
Unpacking /home/ross/shared_vm/ti_shared/ti_compiler/lib/src/ull_tofs28.asm
Unpacking /home/ross/shared_vm/ti_shared/ti_compiler/lib/src/ul_tofs28.asm
Unpacking /home/ross/shared_vm/ti_shared/ti_compiler/lib/src/_pthread.h
Unpacking /home/ross/shared_vm/ti_shared/ti_compiler/lib/src/s__sstream.h
Unpacking /home/ross/shared_vm/ti_shared/ti_compiler/lib/src/time_facets.cpp
Unpacking /home/ross/shared_vm/ti_shared/ti_compiler/lib/src/memory
Unpacking /home/ross/shared_vm/ti_shared/ti_compiler/lib/src/bitset
Unpacking /home/ross/shared_vm/ti_shared/ti_compiler/lib/src/guard.cpp
Unpacking /home/ross/shared_vm/ti_shared/ti_compiler/lib/src/s_modf.c
Unpacking /home/ross/shared_vm/ti_shared/ti_compiler/lib/src/limits.h
Unpacking /home/ross/shared_vm/ti_shared/ti_compiler/lib/src/pre_init.c
Unpacking /home/ross/shared_vm/ti_shared/ti_compiler/lib/src/s__valarray.c
Unpacking /home/ross/shared_vm/ti_shared/ti_compiler/lib/src/strncat.c
Unpacking /home/ross/shared_vm/ti_shared/ti_compiler/lib/src/strdup.c
Unpacking /home/ross/shared_vm/ti_shared/ti_compiler/lib/src/cmath
Unpacking /home/ross/shared_vm/ti_shared/ti_compiler/lib/src/s__bitset.h
Unpacking /home/ross/shared_vm/ti_shared/ti_compiler/lib/src/s__string_fwd.h
Unpacking /home/ross/shared_vm/ti_shared/ti_compiler/lib/src/num_put.cpp
Unpacking /home/ross/shared_vm/ti_shared/ti_compiler/lib/src/s__iterator_old.h
Unpacking /home/ross/shared_vm/ti_shared/ti_compiler/lib/src/fscanf.c
Unpacking /home/ross/shared_vm/ti_shared/ti_compiler/lib/src/s_lroundl.c
Unpacking /home/ross/shared_vm/ti_shared/ti_compiler/lib/src/Makefile
Unpacking /home/ross/shared_vm/ti_shared/ti_compiler/lib/src/cstdarg
Unpacking /home/ross/shared_vm/ti_shared/ti_compiler/lib/src/bsearch.c
Unpacking /home/ross/shared_vm/ti_shared/ti_compiler/lib/src/boot28.asm
Unpacking /home/ross/shared_vm/ti_shared/ti_compiler/lib/src/memzero.cpp
Unpacking /home/ross/shared_vm/ti_shared/ti_compiler/lib/src/s_cpowf.c
Unpacking /home/ross/shared_vm/ti_shared/ti_compiler/lib/src/s__fstream.h
Unpacking /home/ross/shared_vm/ti_shared/ti_compiler/lib/src/s__threads.c
Unpacking /home/ross/shared_vm/ti_shared/ti_compiler/lib/src/s__function.h
Unpacking /home/ross/shared_vm/ti_shared/ti_compiler/lib/src/ctime
Unpacking /home/ross/shared_vm/ti_shared/ti_compiler/lib/src/isgraph.c
Unpacking /home/ross/shared_vm/ti_shared/ti_compiler/lib/src/s_conjf.c
Unpacking /home/ross/shared_vm/ti_shared/ti_compiler/lib/src/llabs.c
Unpacking /home/ross/shared_vm/ti_shared/ti_compiler/lib/src/e_atanhf.c
Unpacking /home/ross/shared_vm/ti_shared/ti_compiler/lib/src/s__epilog.h
Unpacking /home/ross/shared_vm/ti_shared/ti_compiler/lib/src/messages.cpp
Unpacking /home/ross/shared_vm/ti_shared/ti_compiler/lib/src/fd_cmp28.asm
Unpacking /home/ross/shared_vm/ti_shared/ti_compiler/lib/src/difftime.c
Unpacking /home/ross/shared_vm/ti_shared/ti_compiler/lib/src/wmemmove.c
Unpacking /home/ross/shared_vm/ti_shared/ti_compiler/lib/src/ll_tofsfpu32.asm
Unpacking /home/ross/shared_vm/ti_shared/ti_compiler/lib/src/wmemcpy.c
Unpacking /home/ross/shared_vm/ti_shared/ti_compiler/lib/src/s_c_locale.h
Unpacking /home/ross/shared_vm/ti_shared/ti_compiler/lib/src/gmtime64.c
Unpacking /home/ross/shared_vm/ti_shared/ti_compiler/lib/src/s__stdexcept_base.c
Unpacking /home/ross/shared_vm/ti_shared/ti_compiler/lib/src/strncasecmp.c
Unpacking /home/ross/shared_vm/ti_shared/ti_compiler/lib/src/cstring
Unpacking /home/ross/shared_vm/ti_shared/ti_compiler/lib/src/wmemcmp.c
Unpacking /home/ross/shared_vm/ti_shared/ti_compiler/lib/src/s__collate.h
Unpacking /home/ross/shared_vm/ti_shared/ti_compiler/lib/src/type_traits
Unpacking /home/ross/shared_vm/ti_shared/ti_compiler/lib/src/stack
Unpacking /home/ross/shared_vm/ti_shared/ti_compiler/lib/src/wctype.c
Unpacking /home/ross/shared_vm/ti_shared/ti_compiler/lib/src/dll_main.cpp
Unpacking /home/ross/shared_vm/ti_shared/ti_compiler/lib/src/complex.h
Unpacking /home/ross/shared_vm/ti_shared/ti_compiler/lib/src/setvbuf.c
Unpacking /home/ross/shared_vm/ti_shared/ti_compiler/lib/src/rindex.c
Unpacking /home/ross/shared_vm/ti_shared/ti_compiler/lib/src/setjmpfpu32.asm
Unpacking /home/ross/shared_vm/ti_shared/ti_compiler/lib/src/fd_div28.asm
Unpacking /home/ross/shared_vm/ti_shared/ti_compiler/lib/src/locale_catalog.cpp
Unpacking /home/ross/shared_vm/ti_shared/ti_compiler/lib/src/s_ctanhf.c
Unpacking /home/ross/shared_vm/ti_shared/ti_compiler/lib/src/clocale
Unpacking /home/ross/shared_vm/ti_shared/ti_compiler/lib/src/monetary.cpp
Unpacking /home/ross/shared_vm/ti_shared/ti_compiler/lib/src/l_tofd28.asm
Unpacking /home/ross/shared_vm/ti_shared/ti_compiler/lib/src/mathimpl.h
Unpacking /home/ross/shared_vm/ti_shared/ti_compiler/lib/src/memmov.c
Unpacking /home/ross/shared_vm/ti_shared/ti_compiler/lib/src/strstr.c
Unpacking /home/ross/shared_vm/ti_shared/ti_compiler/lib/src/fd_tou28.asm
Unpacking /home/ross/shared_vm/ti_shared/ti_compiler/lib/src/e_log2.c
Unpacking /home/ross/shared_vm/ti_shared/ti_compiler/lib/src/s_lrintl.c
Unpacking /home/ross/shared_vm/ti_shared/ti_compiler/lib/src/s_nearbyint.c
Unpacking /home/ross/shared_vm/ti_shared/ti_compiler/lib/src/rtti.h
Unpacking /home/ross/shared_vm/ti_shared/ti_compiler/lib/src/s__bvector.h
Unpacking /home/ross/shared_vm/ti_shared/ti_compiler/lib/src/s__range_errors.h
Unpacking /home/ross/shared_vm/ti_shared/ti_compiler/lib/src/queue
Unpacking /home/ross/shared_vm/ti_shared/ti_compiler/lib/src/e_pow.c
Unpacking /home/ross/shared_vm/ti_shared/ti_compiler/lib/src/s__istream.h
Unpacking /home/ross/shared_vm/ti_shared/ti_compiler/lib/src/s__mbstate_t.h
Unpacking /home/ross/shared_vm/ti_shared/ti_compiler/lib/src/s_erff.c
Unpacking /home/ross/shared_vm/ti_shared/ti_compiler/lib/src/s_conj.c
Unpacking /home/ross/shared_vm/ti_shared/ti_compiler/lib/src/ios
Unpacking /home/ross/shared_vm/ti_shared/ti_compiler/lib/src/ostream.cpp
Unpacking /home/ross/shared_vm/ti_shared/ti_compiler/lib/src/newhandler.cpp
Unpacking /home/ross/shared_vm/ti_shared/ti_compiler/lib/src/s__string.h
Unpacking /home/ross/shared_vm/ti_shared/ti_compiler/lib/src/s__stack.h
Unpacking /home/ross/shared_vm/ti_shared/ti_compiler/lib/src/dtor_list.h
Unpacking /home/ross/shared_vm/ti_shared/ti_compiler/lib/src/stdio_streambuf.h
Unpacking /home/ross/shared_vm/ti_shared/ti_compiler/lib/src/k_logf.h
Unpacking /home/ross/shared_vm/ti_shared/ti_compiler/lib/src/unordered_set
Unpacking /home/ross/shared_vm/ti_shared/ti_compiler/lib/src/s_tanhf.c
Unpacking /home/ross/shared_vm/ti_shared/ti_compiler/lib/src/_bufread.c
Unpacking /home/ross/shared_vm/ti_shared/ti_compiler/lib/src/iterator
Unpacking /home/ross/shared_vm/ti_shared/ti_compiler/lib/src/boot_hooks.h
Unpacking /home/ross/shared_vm/ti_shared/ti_compiler/lib/src/memset.c
Unpacking /home/ross/shared_vm/ti_shared/ti_compiler/lib/src/s__num_put.h
Unpacking /home/ross/shared_vm/ti_shared/ti_compiler/lib/src/s_ilogbf.c
Unpacking /home/ross/shared_vm/ti_shared/ti_compiler/lib/src/s__slist_base.c
Unpacking /home/ross/shared_vm/ti_shared/ti_compiler/lib/src/lock_free_slist.h
Unpacking /home/ross/shared_vm/ti_shared/ti_compiler/lib/src/s__typeinfo.h
Unpacking /home/ross/shared_vm/ti_shared/ti_compiler/lib/src/istream
Unpacking /home/ross/shared_vm/ti_shared/ti_compiler/lib/src/s_atan.c
Unpacking /home/ross/shared_vm/ti_shared/ti_compiler/lib/src/strlen.c
Unpacking /home/ross/shared_vm/ti_shared/ti_compiler/lib/src/s_c__prolog.h
Unpacking /home/ross/shared_vm/ti_shared/ti_compiler/lib/src/locale.cpp
Unpacking /home/ross/shared_vm/ti_shared/ti_compiler/lib/src/assert.c
Unpacking /home/ross/shared_vm/ti_shared/ti_compiler/lib/src/wmemchr.c
Unpacking /home/ross/shared_vm/ti_shared/ti_compiler/lib/src/s__ios.h
Unpacking /home/ross/shared_vm/ti_shared/ti_compiler/lib/src/e_new
Unpacking /home/ross/shared_vm/ti_shared/ti_compiler/lib/src/s_sin.c
Unpacking /home/ross/shared_vm/ti_shared/ti_compiler/lib/src/setbuf.c
Unpacking /home/ross/shared_vm/ti_shared/ti_compiler/lib/src/stdexcept
Unpacking /home/ross/shared_vm/ti_shared/ti_compiler/lib/src/s__string_operators.h
Unpacking /home/ross/shared_vm/ti_shared/ti_compiler/lib/src/strstream.cpp
Unpacking /home/ross/shared_vm/ti_shared/ti_compiler/lib/src/copy_zero_init.c
Unpacking /home/ross/shared_vm/ti_shared/ti_compiler/lib/src/s_tan.c
Unpacking /home/ross/shared_vm/ti_shared/ti_compiler/lib/src/signal.c
Unpacking /home/ross/shared_vm/ti_shared/ti_compiler/lib/src/outprof.c
Unpacking /home/ross/shared_vm/ti_shared/ti_compiler/lib/src/pprof_cio.c
Unpacking /home/ross/shared_vm/ti_shared/ti_compiler/lib/src/s__csignal.h
Unpacking /home/ross/shared_vm/ti_shared/ti_compiler/lib/src/newnothrow.cpp
Unpacking /home/ross/shared_vm/ti_shared/ti_compiler/lib/src/strcpy.c
Unpacking /home/ross/shared_vm/ti_shared/ti_compiler/lib/src/s_logbf.c
Unpacking /home/ross/shared_vm/ti_shared/ti_compiler/lib/src/s__deque.c
Unpacking /home/ross/shared_vm/ti_shared/ti_compiler/lib/src/error.cpp
Unpacking /home/ross/shared_vm/ti_shared/ti_compiler/lib/src/e_fmodf.c
Unpacking /home/ross/shared_vm/ti_shared/ti_compiler/lib/src/ll_tofs28.asm
Unpacking /home/ross/shared_vm/ti_shared/ti_compiler/lib/src/fs_div28.asm
Unpacking /home/ross/shared_vm/ti_shared/ti_compiler/lib/src/c_locale.cpp
Unpacking /home/ross/shared_vm/ti_shared/ti_compiler/lib/src/array_pdel.cpp
Unpacking /home/ross/shared_vm/ti_shared/ti_compiler/lib/src/defs.c
Unpacking /home/ross/shared_vm/ti_shared/ti_compiler/lib/src/s__num_get.c
Unpacking /home/ross/shared_vm/ti_shared/ti_compiler/lib/src/s__limits.c
Unpacking /home/ross/shared_vm/ti_shared/ti_compiler/lib/src/s__cstdarg.h
Unpacking /home/ross/shared_vm/ti_shared/ti_compiler/lib/src/s__numeric.h
Unpacking /home/ross/shared_vm/ti_shared/ti_compiler/lib/src/ctime_.c
Unpacking /home/ross/shared_vm/ti_shared/ti_compiler/lib/src/e_expf.c
Unpacking /home/ross/shared_vm/ti_shared/ti_compiler/lib/src/mktime64.c
Unpacking /home/ross/shared_vm/ti_shared/ti_compiler/lib/src/s__string_sum.h
Unpacking /home/ross/shared_vm/ti_shared/ti_compiler/lib/src/strncmp.c
Unpacking /home/ross/shared_vm/ti_shared/ti_compiler/lib/src/bitset.cpp
Unpacking /home/ross/shared_vm/ti_shared/ti_compiler/lib/src/fs_toull28.asm
Unpacking /home/ross/shared_vm/ti_shared/ti_compiler/lib/src/lowlev.c
Unpacking /home/ross/shared_vm/ti_shared/ti_compiler/lib/src/s__carray.h
Unpacking /home/ross/shared_vm/ti_shared/ti_compiler/lib/src/set_new.cpp
Unpacking /home/ross/shared_vm/ti_shared/ti_compiler/lib/src/fs_tofd28.asm
Unpacking /home/ross/shared_vm/ti_shared/ti_compiler/lib/src/s__new.h
Unpacking /home/ross/shared_vm/ti_shared/ti_compiler/lib/src/s__function_base.h
Unpacking /home/ross/shared_vm/ti_shared/ti_compiler/lib/src/cpy_tbl.h
Unpacking /home/ross/shared_vm/ti_shared/ti_compiler/lib/src/IQxmpy28.asm
Unpacking /home/ross/shared_vm/ti_shared/ti_compiler/lib/src/s_csinh.c
Unpacking /home/ross/shared_vm/ti_shared/ti_compiler/lib/src/s__slist.h
Unpacking /home/ross/shared_vm/ti_shared/ti_compiler/lib/src/s_floorf.c
Unpacking /home/ross/shared_vm/ti_shared/ti_compiler/lib/src/fs_toul28.asm
Unpacking /home/ross/shared_vm/ti_shared/ti_compiler/lib/src/vsprintf.c
Unpacking /home/ross/shared_vm/ti_shared/ti_compiler/lib/src/s__istream.c
Unpacking /home/ross/shared_vm/ti_shared/ti_compiler/lib/src/e_sinh.c
Unpacking /home/ross/shared_vm/ti_shared/ti_compiler/lib/src/assert.h
Unpacking /home/ross/shared_vm/ti_shared/ti_compiler/lib/src/s_cexpf.c
Unpacking /home/ross/shared_vm/ti_shared/ti_compiler/lib/src/s__string_io.h
Unpacking /home/ross/shared_vm/ti_shared/ti_compiler/lib/src/abstract28.asm
Unpacking /home/ross/shared_vm/ti_shared/ti_compiler/lib/src/ti_nan.c
Unpacking /home/ross/shared_vm/ti_shared/ti_compiler/lib/src/fd_toi28.asm
Unpacking /home/ross/shared_vm/ti_shared/ti_compiler/lib/src/csetjmp
Unpacking /home/ross/shared_vm/ti_shared/ti_compiler/lib/src/iso646.h
Unpacking /home/ross/shared_vm/ti_shared/ti_compiler/lib/src/s__hash_set.h
Unpacking /home/ross/shared_vm/ti_shared/ti_compiler/lib/src/strspn.c
Unpacking /home/ross/shared_vm/ti_shared/ti_compiler/lib/src/s_nextafterf.c
Unpacking /home/ross/shared_vm/ti_shared/ti_compiler/lib/src/k_exp.c
Unpacking /home/ross/shared_vm/ti_shared/ti_compiler/lib/src/s__cprolog.h
Unpacking /home/ross/shared_vm/ti_shared/ti_compiler/lib/src/num_get.cpp
Unpacking /home/ross/shared_vm/ti_shared/ti_compiler/lib/src/c_locale_dummy.c
Unpacking /home/ross/shared_vm/ti_shared/ti_compiler/lib/src/IQ28.asm
Unpacking /home/ross/shared_vm/ti_shared/ti_compiler/lib/src/s_rint.c
Unpacking /home/ross/shared_vm/ti_shared/ti_compiler/lib/src/ferror.c
Unpacking /home/ross/shared_vm/ti_shared/ti_compiler/lib/src/memcmp.c
Unpacking /home/ross/shared_vm/ti_shared/ti_compiler/lib/src/numeric
Unpacking /home/ross/shared_vm/ti_shared/ti_compiler/lib/src/s__alloc.h
Unpacking /home/ross/shared_vm/ti_shared/ti_compiler/lib/src/s__ostream.h
Unpacking /home/ross/shared_vm/ti_shared/ti_compiler/lib/src/s__cstddef.h
Unpacking /home/ross/shared_vm/ti_shared/ti_compiler/lib/src/s_cargf.c
Unpacking /home/ross/shared_vm/ti_shared/ti_compiler/lib/src/num_get_float.cpp
Unpacking /home/ross/shared_vm/ti_shared/ti_compiler/lib/src/l_tofs28.asm
Unpacking /home/ross/shared_vm/ti_shared/ti_compiler/lib/src/s__sstream.c
Unpacking /home/ross/shared_vm/ti_shared/ti_compiler/lib/src/e_hypotf.c
Unpacking /home/ross/shared_vm/ti_shared/ti_compiler/lib/src/s_copysignf.c
Unpacking /home/ross/shared_vm/ti_shared/ti_compiler/lib/src/e_sqrt.c
Unpacking /home/ross/shared_vm/ti_shared/ti_compiler/lib/src/deque
Unpacking /home/ross/shared_vm/ti_shared/ti_compiler/lib/src/fs_neg28.asm
Unpacking /home/ross/shared_vm/ti_shared/ti_compiler/lib/src/s__construct.h
Unpacking /home/ross/shared_vm/ti_shared/ti_compiler/lib/src/s_asinh.c
Unpacking /home/ross/shared_vm/ti_shared/ti_compiler/lib/src/s__string_io.c
Unpacking /home/ross/shared_vm/ti_shared/ti_compiler/lib/src/rand.c
Unpacking /home/ross/shared_vm/ti_shared/ti_compiler/lib/src/strtoll.c
Unpacking /home/ross/shared_vm/ti_shared/ti_compiler/lib/src/s_cimagl.c
Unpacking /home/ross/shared_vm/ti_shared/ti_compiler/lib/src/s_ceil.c
Unpacking /home/ross/shared_vm/ti_shared/ti_compiler/lib/src/s_ccoshf.c
Unpacking /home/ross/shared_vm/ti_shared/ti_compiler/lib/src/e_atan2f.c
Unpacking /home/ross/shared_vm/ti_shared/ti_compiler/lib/src/s_scalbnf.c
Unpacking /home/ross/shared_vm/ti_shared/ti_compiler/lib/src/ull_tofd28.asm
Unpacking /home/ross/shared_vm/ti_shared/ti_compiler/lib/src/s_csinhf.c
Unpacking /home/ross/shared_vm/ti_shared/ti_compiler/lib/src/fd_toul28.asm
Unpacking /home/ross/shared_vm/ti_shared/ti_compiler/lib/src/u_div28.asm
Unpacking /home/ross/shared_vm/ti_shared/ti_compiler/lib/src/atexit.c
Unpacking /home/ross/shared_vm/ti_shared/ti_compiler/lib/src/s__cwchar.h
Unpacking /home/ross/shared_vm/ti_shared/ti_compiler/lib/src/tmzone.c
Unpacking /home/ross/shared_vm/ti_shared/ti_compiler/lib/src/s__monetary.c
Unpacking /home/ross/shared_vm/ti_shared/ti_compiler/lib/src/math_private.h
Unpacking /home/ross/shared_vm/ti_shared/ti_compiler/lib/src/iomanip
Unpacking /home/ross/shared_vm/ti_shared/ti_compiler/lib/src/e_exception
Unpacking /home/ross/shared_vm/ti_shared/ti_compiler/lib/src/s__range_errors.c
Unpacking /home/ross/shared_vm/ti_shared/ti_compiler/lib/src/s__string.c
Unpacking /home/ross/shared_vm/ti_shared/ti_compiler/lib/src/s__algobase.c
Unpacking /home/ross/shared_vm/ti_shared/ti_compiler/lib/src/s__csetjmp.h
Unpacking /home/ross/shared_vm/ti_shared/ti_compiler/lib/src/clock.c
Unpacking /home/ross/shared_vm/ti_shared/ti_compiler/lib/src/_io_perm.c
Unpacking /home/ross/shared_vm/ti_shared/ti_compiler/lib/src/isascii.c
Unpacking /home/ross/shared_vm/ti_shared/ti_compiler/lib/src/s__vector.h
Unpacking /home/ross/shared_vm/ti_shared/ti_compiler/lib/src/s__pthread_alloc.h
Unpacking /home/ross/shared_vm/ti_shared/ti_compiler/lib/src/cstddef
Unpacking /home/ross/shared_vm/ti_shared/ti_compiler/lib/src/trgdrv.c
Unpacking /home/ross/shared_vm/ti_shared/ti_compiler/lib/src/e_log2f.c
Unpacking /home/ross/shared_vm/ti_shared/ti_compiler/lib/src/b_log.c
Unpacking /home/ross/shared_vm/ti_shared/ti_compiler/lib/src/e_remainderf.c
Unpacking /home/ross/shared_vm/ti_shared/ti_compiler/lib/src/s__cstdlib.h
Unpacking /home/ross/shared_vm/ti_shared/ti_compiler/lib/src/_isfuncdcl.h
Unpacking /home/ross/shared_vm/ti_shared/ti_compiler/lib/src/s__ptrs_specialize.h
Unpacking /home/ross/shared_vm/ti_shared/ti_compiler/lib/src/locale_impl.h
Unpacking /home/ross/shared_vm/ti_shared/ti_compiler/lib/src/e_fmod.c
Unpacking /home/ross/shared_vm/ti_shared/ti_compiler/lib/src/ios.cpp
Unpacking /home/ross/shared_vm/ti_shared/ti_compiler/lib/src/crc_defines.h
Unpacking /home/ross/shared_vm/ti_shared/ti_compiler/lib/src/fgetc.c
Unpacking /home/ross/shared_vm/ti_shared/ti_compiler/lib/src/_reg_synch_api.h
Unpacking /home/ross/shared_vm/ti_shared/ti_compiler/lib/src/s__algobase.h
Unpacking /home/ross/shared_vm/ti_shared/ti_compiler/lib/src/list
Unpacking /home/ross/shared_vm/ti_shared/ti_compiler/lib/src/i_div28.asm
Unpacking /home/ross/shared_vm/ti_shared/ti_compiler/lib/src/e_asinf.c
Unpacking /home/ross/shared_vm/ti_shared/ti_compiler/lib/src/cassert
Unpacking /home/ross/shared_vm/ti_shared/ti_compiler/lib/src/e_logf.c
Unpacking /home/ross/shared_vm/ti_shared/ti_compiler/lib/src/e_lgammaf_r.c
Unpacking /home/ross/shared_vm/ti_shared/ti_compiler/lib/src/memory.c
Unpacking /home/ross/shared_vm/ti_shared/ti_compiler/lib/src/s_type_traits.h
Unpacking /home/ross/shared_vm/ti_shared/ti_compiler/lib/src/s__complex.h
Unpacking /home/ross/shared_vm/ti_shared/ti_compiler/lib/src/valarray
Unpacking /home/ross/shared_vm/ti_shared/ti_compiler/lib/src/s__locale.h
Unpacking /home/ross/shared_vm/ti_shared/ti_compiler/lib/src/i_tofs28.asm
Unpacking /home/ross/shared_vm/ti_shared/ti_compiler/lib/src/stdint.h
Unpacking /home/ross/shared_vm/ti_shared/ti_compiler/lib/src/vec_newdel.cpp
Unpacking /home/ross/shared_vm/ti_shared/ti_compiler/lib/src/array_pnew.cpp
Unpacking /home/ross/shared_vm/ti_shared/ti_compiler/lib/src/istream.cpp
Unpacking /home/ross/shared_vm/ti_shared/ti_compiler/lib/src/s_cargl.c
Unpacking /home/ross/shared_vm/ti_shared/ti_compiler/lib/src/s_cpow.c
Unpacking /home/ross/shared_vm/ti_shared/ti_compiler/lib/src/s_sinf.c
Unpacking /home/ross/shared_vm/ti_shared/ti_compiler/lib/src/s_tanf.c
Unpacking /home/ross/shared_vm/ti_shared/ti_compiler/lib/src/s_floor.c
Unpacking /home/ross/shared_vm/ti_shared/ti_compiler/lib/src/decode.c
Unpacking /home/ross/shared_vm/ti_shared/ti_compiler/lib/src/s__vector.c
Unpacking /home/ross/shared_vm/ti_shared/ti_compiler/lib/src/crc_tbl.h
Unpacking /home/ross/shared_vm/ti_shared/ti_compiler/lib/src/e_lgamma.c
Unpacking /home/ross/shared_vm/ti_shared/ti_compiler/lib/src/vars.cpp
Unpacking /home/ross/shared_vm/ti_shared/ti_compiler/lib/src/s_conjl.c
Unpacking /home/ross/shared_vm/ti_shared/ti_compiler/lib/src/isalpha.c
Unpacking /home/ross/shared_vm/ti_shared/ti_compiler/lib/src/collate.cpp
Unpacking /home/ross/shared_vm/ti_shared/ti_compiler/lib/src/ti_fmax.c
Unpacking /home/ross/shared_vm/ti_shared/ti_compiler/lib/src/s__iomanip.h
Unpacking /home/ross/shared_vm/ti_shared/ti_compiler/lib/src/isdigit.c
Unpacking /home/ross/shared_vm/ti_shared/ti_compiler/lib/src/ascii.c
Unpacking /home/ross/shared_vm/ti_shared/ti_compiler/lib/src/fs_toi28.asm
Unpacking /home/ross/shared_vm/ti_shared/ti_compiler/lib/src/s__streambuf.c
Unpacking /home/ross/shared_vm/ti_shared/ti_compiler/lib/src/s__bitset.c
Unpacking /home/ross/shared_vm/ti_shared/ti_compiler/lib/src/fs_tofdfpu32.asm
Unpacking /home/ross/shared_vm/ti_shared/ti_compiler/lib/src/s__tempbuf.h
Unpacking /home/ross/shared_vm/ti_shared/ti_compiler/lib/src/epilog28.asm
Unpacking /home/ross/shared_vm/ti_shared/ti_compiler/lib/src/s__facets_fwd.h
Unpacking /home/ross/shared_vm/ti_shared/ti_compiler/lib/src/s_cprojf.c
Unpacking /home/ross/shared_vm/ti_shared/ti_compiler/lib/src/clearerr.c
Unpacking /home/ross/shared_vm/ti_shared/ti_compiler/lib/src/c2000asm.inc
Unpacking /home/ross/shared_vm/ti_shared/ti_compiler/lib/src/asctime.c
Unpacking /home/ross/shared_vm/ti_shared/ti_compiler/lib/src/s_cos.c
Unpacking /home/ross/shared_vm/ti_shared/ti_compiler/lib/src/fcvt.c
Unpacking /home/ross/shared_vm/ti_shared/ti_compiler/lib/src/setlocale.c
Unpacking /home/ross/shared_vm/ti_shared/ti_compiler/lib/src/fd_tofs28.asm
Unpacking /home/ross/shared_vm/ti_shared/ti_compiler/lib/src/s__cstring.h
Unpacking /home/ross/shared_vm/ti_shared/ti_compiler/lib/src/e_acosh.c
Unpacking /home/ross/shared_vm/ti_shared/ti_compiler/lib/src/fs_tol28.asm
Unpacking /home/ross/shared_vm/ti_shared/ti_compiler/lib/src/string
Unpacking /home/ross/shared_vm/ti_shared/ti_compiler/lib/src/s__messages_facets.h
Unpacking /home/ross/shared_vm/ti_shared/ti_compiler/lib/src/throw_edg.cpp
Unpacking /home/ross/shared_vm/ti_shared/ti_compiler/lib/src/c_locale.h
Unpacking /home/ross/shared_vm/ti_shared/ti_compiler/lib/src/s__ioserr.h
Unpacking /home/ross/shared_vm/ti_shared/ti_compiler/lib/src/_printfi_min.c
Unpacking /home/ross/shared_vm/ti_shared/ti_compiler/lib/src/s__ctype.h
Unpacking /home/ross/shared_vm/ti_shared/ti_compiler/lib/src/vprintf.c
Unpacking /home/ross/shared_vm/ti_shared/ti_compiler/lib/src/memzero.h
Unpacking /home/ross/shared_vm/ti_shared/ti_compiler/lib/src/s__prolog.h
Unpacking /home/ross/shared_vm/ti_shared/ti_compiler/lib/src/atoll.c
Unpacking /home/ross/shared_vm/ti_shared/ti_compiler/lib/src/functional
Unpacking /home/ross/shared_vm/ti_shared/ti_compiler/lib/src/s__relops_cont.h
Unpacking /home/ross/shared_vm/ti_shared/ti_compiler/lib/src/new_.cpp
Unpacking /home/ross/shared_vm/ti_shared/ti_compiler/lib/src/_tls.h
Unpacking /home/ross/shared_vm/ti_shared/ti_compiler/lib/src/s__tree.h
Unpacking /home/ross/shared_vm/ti_shared/ti_compiler/lib/src/exception_.cpp
Unpacking /home/ross/shared_vm/ti_shared/ti_compiler/lib/src/_printfi.c
Unpacking /home/ross/shared_vm/ti_shared/ti_compiler/lib/src/_tvaltostr.c
Unpacking /home/ross/shared_vm/ti_shared/ti_compiler/lib/src/string.cpp
Unpacking /home/ross/shared_vm/ti_shared/ti_compiler/lib/src/_lock.h
Unpacking /home/ross/shared_vm/ti_shared/ti_compiler/lib/src/s__stream_iterator.h
Unpacking /home/ross/shared_vm/ti_shared/ti_compiler/lib/src/s__tempbuf.c
Unpacking /home/ross/shared_vm/ti_shared/ti_compiler/lib/src/s_boost_type_traits.h
Unpacking /home/ross/shared_vm/ti_shared/ti_compiler/lib/src/stdio.h
Unpacking /home/ross/shared_vm/ti_shared/ti_compiler/lib/src/stdlibf.h
Unpacking /home/ross/shared_vm/ti_shared/ti_compiler/lib/src/catrig.c
Unpacking /home/ross/shared_vm/ti_shared/ti_compiler/lib/src/e_lgamma_r.c
Unpacking /home/ross/shared_vm/ti_shared/ti_compiler/lib/src/pure_virt.cpp
Unpacking /home/ross/shared_vm/ti_shared/ti_compiler/lib/src/k_tanf.c
Unpacking /home/ross/shared_vm/ti_shared/ti_compiler/lib/src/fd_add28.asm
Unpacking /home/ross/shared_vm/ti_shared/ti_compiler/lib/src/s_llroundl.c
Unpacking /home/ross/shared_vm/ti_shared/ti_compiler/lib/src/setjmp.h
Unpacking /home/ross/shared_vm/ti_shared/ti_compiler/lib/src/e_exp.c
Unpacking /home/ross/shared_vm/ti_shared/ti_compiler/lib/src/s__string_base.h
Unpacking /home/ross/shared_vm/ti_shared/ti_compiler/lib/src/w_cabsf.c
Unpacking /home/ross/shared_vm/ti_shared/ti_compiler/lib/src/s_round.c
Unpacking /home/ross/shared_vm/ti_shared/ti_compiler/lib/src/copy_decompress_none.c
Unpacking /home/ross/shared_vm/ti_shared/ti_compiler/lib/src/s__hash_fun.h
Unpacking /home/ross/shared_vm/ti_shared/ti_compiler/lib/src/rope
Unpacking /home/ross/shared_vm/ti_shared/ti_compiler/lib/src/s_p__tools.h
Unpacking /home/ross/shared_vm/ti_shared/ti_compiler/lib/src/complex_trig.cpp
Unpacking /home/ross/shared_vm/ti_shared/ti_compiler/lib/src/args_main.c
Unpacking /home/ross/shared_vm/ti_shared/ti_compiler/lib/src/fseek.c
Unpacking /home/ross/shared_vm/ti_shared/ti_compiler/lib/src/_ctype.cpp
Unpacking /home/ross/shared_vm/ti_shared/ti_compiler/lib/src/fd_util28.inc
Unpacking /home/ross/shared_vm/ti_shared/ti_compiler/lib/src/s__rope.c
Unpacking /home/ross/shared_vm/ti_shared/ti_compiler/lib/src/e_acos.c
Unpacking /home/ross/shared_vm/ti_shared/ti_compiler/lib/src/s_c__ti.h
Unpacking /home/ross/shared_vm/ti_shared/ti_compiler/lib/src/dtor_list.cpp
Unpacking /home/ross/shared_vm/ti_shared/ti_compiler/lib/src/s_ilogb.c
Unpacking /home/ross/shared_vm/ti_shared/ti_compiler/lib/src/s__heap.h
Unpacking /home/ross/shared_vm/ti_shared/ti_compiler/lib/src/stdarg.h
Unpacking /home/ross/shared_vm/ti_shared/ti_compiler/lib/src/message_facets.h
Unpacking /home/ross/shared_vm/ti_shared/ti_compiler/lib/src/s_remquo.c
Unpacking /home/ross/shared_vm/ti_shared/ti_compiler/lib/src/s_c_user_config.h
Unpacking /home/ross/shared_vm/ti_shared/ti_compiler/lib/src/s_ctanh.c
Unpacking /home/ross/shared_vm/ti_shared/ti_compiler/lib/src/copy_decompress_lzss.c
Unpacking /home/ross/shared_vm/ti_shared/ti_compiler/lib/src/strftime.c
Unpacking /home/ross/shared_vm/ti_shared/ti_compiler/lib/src/s_fma.c
Unpacking /home/ross/shared_vm/ti_shared/ti_compiler/lib/src/s_logb.c
Unpacking /home/ross/shared_vm/ti_shared/ti_compiler/lib/src/s__valarray.h
Unpacking /home/ross/shared_vm/ti_shared/ti_compiler/lib/src/acquire_release.h
Unpacking /home/ross/shared_vm/ti_shared/ti_compiler/lib/src/allocators.cpp
Unpacking /home/ross/shared_vm/ti_shared/ti_compiler/lib/src/k_sinf.c
Unpacking /home/ross/shared_vm/ti_shared/ti_compiler/lib/src/u_tofd28.asm
Unpacking /home/ross/shared_vm/ti_shared/ti_compiler/lib/src/autoinit.c
Unpacking /home/ross/shared_vm/ti_shared/ti_compiler/lib/src/math.h
Unpacking /home/ross/shared_vm/ti_shared/ti_compiler/lib/src/s_clogl.c
Unpacking /home/ross/shared_vm/ti_shared/ti_compiler/lib/src/config.h
Unpacking /home/ross/shared_vm/ti_shared/ti_compiler/lib/src/_fmt_specifier.h
Unpacking /home/ross/shared_vm/ti_shared/ti_compiler/lib/src/abs.c
Unpacking /home/ross/shared_vm/ti_shared/ti_compiler/lib/src/s_p__slist.h
Unpacking /home/ross/shared_vm/ti_shared/ti_compiler/lib/src/cla_divi.cla
Unpacking /home/ross/shared_vm/ti_shared/ti_compiler/lib/src/s__hash_map.h
Unpacking /home/ross/shared_vm/ti_shared/ti_compiler/lib/src/_reg_mutex_api.h
Unpacking /home/ross/shared_vm/ti_shared/ti_compiler/lib/src/fd_tofsfpu32.asm
Unpacking /home/ross/shared_vm/ti_shared/ti_compiler/lib/src/s__queue.h
Unpacking /home/ross/shared_vm/ti_shared/ti_compiler/lib/src/errno.h
Unpacking /home/ross/shared_vm/ti_shared/ti_compiler/lib/src/vec_newdel.h
Unpacking /home/ross/shared_vm/ti_shared/ti_compiler/lib/src/rewind.c
Unpacking /home/ross/shared_vm/ti_shared/ti_compiler/lib/src/unified_locale.cpp
Unpacking /home/ross/shared_vm/ti_shared/ti_compiler/lib/src/strtof.c
Unpacking /home/ross/shared_vm/ti_shared/ti_compiler/lib/src/qsort.c
Unpacking /home/ross/shared_vm/ti_shared/ti_compiler/lib/src/s_clogf.c
Unpacking /home/ross/shared_vm/ti_shared/ti_compiler/lib/src/_data_synch.h
Unpacking /home/ross/shared_vm/ti_shared/ti_compiler/lib/src/ctype.c
Unpacking /home/ross/shared_vm/ti_shared/ti_compiler/lib/src/limits
Unpacking /home/ross/shared_vm/ti_shared/ti_compiler/lib/src/getenv.c
Unpacking /home/ross/shared_vm/ti_shared/ti_compiler/lib/src/s_ceilf.c
Unpacking /home/ross/shared_vm/ti_shared/ti_compiler/lib/src/s__algo.c
Unpacking /home/ross/shared_vm/ti_shared/ti_compiler/lib/src/s_nextafter.c
Unpacking /home/ross/shared_vm/ti_shared/ti_compiler/lib/src/wcsncpy.c
Unpacking /home/ross/shared_vm/ti_shared/ti_compiler/lib/src/sstream
Unpacking /home/ross/shared_vm/ti_shared/ti_compiler/lib/src/eh_util.cpp
Unpacking /home/ross/shared_vm/ti_shared/ti_compiler/lib/src/remove.c
Unpacking /home/ross/shared_vm/ti_shared/ti_compiler/lib/src/locale.h
Unpacking /home/ross/shared_vm/ti_shared/ti_compiler/lib/src/array_nonew.cpp
Unpacking /home/ross/shared_vm/ti_shared/ti_compiler/lib/src/s_fdim.c
Unpacking /home/ross/shared_vm/ti_shared/ti_compiler/lib/src/imaxdiv.c
Unpacking /home/ross/shared_vm/ti_shared/ti_compiler/lib/src/locale_impl.cpp
Unpacking /home/ross/shared_vm/ti_shared/ti_compiler/lib/src/s_p__deque.h
Unpacking /home/ross/shared_vm/ti_shared/ti_compiler/lib/src/ctime64.c
Unpacking /home/ross/shared_vm/ti_shared/ti_compiler/lib/src/s__list.c
Unpacking /home/ross/shared_vm/ti_shared/ti_compiler/lib/src/imaxabs.c
Unpacking /home/ross/shared_vm/ti_shared/ti_compiler/lib/src/fd_toll28.asm
Unpacking /home/ross/shared_vm/ti_shared/ti_compiler/lib/src/k_rem_pio2.c
Unpacking /home/ross/shared_vm/ti_shared/ti_compiler/lib/src/s__set.h
Unpacking /home/ross/shared_vm/ti_shared/ti_compiler/lib/src/fs_mpy28.asm
Unpacking /home/ross/shared_vm/ti_shared/ti_compiler/lib/src/s_cbrt.c
Unpacking /home/ross/shared_vm/ti_shared/ti_compiler/lib/src/_printfi_nf.c
Unpacking /home/ross/shared_vm/ti_shared/ti_compiler/lib/src/cpp_inline_math.h
Unpacking /home/ross/shared_vm/ti_shared/ti_compiler/lib/src/s_type_manips.h
Unpacking /home/ross/shared_vm/ti_shared/ti_compiler/lib/src/strtoul.c
Unpacking /home/ross/shared_vm/ti_shared/ti_compiler/lib/src/autoinit.h
Unpacking /home/ross/shared_vm/ti_shared/ti_compiler/lib/src/isprint.c
Unpacking /home/ross/shared_vm/ti_shared/ti_compiler/lib/src/div.c
Unpacking /home/ross/shared_vm/ti_shared/ti_compiler/lib/src/s__clocale.h
Unpacking /home/ross/shared_vm/ti_shared/ti_compiler/lib/src/s__ostreambuf_iterator.h
Unpacking /home/ross/shared_vm/ti_shared/ti_compiler/lib/src/strstream
Unpacking /home/ross/shared_vm/ti_shared/ti_compiler/lib/src/k_cosf.c
Unpacking /home/ross/shared_vm/ti_shared/ti_compiler/lib/src/iscntrl.c
Unpacking /home/ross/shared_vm/ti_shared/ti_compiler/lib/src/sstream.cpp
Unpacking /home/ross/shared_vm/ti_shared/ti_compiler/lib/src/strcasecmp.c
Unpacking /home/ross/shared_vm/ti_shared/ti_compiler/lib/src/vec_cctor.cpp
Unpacking /home/ross/shared_vm/ti_shared/ti_compiler/lib/src/s_exp2.c
Unpacking /home/ross/shared_vm/ti_shared/ti_compiler/lib/src/s__iostream_string.h
Unpacking /home/ross/shared_vm/ti_shared/ti_compiler/lib/src/strpbrk.c
Unpacking /home/ross/shared_vm/ti_shared/ti_compiler/lib/src/_scanfi_min.c
Unpacking /home/ross/shared_vm/ti_shared/ti_compiler/lib/src/num_put_float.cpp
Unpacking /home/ross/shared_vm/ti_shared/ti_compiler/lib/src/_mutex.h
Unpacking /home/ross/shared_vm/ti_shared/ti_compiler/lib/src/s__time_facets.c
Unpacking /home/ross/shared_vm/ti_shared/ti_compiler/lib/src/s_c__epilog.h
Unpacking /home/ross/shared_vm/ti_shared/ti_compiler/lib/src/e_sinhf.c
Unpacking /home/ross/shared_vm/ti_shared/ti_compiler/lib/src/vsnprintf.c
Unpacking /home/ross/shared_vm/ti_shared/ti_compiler/lib/src/s__istreambuf_iterator.h
Unpacking /home/ross/shared_vm/ti_shared/ti_compiler/lib/src/tmpfile.c
Unpacking /home/ross/shared_vm/ti_shared/ti_compiler/lib/src/s_tanh.c
Unpacking /home/ross/shared_vm/ti_shared/ti_compiler/lib/src/s__auto_ptr.h
Unpacking /home/ross/shared_vm/ti_shared/ti_compiler/lib/src/k_expf.c
Unpacking /home/ross/shared_vm/ti_shared/ti_compiler/lib/src/s_c__system.h
Unpacking /home/ross/shared_vm/ti_shared/ti_compiler/lib/src/cctype
Unpacking /home/ross/shared_vm/ti_shared/ti_compiler/lib/src/array_nodel.cpp
Unpacking /home/ross/shared_vm/ti_shared/ti_compiler/lib/src/e_powf.c
Unpacking /home/ross/shared_vm/ti_shared/ti_compiler/lib/src/s__ostream.c
Unpacking /home/ross/shared_vm/ti_shared/ti_compiler/lib/src/s_p__vector.h
Unpacking /home/ross/shared_vm/ti_shared/ti_compiler/lib/src/vfprintf.c
Unpacking /home/ross/shared_vm/ti_shared/ti_compiler/lib/src/abi_prefix.h
Unpacking /home/ross/shared_vm/ti_shared/ti_compiler/lib/src/s__numeric.c
Unpacking /home/ross/shared_vm/ti_shared/ti_compiler/lib/src/s_scalbln.c
Unpacking /home/ross/shared_vm/ti_shared/ti_compiler/lib/src/s_rintf.c
Unpacking /home/ross/shared_vm/ti_shared/ti_compiler/lib/src/ostream
Unpacking /home/ross/shared_vm/ti_shared/ti_compiler/lib/src/.wipe
Unpacking /home/ross/shared_vm/ti_shared/ti_compiler/include/streambuf
Unpacking /home/ross/shared_vm/ti_shared/ti_compiler/include/s__alloc.c
Unpacking /home/ross/shared_vm/ti_shared/ti_compiler/include/complex
Unpacking /home/ross/shared_vm/ti_shared/ti_compiler/include/s_p__set.h
Unpacking /home/ross/shared_vm/ti_shared/ti_compiler/include/locale
Unpacking /home/ross/shared_vm/ti_shared/ti_compiler/include/s__rope.h
Unpacking /home/ross/shared_vm/ti_shared/ti_compiler/include/vector
Unpacking /home/ross/shared_vm/ti_shared/ti_compiler/include/tgmath.h
Unpacking /home/ross/shared_vm/ti_shared/ti_compiler/include/s__monetary.h
Unpacking /home/ross/shared_vm/ti_shared/ti_compiler/include/s__ios.c
Unpacking /home/ross/shared_vm/ti_shared/ti_compiler/include/s__relops_hash_cont.h
Unpacking /home/ross/shared_vm/ti_shared/ti_compiler/include/s__complex.c
Unpacking /home/ross/shared_vm/ti_shared/ti_compiler/include/unordered_map
Unpacking /home/ross/shared_vm/ti_shared/ti_compiler/include/typeinfo
Unpacking /home/ross/shared_vm/ti_shared/ti_compiler/include/cfloat
Unpacking /home/ross/shared_vm/ti_shared/ti_compiler/include/s__streambuf.h
Unpacking /home/ross/shared_vm/ti_shared/ti_compiler/include/s__fstream.c
Unpacking /home/ross/shared_vm/ti_shared/ti_compiler/include/s__pair.h
Unpacking /home/ross/shared_vm/ti_shared/ti_compiler/include/s_c_host.h
Unpacking /home/ross/shared_vm/ti_shared/ti_compiler/include/s__hashtable.h
Unpacking /home/ross/shared_vm/ti_shared/ti_compiler/include/s__string_hash.h
Unpacking /home/ross/shared_vm/ti_shared/ti_compiler/include/slist
Unpacking /home/ross/shared_vm/ti_shared/ti_compiler/include/pthread_alloc
Unpacking /home/ross/shared_vm/ti_shared/ti_compiler/include/s_d__debug.h
Unpacking /home/ross/shared_vm/ti_shared/ti_compiler/include/fenv-softfloat.h
Unpacking /home/ross/shared_vm/ti_shared/ti_compiler/include/s__config_compat_post.h
Unpacking /home/ross/shared_vm/ti_shared/ti_compiler/include/fstream
Unpacking /home/ross/shared_vm/ti_shared/ti_compiler/include/new
Unpacking /home/ross/shared_vm/ti_shared/ti_compiler/include/s__list.h
Unpacking /home/ross/shared_vm/ti_shared/ti_compiler/include/s__stdexcept_base.h
Unpacking /home/ross/shared_vm/ti_shared/ti_compiler/include/s_c_features.h
Unpacking /home/ross/shared_vm/ti_shared/ti_compiler/include/s__string_sum_methods.h
Unpacking /home/ross/shared_vm/ti_shared/ti_compiler/include/file.h
Unpacking /home/ross/shared_vm/ti_shared/ti_compiler/include/cstdio
Unpacking /home/ross/shared_vm/ti_shared/ti_compiler/include/_defs.h
Unpacking /home/ross/shared_vm/ti_shared/ti_compiler/include/ciso646
Unpacking /home/ross/shared_vm/ti_shared/ti_compiler/include/_isfuncdef.h
Unpacking /home/ross/shared_vm/ti_shared/ti_compiler/include/s__exception.h
Unpacking /home/ross/shared_vm/ti_shared/ti_compiler/include/s__string_npos.h
Unpacking /home/ross/shared_vm/ti_shared/ti_compiler/include/s__ios_base.h
Unpacking /home/ross/shared_vm/ti_shared/ti_compiler/include/s__stdexcept.h
Unpacking /home/ross/shared_vm/ti_shared/ti_compiler/include/stdbool.h
Unpacking /home/ross/shared_vm/ti_shared/ti_compiler/include/s__iterator.h
Unpacking /home/ross/shared_vm/ti_shared/ti_compiler/include/s__threads.h
Unpacking /home/ross/shared_vm/ti_shared/ti_compiler/include/s__unordered_set.h
Unpacking /home/ross/shared_vm/ti_shared/ti_compiler/include/s__slist_base.h
Unpacking /home/ross/shared_vm/ti_shared/ti_compiler/include/s__raw_storage_iter.h
Unpacking /home/ross/shared_vm/ti_shared/ti_compiler/include/map
Unpacking /home/ross/shared_vm/ti_shared/ti_compiler/include/iostream
Unpacking /home/ross/shared_vm/ti_shared/ti_compiler/include/s__iosfwd.h
Unpacking /home/ross/shared_vm/ti_shared/ti_compiler/include/s__function_adaptors.h
Unpacking /home/ross/shared_vm/ti_shared/ti_compiler/include/s__strstream.h
Unpacking /home/ross/shared_vm/ti_shared/ti_compiler/include/s__ctime.h
Unpacking /home/ross/shared_vm/ti_shared/ti_compiler/include/fenv.h
Unpacking /home/ross/shared_vm/ti_shared/ti_compiler/include/s__tree.c
Unpacking /home/ross/shared_vm/ti_shared/ti_compiler/include/s__cwctype.h
Unpacking /home/ross/shared_vm/ti_shared/ti_compiler/include/s__cmath.h
Unpacking /home/ross/shared_vm/ti_shared/ti_compiler/include/stddef.h
Unpacking /home/ross/shared_vm/ti_shared/ti_compiler/include/wchar.h
Unpacking /home/ross/shared_vm/ti_shared/ti_compiler/include/s__hashtable.c
Unpacking /home/ross/shared_vm/ti_shared/ti_compiler/include/cerrno
Unpacking /home/ross/shared_vm/ti_shared/ti_compiler/include/s__deque.h
Unpacking /home/ross/shared_vm/ti_shared/ti_compiler/include/time.h
Unpacking /home/ross/shared_vm/ti_shared/ti_compiler/include/signal.h
Unpacking /home/ross/shared_vm/ti_shared/ti_compiler/include/s__num_get.h
Unpacking /home/ross/shared_vm/ti_shared/ti_compiler/include/float.h
Unpacking /home/ross/shared_vm/ti_shared/ti_compiler/include/s__ctraits_fns.h
Unpacking /home/ross/shared_vm/ti_shared/ti_compiler/include/algorithm
Unpacking /home/ross/shared_vm/ti_shared/ti_compiler/include/utility
Unpacking /home/ross/shared_vm/ti_shared/ti_compiler/include/exception
Unpacking /home/ross/shared_vm/ti_shared/ti_compiler/include/linkage.h
Unpacking /home/ross/shared_vm/ti_shared/ti_compiler/include/s_p__list.h
Unpacking /home/ross/shared_vm/ti_shared/ti_compiler/include/hash_map
Unpacking /home/ross/shared_vm/ti_shared/ti_compiler/include/iosfwd
Unpacking /home/ross/shared_vm/ti_shared/ti_compiler/include/s__slist.c
Unpacking /home/ross/shared_vm/ti_shared/ti_compiler/include/s_char_traits.h
Unpacking /home/ross/shared_vm/ti_shared/ti_compiler/include/s_concept_checks.h
Unpacking /home/ross/shared_vm/ti_shared/ti_compiler/include/s__map.h
Unpacking /home/ross/shared_vm/ti_shared/ti_compiler/include/pprof.h
Unpacking /home/ross/shared_vm/ti_shared/ti_compiler/include/s__cctype.h
Unpacking /home/ross/shared_vm/ti_shared/ti_compiler/include/s__iterator_base.h
Unpacking /home/ross/shared_vm/ti_shared/ti_compiler/include/s__algo.h
Unpacking /home/ross/shared_vm/ti_shared/ti_compiler/include/hash_set
Unpacking /home/ross/shared_vm/ti_shared/ti_compiler/include/string.h
Unpacking /home/ross/shared_vm/ti_shared/ti_compiler/include/s__heap.c
Unpacking /home/ross/shared_vm/ti_shared/ti_compiler/include/cwchar
Unpacking /home/ross/shared_vm/ti_shared/ti_compiler/include/s__codecvt.h
Unpacking /home/ross/shared_vm/ti_shared/ti_compiler/include/inttypes.h
Unpacking /home/ross/shared_vm/ti_shared/ti_compiler/include/strings.h
Unpacking /home/ross/shared_vm/ti_shared/ti_compiler/include/csignal
Unpacking /home/ross/shared_vm/ti_shared/ti_compiler/include/s__limits.h
Unpacking /home/ross/shared_vm/ti_shared/ti_compiler/include/s__unordered_map.h
Unpacking /home/ross/shared_vm/ti_shared/ti_compiler/include/s__numpunct.h
Unpacking /home/ross/shared_vm/ti_shared/ti_compiler/include/s__num_put.c
Unpacking /home/ross/shared_vm/ti_shared/ti_compiler/include/s_c_compat.h
Unpacking /home/ross/shared_vm/ti_shared/ti_compiler/include/cwctype
Unpacking /home/ross/shared_vm/ti_shared/ti_compiler/include/ctype.h
Unpacking /home/ross/shared_vm/ti_shared/ti_compiler/include/s__stlport_version.h
Unpacking /home/ross/shared_vm/ti_shared/ti_compiler/include/s__uninitialized.h
Unpacking /home/ross/shared_vm/ti_shared/ti_compiler/include/stdlib.h
Unpacking /home/ross/shared_vm/ti_shared/ti_compiler/include/s_c_stl_confix.h
Unpacking /home/ross/shared_vm/ti_shared/ti_compiler/include/s__move_construct_fwk.h
Unpacking /home/ross/shared_vm/ti_shared/ti_compiler/include/s__time_facets.h
Unpacking /home/ross/shared_vm/ti_shared/ti_compiler/include/e_typeinfo
Unpacking /home/ross/shared_vm/ti_shared/ti_compiler/include/climits
Unpacking /home/ross/shared_vm/ti_shared/ti_compiler/include/cstdlib
Unpacking /home/ross/shared_vm/ti_shared/ti_compiler/include/s__cstdio.h
Unpacking /home/ross/shared_vm/ti_shared/ti_compiler/include/wctype.h
Unpacking /home/ross/shared_vm/ti_shared/ti_compiler/include/set
Unpacking /home/ross/shared_vm/ti_shared/ti_compiler/include/_pthread.h
Unpacking /home/ross/shared_vm/ti_shared/ti_compiler/include/s__sstream.h
Unpacking /home/ross/shared_vm/ti_shared/ti_compiler/include/memory
Unpacking /home/ross/shared_vm/ti_shared/ti_compiler/include/bitset
Unpacking /home/ross/shared_vm/ti_shared/ti_compiler/include/limits.h
Unpacking /home/ross/shared_vm/ti_shared/ti_compiler/include/s__valarray.c
Unpacking /home/ross/shared_vm/ti_shared/ti_compiler/include/cmath
Unpacking /home/ross/shared_vm/ti_shared/ti_compiler/include/s__bitset.h
Unpacking /home/ross/shared_vm/ti_shared/ti_compiler/include/s__string_fwd.h
Unpacking /home/ross/shared_vm/ti_shared/ti_compiler/include/s__iterator_old.h
Unpacking /home/ross/shared_vm/ti_shared/ti_compiler/include/cstdarg
Unpacking /home/ross/shared_vm/ti_shared/ti_compiler/include/s__fstream.h
Unpacking /home/ross/shared_vm/ti_shared/ti_compiler/include/s__threads.c
Unpacking /home/ross/shared_vm/ti_shared/ti_compiler/include/s__function.h
Unpacking /home/ross/shared_vm/ti_shared/ti_compiler/include/ctime
Unpacking /home/ross/shared_vm/ti_shared/ti_compiler/include/s__epilog.h
Unpacking /home/ross/shared_vm/ti_shared/ti_compiler/include/s_c_locale.h
Unpacking /home/ross/shared_vm/ti_shared/ti_compiler/include/s__stdexcept_base.c
Unpacking /home/ross/shared_vm/ti_shared/ti_compiler/include/cstring
Unpacking /home/ross/shared_vm/ti_shared/ti_compiler/include/s__collate.h
Unpacking /home/ross/shared_vm/ti_shared/ti_compiler/include/type_traits
Unpacking /home/ross/shared_vm/ti_shared/ti_compiler/include/stack
Unpacking /home/ross/shared_vm/ti_shared/ti_compiler/include/complex.h
Unpacking /home/ross/shared_vm/ti_shared/ti_compiler/include/clocale
Unpacking /home/ross/shared_vm/ti_shared/ti_compiler/include/s__bvector.h
Unpacking /home/ross/shared_vm/ti_shared/ti_compiler/include/s__range_errors.h
Unpacking /home/ross/shared_vm/ti_shared/ti_compiler/include/queue
Unpacking /home/ross/shared_vm/ti_shared/ti_compiler/include/s__istream.h
Unpacking /home/ross/shared_vm/ti_shared/ti_compiler/include/s__mbstate_t.h
Unpacking /home/ross/shared_vm/ti_shared/ti_compiler/include/ios
Unpacking /home/ross/shared_vm/ti_shared/ti_compiler/include/s__string.h
Unpacking /home/ross/shared_vm/ti_shared/ti_compiler/include/s__stack.h
Unpacking /home/ross/shared_vm/ti_shared/ti_compiler/include/unordered_set
Unpacking /home/ross/shared_vm/ti_shared/ti_compiler/include/iterator
Unpacking /home/ross/shared_vm/ti_shared/ti_compiler/include/boot_hooks.h
Unpacking /home/ross/shared_vm/ti_shared/ti_compiler/include/s__num_put.h
Unpacking /home/ross/shared_vm/ti_shared/ti_compiler/include/s__slist_base.c
Unpacking /home/ross/shared_vm/ti_shared/ti_compiler/include/s__typeinfo.h
Unpacking /home/ross/shared_vm/ti_shared/ti_compiler/include/istream
Unpacking /home/ross/shared_vm/ti_shared/ti_compiler/include/s_c__prolog.h
Unpacking /home/ross/shared_vm/ti_shared/ti_compiler/include/s__ios.h
Unpacking /home/ross/shared_vm/ti_shared/ti_compiler/include/e_new
Unpacking /home/ross/shared_vm/ti_shared/ti_compiler/include/stdexcept
Unpacking /home/ross/shared_vm/ti_shared/ti_compiler/include/s__string_operators.h
Unpacking /home/ross/shared_vm/ti_shared/ti_compiler/include/s__csignal.h
Unpacking /home/ross/shared_vm/ti_shared/ti_compiler/include/s__deque.c
Unpacking /home/ross/shared_vm/ti_shared/ti_compiler/include/s__num_get.c
Unpacking /home/ross/shared_vm/ti_shared/ti_compiler/include/s__limits.c
Unpacking /home/ross/shared_vm/ti_shared/ti_compiler/include/s__cstdarg.h
Unpacking /home/ross/shared_vm/ti_shared/ti_compiler/include/s__numeric.h
Unpacking /home/ross/shared_vm/ti_shared/ti_compiler/include/s__string_sum.h
Unpacking /home/ross/shared_vm/ti_shared/ti_compiler/include/s__carray.h
Unpacking /home/ross/shared_vm/ti_shared/ti_compiler/include/s__new.h
Unpacking /home/ross/shared_vm/ti_shared/ti_compiler/include/s__function_base.h
Unpacking /home/ross/shared_vm/ti_shared/ti_compiler/include/cpy_tbl.h
Unpacking /home/ross/shared_vm/ti_shared/ti_compiler/include/s__slist.h
Unpacking /home/ross/shared_vm/ti_shared/ti_compiler/include/s__istream.c
Unpacking /home/ross/shared_vm/ti_shared/ti_compiler/include/assert.h
Unpacking /home/ross/shared_vm/ti_shared/ti_compiler/include/s__string_io.h
Unpacking /home/ross/shared_vm/ti_shared/ti_compiler/include/csetjmp
Unpacking /home/ross/shared_vm/ti_shared/ti_compiler/include/iso646.h
Unpacking /home/ross/shared_vm/ti_shared/ti_compiler/include/s__hash_set.h
Unpacking /home/ross/shared_vm/ti_shared/ti_compiler/include/s__cprolog.h
Unpacking /home/ross/shared_vm/ti_shared/ti_compiler/include/numeric
Unpacking /home/ross/shared_vm/ti_shared/ti_compiler/include/s__alloc.h
Unpacking /home/ross/shared_vm/ti_shared/ti_compiler/include/s__ostream.h
Unpacking /home/ross/shared_vm/ti_shared/ti_compiler/include/s__cstddef.h
Unpacking /home/ross/shared_vm/ti_shared/ti_compiler/include/s__sstream.c
Unpacking /home/ross/shared_vm/ti_shared/ti_compiler/include/deque
Unpacking /home/ross/shared_vm/ti_shared/ti_compiler/include/s__construct.h
Unpacking /home/ross/shared_vm/ti_shared/ti_compiler/include/s__string_io.c
Unpacking /home/ross/shared_vm/ti_shared/ti_compiler/include/s__cwchar.h
Unpacking /home/ross/shared_vm/ti_shared/ti_compiler/include/s__monetary.c
Unpacking /home/ross/shared_vm/ti_shared/ti_compiler/include/iomanip
Unpacking /home/ross/shared_vm/ti_shared/ti_compiler/include/e_exception
Unpacking /home/ross/shared_vm/ti_shared/ti_compiler/include/s__range_errors.c
Unpacking /home/ross/shared_vm/ti_shared/ti_compiler/include/s__string.c
Unpacking /home/ross/shared_vm/ti_shared/ti_compiler/include/s__algobase.c
Unpacking /home/ross/shared_vm/ti_shared/ti_compiler/include/s__csetjmp.h
Unpacking /home/ross/shared_vm/ti_shared/ti_compiler/include/s__vector.h
Unpacking /home/ross/shared_vm/ti_shared/ti_compiler/include/s__pthread_alloc.h
Unpacking /home/ross/shared_vm/ti_shared/ti_compiler/include/cstddef
Unpacking /home/ross/shared_vm/ti_shared/ti_compiler/include/s__cstdlib.h
Unpacking /home/ross/shared_vm/ti_shared/ti_compiler/include/_isfuncdcl.h
Unpacking /home/ross/shared_vm/ti_shared/ti_compiler/include/s__ptrs_specialize.h
Unpacking /home/ross/shared_vm/ti_shared/ti_compiler/include/crc_defines.h
Unpacking /home/ross/shared_vm/ti_shared/ti_compiler/include/_reg_synch_api.h
Unpacking /home/ross/shared_vm/ti_shared/ti_compiler/include/s__algobase.h
Unpacking /home/ross/shared_vm/ti_shared/ti_compiler/include/list
Unpacking /home/ross/shared_vm/ti_shared/ti_compiler/include/cassert
Unpacking /home/ross/shared_vm/ti_shared/ti_compiler/include/s_type_traits.h
Unpacking /home/ross/shared_vm/ti_shared/ti_compiler/include/s__complex.h
Unpacking /home/ross/shared_vm/ti_shared/ti_compiler/include/valarray
Unpacking /home/ross/shared_vm/ti_shared/ti_compiler/include/s__locale.h
Unpacking /home/ross/shared_vm/ti_shared/ti_compiler/include/stdint.h
Unpacking /home/ross/shared_vm/ti_shared/ti_compiler/include/s__vector.c
Unpacking /home/ross/shared_vm/ti_shared/ti_compiler/include/crc_tbl.h
Unpacking /home/ross/shared_vm/ti_shared/ti_compiler/include/s__iomanip.h
Unpacking /home/ross/shared_vm/ti_shared/ti_compiler/include/s__streambuf.c
Unpacking /home/ross/shared_vm/ti_shared/ti_compiler/include/s__bitset.c
Unpacking /home/ross/shared_vm/ti_shared/ti_compiler/include/s__tempbuf.h
Unpacking /home/ross/shared_vm/ti_shared/ti_compiler/include/s__facets_fwd.h
Unpacking /home/ross/shared_vm/ti_shared/ti_compiler/include/s__cstring.h
Unpacking /home/ross/shared_vm/ti_shared/ti_compiler/include/string
Unpacking /home/ross/shared_vm/ti_shared/ti_compiler/include/s__messages_facets.h
Unpacking /home/ross/shared_vm/ti_shared/ti_compiler/include/s__ioserr.h
Unpacking /home/ross/shared_vm/ti_shared/ti_compiler/include/s__ctype.h
Unpacking /home/ross/shared_vm/ti_shared/ti_compiler/include/s__prolog.h
Unpacking /home/ross/shared_vm/ti_shared/ti_compiler/include/functional
Unpacking /home/ross/shared_vm/ti_shared/ti_compiler/include/s__relops_cont.h
Unpacking /home/ross/shared_vm/ti_shared/ti_compiler/include/_tls.h
Unpacking /home/ross/shared_vm/ti_shared/ti_compiler/include/s__tree.h
Unpacking /home/ross/shared_vm/ti_shared/ti_compiler/include/_lock.h
Unpacking /home/ross/shared_vm/ti_shared/ti_compiler/include/s__stream_iterator.h
Unpacking /home/ross/shared_vm/ti_shared/ti_compiler/include/s__tempbuf.c
Unpacking /home/ross/shared_vm/ti_shared/ti_compiler/include/s_boost_type_traits.h
Unpacking /home/ross/shared_vm/ti_shared/ti_compiler/include/stdio.h
Unpacking /home/ross/shared_vm/ti_shared/ti_compiler/include/stdlibf.h
Unpacking /home/ross/shared_vm/ti_shared/ti_compiler/include/setjmp.h
Unpacking /home/ross/shared_vm/ti_shared/ti_compiler/include/s__string_base.h
Unpacking /home/ross/shared_vm/ti_shared/ti_compiler/include/s__hash_fun.h
Unpacking /home/ross/shared_vm/ti_shared/ti_compiler/include/rope
Unpacking /home/ross/shared_vm/ti_shared/ti_compiler/include/s_p__tools.h
Unpacking /home/ross/shared_vm/ti_shared/ti_compiler/include/s__rope.c
Unpacking /home/ross/shared_vm/ti_shared/ti_compiler/include/s_c__ti.h
Unpacking /home/ross/shared_vm/ti_shared/ti_compiler/include/s__heap.h
Unpacking /home/ross/shared_vm/ti_shared/ti_compiler/include/stdarg.h
Unpacking /home/ross/shared_vm/ti_shared/ti_compiler/include/s_c_user_config.h
Unpacking /home/ross/shared_vm/ti_shared/ti_compiler/include/s__valarray.h
Unpacking /home/ross/shared_vm/ti_shared/ti_compiler/include/math.h
Unpacking /home/ross/shared_vm/ti_shared/ti_compiler/include/_fmt_specifier.h
Unpacking /home/ross/shared_vm/ti_shared/ti_compiler/include/s_p__slist.h
Unpacking /home/ross/shared_vm/ti_shared/ti_compiler/include/s__hash_map.h
Unpacking /home/ross/shared_vm/ti_shared/ti_compiler/include/_reg_mutex_api.h
Unpacking /home/ross/shared_vm/ti_shared/ti_compiler/include/s__queue.h
Unpacking /home/ross/shared_vm/ti_shared/ti_compiler/include/errno.h
Unpacking /home/ross/shared_vm/ti_shared/ti_compiler/include/_data_synch.h
Unpacking /home/ross/shared_vm/ti_shared/ti_compiler/include/limits
Unpacking /home/ross/shared_vm/ti_shared/ti_compiler/include/s__algo.c
Unpacking /home/ross/shared_vm/ti_shared/ti_compiler/include/sstream
Unpacking /home/ross/shared_vm/ti_shared/ti_compiler/include/locale.h
Unpacking /home/ross/shared_vm/ti_shared/ti_compiler/include/s_p__deque.h
Unpacking /home/ross/shared_vm/ti_shared/ti_compiler/include/s__list.c
Unpacking /home/ross/shared_vm/ti_shared/ti_compiler/include/s__set.h
Unpacking /home/ross/shared_vm/ti_shared/ti_compiler/include/cpp_inline_math.h
Unpacking /home/ross/shared_vm/ti_shared/ti_compiler/include/s_type_manips.h
Unpacking /home/ross/shared_vm/ti_shared/ti_compiler/include/autoinit.h
Unpacking /home/ross/shared_vm/ti_shared/ti_compiler/include/s__clocale.h
Unpacking /home/ross/shared_vm/ti_shared/ti_compiler/include/s__ostreambuf_iterator.h
Unpacking /home/ross/shared_vm/ti_shared/ti_compiler/include/strstream
Unpacking /home/ross/shared_vm/ti_shared/ti_compiler/include/s__iostream_string.h
Unpacking /home/ross/shared_vm/ti_shared/ti_compiler/include/_mutex.h
Unpacking /home/ross/shared_vm/ti_shared/ti_compiler/include/s__time_facets.c
Unpacking /home/ross/shared_vm/ti_shared/ti_compiler/include/s_c__epilog.h
Unpacking /home/ross/shared_vm/ti_shared/ti_compiler/include/s__istreambuf_iterator.h
Unpacking /home/ross/shared_vm/ti_shared/ti_compiler/include/s__auto_ptr.h
Unpacking /home/ross/shared_vm/ti_shared/ti_compiler/include/s_c__system.h
Unpacking /home/ross/shared_vm/ti_shared/ti_compiler/include/cctype
Unpacking /home/ross/shared_vm/ti_shared/ti_compiler/include/s__ostream.c
Unpacking /home/ross/shared_vm/ti_shared/ti_compiler/include/s_p__vector.h
Unpacking /home/ross/shared_vm/ti_shared/ti_compiler/include/abi_prefix.h
Unpacking /home/ross/shared_vm/ti_shared/ti_compiler/include/s__numeric.c
Unpacking /home/ross/shared_vm/ti_shared/ti_compiler/include/ostream
Unpacking /home/ross/shared_vm/ti_shared/ti_compiler/bin/hex2000
Unpacking /home/ross/shared_vm/ti_shared/ti_compiler/bin/xref2000
Unpacking /home/ross/shared_vm/ti_shared/ti_compiler/bin/strip2000
Unpacking /home/ross/shared_vm/ti_shared/ti_compiler/bin/abs2000
Unpacking /home/ross/shared_vm/ti_shared/ti_compiler/bin/embed2000
Unpacking /home/ross/shared_vm/ti_shared/ti_compiler/bin/ar2000
Unpacking /home/ross/shared_vm/ti_shared/ti_compiler/bin/acia2000
Unpacking /home/ross/shared_vm/ti_shared/ti_compiler/bin/ofd2000
Unpacking /home/ross/shared_vm/ti_shared/ti_compiler/bin/accla
Unpacking /home/ross/shared_vm/ti_shared/ti_compiler/bin/opt2000
Unpacking /home/ross/shared_vm/ti_shared/ti_compiler/bin/clist2000
Unpacking /home/ross/shared_vm/ti_shared/ti_compiler/bin/dem2000
Unpacking /home/ross/shared_vm/ti_shared/ti_compiler/bin/ac2000
Unpacking /home/ross/shared_vm/ti_shared/ti_compiler/bin/nm2000
Unpacking /home/ross/shared_vm/ti_shared/ti_compiler/bin/pdd2000
Unpacking /home/ross/shared_vm/ti_shared/ti_compiler/bin/cl2000
Unpacking /home/ross/shared_vm/ti_shared/ti_compiler/bin/aciacla
Unpacking /home/ross/shared_vm/ti_shared/ti_compiler/bin/asm2000
Unpacking /home/ross/shared_vm/ti_shared/ti_compiler/bin/ilk2000
Unpacking /home/ross/shared_vm/ti_shared/ti_compiler/bin/adv2000
Unpacking /home/ross/shared_vm/ti_shared/ti_compiler/bin/optcla
Unpacking /home/ross/shared_vm/ti_shared/ti_compiler/bin/libinfo2000
Unpacking /home/ross/shared_vm/ti_shared/ti_compiler/bin/lnk2000
Unpacking /home/ross/shared_vm/ti_shared/ti_compiler/bin/cgcla
Unpacking /home/ross/shared_vm/ti_shared/ti_compiler/bin/cg2000
Unpacking /home/ross/shared_vm/ti_shared/ti_compiler/bin/plink2000
Unpacking /home/ross/shared_vm/ti_shared/ti_compiler/bin/dis2000
Unpacking /home/ross/shared_vm/ti_shared/ti_compiler/bin/pprof2000
Creating Uninstaller
Creating uninstaller 25%
Creating uninstaller 50%
Creating uninstaller 75%
Creating uninstaller 100%
Installation completed
Log finished 01/12/2017 at 14:59:33
