TMS320C2000 Assembler PC v16.9.1 Wed Jan 04 15:50:42 2017

Tools Copyright (c) 1996-2015 Texas Instruments Incorporated
C:\Users\ROSSYE~1\AppData\Local\Temp\0115210                         PAGE    1

       1              ;***************************************************************
       2              ;* TMS320C2000 C/C++ Codegen                    PC v16.9.1.LTS *
       3              ;* Date/Time created: Wed Jan 04 15:50:42 2017                 *
       4              ;***************************************************************
       5                      .compiler_opts --abi=coffabi --float_support=softlib --hll_source=on --mem_model:code=flat --mem_mode
       6                      .asg    XAR2, FP
       7              
       8              $C$DW$CU        .dwtag  DW_TAG_compile_unit
       9                      .dwattr $C$DW$CU, DW_AT_name("C:/ti/motorware/motorware_1_01_00_17/sw/modules/memCopy/src/memCopy.c")
      10                      .dwattr $C$DW$CU, DW_AT_producer("TI TMS320C2000 C/C++ Codegen PC v16.9.1.LTS Copyright (c) 1996-2015
      11                      .dwattr $C$DW$CU, DW_AT_TI_version(0x01)
      12                      .dwattr $C$DW$CU, DW_AT_comp_dir("C:\ti\motorware\motorware_1_01_00_17\sw\solutions\instaspin_foc\boa
      13              ;       C:\ti\ccsv7\tools\compiler\ti-cgt-c2000_16.9.1.LTS\bin\opt2000.exe C:\\Users\\ROSSYE~1\\AppData\\Loca
      14              ;       C:\ti\ccsv7\tools\compiler\ti-cgt-c2000_16.9.1.LTS\bin\ac2000.exe -@C:\\Users\\ROSSYE~1\\AppData\\Loc
      15 00000000               .sect   ".text"
      16                      .clink
      17                      .global _memCopy
      18              
      19              $C$DW$1 .dwtag  DW_TAG_subprogram
      20                      .dwattr $C$DW$1, DW_AT_name("memCopy")
      21                      .dwattr $C$DW$1, DW_AT_low_pc(_memCopy)
      22                      .dwattr $C$DW$1, DW_AT_high_pc(0x00)
      23                      .dwattr $C$DW$1, DW_AT_TI_symbol_name("_memCopy")
      24                      .dwattr $C$DW$1, DW_AT_external
      25                      .dwattr $C$DW$1, DW_AT_TI_begin_file("C:/ti/motorware/motorware_1_01_00_17/sw/modules/memCopy/src/mem
      26                      .dwattr $C$DW$1, DW_AT_TI_begin_line(0x38)
      27                      .dwattr $C$DW$1, DW_AT_TI_begin_column(0x06)
      28                      .dwattr $C$DW$1, DW_AT_TI_max_frame_size(-2)
      29                      .dwpsn  file "C:/ti/motorware/motorware_1_01_00_17/sw/modules/memCopy/src/memCopy.c",line 57,column 1
      30              
      31                      .dwfde $C$DW$CIE, _memCopy
      32              $C$DW$2 .dwtag  DW_TAG_formal_parameter
      33                      .dwattr $C$DW$2, DW_AT_name("srcStartAddr")
      34                      .dwattr $C$DW$2, DW_AT_TI_symbol_name("_srcStartAddr")
      35                      .dwattr $C$DW$2, DW_AT_type(*$C$DW$T$20)
      36                      .dwattr $C$DW$2, DW_AT_location[DW_OP_reg12]
      37              
      38              $C$DW$3 .dwtag  DW_TAG_formal_parameter
      39                      .dwattr $C$DW$3, DW_AT_name("srcEndAddr")
      40                      .dwattr $C$DW$3, DW_AT_TI_symbol_name("_srcEndAddr")
      41                      .dwattr $C$DW$3, DW_AT_type(*$C$DW$T$20)
      42                      .dwattr $C$DW$3, DW_AT_location[DW_OP_reg14]
      43              
      44              $C$DW$4 .dwtag  DW_TAG_formal_parameter
      45                      .dwattr $C$DW$4, DW_AT_name("dstAddr")
      46                      .dwattr $C$DW$4, DW_AT_TI_symbol_name("_dstAddr")
      47                      .dwattr $C$DW$4, DW_AT_type(*$C$DW$T$20)
      48                      .dwattr $C$DW$4, DW_AT_location[DW_OP_breg20 -4]
      49              
      50              
      51              ;***************************************************************
      52              ;* FNAME: _memCopy                      FR SIZE:   0           *
      53              ;*                                                             *
      54              ;* FUNCTION ENVIRONMENT                                        *
      55              ;*                                                             *
TMS320C2000 Assembler PC v16.9.1 Wed Jan 04 15:50:42 2017

Tools Copyright (c) 1996-2015 Texas Instruments Incorporated
C:\Users\ROSSYE~1\AppData\Local\Temp\0115210                         PAGE    2

      56              ;* FUNCTION PROPERTIES                                         *
      57              ;*                            0 Parameter,  0 Auto,  0 SOE     *
      58              ;***************************************************************
      59              
      60              _memCopy:
      61              ;* AR4   assigned to $O$L1
      62              ;* AR7   assigned to _srcStartAddr
      63              $C$DW$5 .dwtag  DW_TAG_variable
      64                      .dwattr $C$DW$5, DW_AT_name("srcStartAddr")
      65                      .dwattr $C$DW$5, DW_AT_TI_symbol_name("_srcStartAddr")
      66                      .dwattr $C$DW$5, DW_AT_type(*$C$DW$T$20)
      67                      .dwattr $C$DW$5, DW_AT_location[DW_OP_reg18]
      68              
      69              ;* AL    assigned to _srcEndAddr
      70              $C$DW$6 .dwtag  DW_TAG_variable
      71                      .dwattr $C$DW$6, DW_AT_name("srcEndAddr")
      72                      .dwattr $C$DW$6, DW_AT_TI_symbol_name("_srcEndAddr")
      73                      .dwattr $C$DW$6, DW_AT_type(*$C$DW$T$24)
      74                      .dwattr $C$DW$6, DW_AT_location[DW_OP_reg0]
      75              
      76              ;* AR5   assigned to _dstAddr
      77              $C$DW$7 .dwtag  DW_TAG_variable
      78                      .dwattr $C$DW$7, DW_AT_name("dstAddr")
      79                      .dwattr $C$DW$7, DW_AT_TI_symbol_name("_dstAddr")
      80                      .dwattr $C$DW$7, DW_AT_type(*$C$DW$T$20)
      81                      .dwattr $C$DW$7, DW_AT_location[DW_OP_reg14]
      82              
      83                      .dwcfi  cfa_offset, -2
      84                      .dwcfi  save_reg_to_mem, 26, 0
      85 00000000 C5A4          MOVL      XAR7,XAR4             ; [CPU_] |57| 
      86 00000001 A0A9          MOVL      ACC,XAR5              ; [CPU_] |57| 
      87 00000002 8344          MOVL      XAR5,*-SP[4]          ; [CPU_] |57| 
      88                      .dwpsn  file "C:/ti/motorware/motorware_1_01_00_17/sw/modules/memCopy/src/memCopy.c",line 59,column 9
      89 00000003 0FA7          CMPL      ACC,XAR7              ; [CPU_] |59| 
      90 00000004 680A          B         $C$L2,LO              ; [CPU_] |59| 
      91                      ; branchcc occurs ; [] |59| 
      92 00000005 03A7          SUBL      ACC,XAR7              ; [CPU_] 
      93 00000006 8AA9          MOVL      XAR4,ACC              ; [CPU_] 
      94 00000007       $C$L1:    
      95                      .dwpsn  file "C:/ti/motorware/motorware_1_01_00_17/sw/modules/memCopy/src/memCopy.c",line 61,column 7
      96 00000007 9287          MOV       AL,*XAR7++            ; [CPU_] |61| 
      97                      .dwpsn  file "C:/ti/motorware/motorware_1_01_00_17/sw/modules/memCopy/src/memCopy.c",line 59,column 9
      98 00000008 DC81          SUBB      XAR4,#1               ; [CPU_] |59| 
      99                      .dwpsn  file "C:/ti/motorware/motorware_1_01_00_17/sw/modules/memCopy/src/memCopy.c",line 61,column 7
     100 00000009 9685          MOV       *XAR5++,AL            ; [CPU_] |61| 
     101                      .dwpsn  file "C:/ti/motorware/motorware_1_01_00_17/sw/modules/memCopy/src/memCopy.c",line 59,column 9
     102 0000000a 0200          MOVB      ACC,#0                ; [CPU_] |59| 
     103 0000000b 1901          SUBB      ACC,#1                ; [CPU_] |59| 
     104 0000000c 0FA4          CMPL      ACC,XAR4              ; [CPU_] |59| 
     105 0000000d 60FA          B         $C$L1,NEQ             ; [CPU_] |59| 
     106                      ; branchcc occurs ; [] |59| 
     107              $C$L2:    
     108              $C$DW$8 .dwtag  DW_TAG_TI_branch
     109                      .dwattr $C$DW$8, DW_AT_low_pc(0x00)
     110                      .dwattr $C$DW$8, DW_AT_TI_return
TMS320C2000 Assembler PC v16.9.1 Wed Jan 04 15:50:42 2017

Tools Copyright (c) 1996-2015 Texas Instruments Incorporated
C:\Users\ROSSYE~1\AppData\Local\Temp\0115210                         PAGE    3

     111              
     112 0000000e 0006          LRETR     ; [CPU_] 
     113                      ; return occurs ; [] 
     114                      .dwattr $C$DW$1, DW_AT_TI_end_file("C:/ti/motorware/motorware_1_01_00_17/sw/modules/memCopy/src/memCo
     115                      .dwattr $C$DW$1, DW_AT_TI_end_line(0x41)
     116                      .dwattr $C$DW$1, DW_AT_TI_end_column(0x01)
     117                      .dwendentry
     118                      .dwendtag $C$DW$1
     119              
     120              
     121              ;***************************************************************
     122              ;* TYPE INFORMATION                                            *
     123              ;***************************************************************
     124              $C$DW$T$2       .dwtag  DW_TAG_unspecified_type
     125                      .dwattr $C$DW$T$2, DW_AT_name("void")
     126              
     127              $C$DW$T$4       .dwtag  DW_TAG_base_type
     128                      .dwattr $C$DW$T$4, DW_AT_encoding(DW_ATE_boolean)
     129                      .dwattr $C$DW$T$4, DW_AT_name("bool")
     130                      .dwattr $C$DW$T$4, DW_AT_byte_size(0x01)
     131              
     132              $C$DW$T$5       .dwtag  DW_TAG_base_type
     133                      .dwattr $C$DW$T$5, DW_AT_encoding(DW_ATE_signed_char)
     134                      .dwattr $C$DW$T$5, DW_AT_name("signed char")
     135                      .dwattr $C$DW$T$5, DW_AT_byte_size(0x01)
     136              
     137              $C$DW$T$6       .dwtag  DW_TAG_base_type
     138                      .dwattr $C$DW$T$6, DW_AT_encoding(DW_ATE_unsigned_char)
     139                      .dwattr $C$DW$T$6, DW_AT_name("unsigned char")
     140                      .dwattr $C$DW$T$6, DW_AT_byte_size(0x01)
     141              
     142              $C$DW$T$7       .dwtag  DW_TAG_base_type
     143                      .dwattr $C$DW$T$7, DW_AT_encoding(DW_ATE_signed_char)
     144                      .dwattr $C$DW$T$7, DW_AT_name("wchar_t")
     145                      .dwattr $C$DW$T$7, DW_AT_byte_size(0x01)
     146              
     147              $C$DW$T$8       .dwtag  DW_TAG_base_type
     148                      .dwattr $C$DW$T$8, DW_AT_encoding(DW_ATE_signed)
     149                      .dwattr $C$DW$T$8, DW_AT_name("short")
     150                      .dwattr $C$DW$T$8, DW_AT_byte_size(0x01)
     151              
     152              $C$DW$T$9       .dwtag  DW_TAG_base_type
     153                      .dwattr $C$DW$T$9, DW_AT_encoding(DW_ATE_unsigned)
     154                      .dwattr $C$DW$T$9, DW_AT_name("unsigned short")
     155                      .dwattr $C$DW$T$9, DW_AT_byte_size(0x01)
     156              
     157              $C$DW$T$10      .dwtag  DW_TAG_base_type
     158                      .dwattr $C$DW$T$10, DW_AT_encoding(DW_ATE_signed)
     159                      .dwattr $C$DW$T$10, DW_AT_name("int")
     160                      .dwattr $C$DW$T$10, DW_AT_byte_size(0x01)
     161              
     162              $C$DW$T$11      .dwtag  DW_TAG_base_type
     163                      .dwattr $C$DW$T$11, DW_AT_encoding(DW_ATE_unsigned)
     164                      .dwattr $C$DW$T$11, DW_AT_name("unsigned int")
     165                      .dwattr $C$DW$T$11, DW_AT_byte_size(0x01)
TMS320C2000 Assembler PC v16.9.1 Wed Jan 04 15:50:42 2017

Tools Copyright (c) 1996-2015 Texas Instruments Incorporated
C:\Users\ROSSYE~1\AppData\Local\Temp\0115210                         PAGE    4

     166              
     167              $C$DW$T$19      .dwtag  DW_TAG_typedef
     168                      .dwattr $C$DW$T$19, DW_AT_name("uint16_t")
     169                      .dwattr $C$DW$T$19, DW_AT_type(*$C$DW$T$11)
     170                      .dwattr $C$DW$T$19, DW_AT_language(DW_LANG_C)
     171              
     172              $C$DW$T$20      .dwtag  DW_TAG_pointer_type
     173                      .dwattr $C$DW$T$20, DW_AT_type(*$C$DW$T$19)
     174                      .dwattr $C$DW$T$20, DW_AT_address_class(0x20)
     175              
     176              $C$DW$9 .dwtag  DW_TAG_TI_far_type
     177                      .dwattr $C$DW$9, DW_AT_type(*$C$DW$T$20)
     178              
     179              $C$DW$T$24      .dwtag  DW_TAG_const_type
     180                      .dwattr $C$DW$T$24, DW_AT_type(*$C$DW$9)
     181              
     182              $C$DW$T$12      .dwtag  DW_TAG_base_type
     183                      .dwattr $C$DW$T$12, DW_AT_encoding(DW_ATE_signed)
     184                      .dwattr $C$DW$T$12, DW_AT_name("long")
     185                      .dwattr $C$DW$T$12, DW_AT_byte_size(0x02)
     186              
     187              $C$DW$T$13      .dwtag  DW_TAG_base_type
     188                      .dwattr $C$DW$T$13, DW_AT_encoding(DW_ATE_unsigned)
     189                      .dwattr $C$DW$T$13, DW_AT_name("unsigned long")
     190                      .dwattr $C$DW$T$13, DW_AT_byte_size(0x02)
     191              
     192              $C$DW$T$14      .dwtag  DW_TAG_base_type
     193                      .dwattr $C$DW$T$14, DW_AT_encoding(DW_ATE_signed)
     194                      .dwattr $C$DW$T$14, DW_AT_name("long long")
     195                      .dwattr $C$DW$T$14, DW_AT_byte_size(0x04)
     196              
     197              $C$DW$T$15      .dwtag  DW_TAG_base_type
     198                      .dwattr $C$DW$T$15, DW_AT_encoding(DW_ATE_unsigned)
     199                      .dwattr $C$DW$T$15, DW_AT_name("unsigned long long")
     200                      .dwattr $C$DW$T$15, DW_AT_byte_size(0x04)
     201              
     202              $C$DW$T$16      .dwtag  DW_TAG_base_type
     203                      .dwattr $C$DW$T$16, DW_AT_encoding(DW_ATE_float)
     204                      .dwattr $C$DW$T$16, DW_AT_name("float")
     205                      .dwattr $C$DW$T$16, DW_AT_byte_size(0x02)
     206              
     207              $C$DW$T$17      .dwtag  DW_TAG_base_type
     208                      .dwattr $C$DW$T$17, DW_AT_encoding(DW_ATE_float)
     209                      .dwattr $C$DW$T$17, DW_AT_name("double")
     210                      .dwattr $C$DW$T$17, DW_AT_byte_size(0x02)
     211              
     212              $C$DW$T$18      .dwtag  DW_TAG_base_type
     213                      .dwattr $C$DW$T$18, DW_AT_encoding(DW_ATE_float)
     214                      .dwattr $C$DW$T$18, DW_AT_name("long double")
     215                      .dwattr $C$DW$T$18, DW_AT_byte_size(0x04)
     216              
     217                      .dwattr $C$DW$CU, DW_AT_language(DW_LANG_C)
     218              
     219              ;***************************************************************
     220              ;* DWARF CIE ENTRIES                                           *
TMS320C2000 Assembler PC v16.9.1 Wed Jan 04 15:50:42 2017

Tools Copyright (c) 1996-2015 Texas Instruments Incorporated
C:\Users\ROSSYE~1\AppData\Local\Temp\0115210                         PAGE    5

     221              ;***************************************************************
     222              
     223              $C$DW$CIE       .dwcie 26
     224                      .dwcfi  cfa_register, 20
     225                      .dwcfi  cfa_offset, 0
     226                      .dwcfi  same_value, 28
     227                      .dwcfi  same_value, 6
     228                      .dwcfi  same_value, 7
     229                      .dwcfi  same_value, 8
     230                      .dwcfi  same_value, 9
     231                      .dwcfi  same_value, 10
     232                      .dwcfi  same_value, 11
     233                      .dwendentry
     234              
     235              ;***************************************************************
     236              ;* DWARF REGISTER MAP                                          *
     237              ;***************************************************************
     238              
     239              $C$DW$10        .dwtag  DW_TAG_TI_assign_register
     240                      .dwattr $C$DW$10, DW_AT_name("AL")
     241                      .dwattr $C$DW$10, DW_AT_location[DW_OP_reg0]
     242              
     243              $C$DW$11        .dwtag  DW_TAG_TI_assign_register
     244                      .dwattr $C$DW$11, DW_AT_name("AH")
     245                      .dwattr $C$DW$11, DW_AT_location[DW_OP_reg1]
     246              
     247              $C$DW$12        .dwtag  DW_TAG_TI_assign_register
     248                      .dwattr $C$DW$12, DW_AT_name("PL")
     249                      .dwattr $C$DW$12, DW_AT_location[DW_OP_reg2]
     250              
     251              $C$DW$13        .dwtag  DW_TAG_TI_assign_register
     252                      .dwattr $C$DW$13, DW_AT_name("PH")
     253                      .dwattr $C$DW$13, DW_AT_location[DW_OP_reg3]
     254              
     255              $C$DW$14        .dwtag  DW_TAG_TI_assign_register
     256                      .dwattr $C$DW$14, DW_AT_name("SP")
     257                      .dwattr $C$DW$14, DW_AT_location[DW_OP_reg20]
     258              
     259              $C$DW$15        .dwtag  DW_TAG_TI_assign_register
     260                      .dwattr $C$DW$15, DW_AT_name("XT")
     261                      .dwattr $C$DW$15, DW_AT_location[DW_OP_reg21]
     262              
     263              $C$DW$16        .dwtag  DW_TAG_TI_assign_register
     264                      .dwattr $C$DW$16, DW_AT_name("T")
     265                      .dwattr $C$DW$16, DW_AT_location[DW_OP_reg22]
     266              
     267              $C$DW$17        .dwtag  DW_TAG_TI_assign_register
     268                      .dwattr $C$DW$17, DW_AT_name("ST0")
     269                      .dwattr $C$DW$17, DW_AT_location[DW_OP_reg23]
     270              
     271              $C$DW$18        .dwtag  DW_TAG_TI_assign_register
     272                      .dwattr $C$DW$18, DW_AT_name("ST1")
     273                      .dwattr $C$DW$18, DW_AT_location[DW_OP_reg24]
     274              
     275              $C$DW$19        .dwtag  DW_TAG_TI_assign_register
TMS320C2000 Assembler PC v16.9.1 Wed Jan 04 15:50:42 2017

Tools Copyright (c) 1996-2015 Texas Instruments Incorporated
C:\Users\ROSSYE~1\AppData\Local\Temp\0115210                         PAGE    6

     276                      .dwattr $C$DW$19, DW_AT_name("PC")
     277                      .dwattr $C$DW$19, DW_AT_location[DW_OP_reg25]
     278              
     279              $C$DW$20        .dwtag  DW_TAG_TI_assign_register
     280                      .dwattr $C$DW$20, DW_AT_name("RPC")
     281                      .dwattr $C$DW$20, DW_AT_location[DW_OP_reg26]
     282              
     283              $C$DW$21        .dwtag  DW_TAG_TI_assign_register
     284                      .dwattr $C$DW$21, DW_AT_name("FP")
     285                      .dwattr $C$DW$21, DW_AT_location[DW_OP_reg28]
     286              
     287              $C$DW$22        .dwtag  DW_TAG_TI_assign_register
     288                      .dwattr $C$DW$22, DW_AT_name("DP")
     289                      .dwattr $C$DW$22, DW_AT_location[DW_OP_reg29]
     290              
     291              $C$DW$23        .dwtag  DW_TAG_TI_assign_register
     292                      .dwattr $C$DW$23, DW_AT_name("SXM")
     293                      .dwattr $C$DW$23, DW_AT_location[DW_OP_reg30]
     294              
     295              $C$DW$24        .dwtag  DW_TAG_TI_assign_register
     296                      .dwattr $C$DW$24, DW_AT_name("PM")
     297                      .dwattr $C$DW$24, DW_AT_location[DW_OP_reg31]
     298              
     299              $C$DW$25        .dwtag  DW_TAG_TI_assign_register
     300                      .dwattr $C$DW$25, DW_AT_name("OVM")
     301                      .dwattr $C$DW$25, DW_AT_location[DW_OP_regx 0x20]
     302              
     303              $C$DW$26        .dwtag  DW_TAG_TI_assign_register
     304                      .dwattr $C$DW$26, DW_AT_name("PAGE0")
     305                      .dwattr $C$DW$26, DW_AT_location[DW_OP_regx 0x21]
     306              
     307              $C$DW$27        .dwtag  DW_TAG_TI_assign_register
     308                      .dwattr $C$DW$27, DW_AT_name("AMODE")
     309                      .dwattr $C$DW$27, DW_AT_location[DW_OP_regx 0x22]
     310              
     311              $C$DW$28        .dwtag  DW_TAG_TI_assign_register
     312                      .dwattr $C$DW$28, DW_AT_name("INTM")
     313                      .dwattr $C$DW$28, DW_AT_location[DW_OP_regx 0x23]
     314              
     315              $C$DW$29        .dwtag  DW_TAG_TI_assign_register
     316                      .dwattr $C$DW$29, DW_AT_name("IFR")
     317                      .dwattr $C$DW$29, DW_AT_location[DW_OP_regx 0x24]
     318              
     319              $C$DW$30        .dwtag  DW_TAG_TI_assign_register
     320                      .dwattr $C$DW$30, DW_AT_name("IER")
     321                      .dwattr $C$DW$30, DW_AT_location[DW_OP_regx 0x25]
     322              
     323              $C$DW$31        .dwtag  DW_TAG_TI_assign_register
     324                      .dwattr $C$DW$31, DW_AT_name("V")
     325                      .dwattr $C$DW$31, DW_AT_location[DW_OP_regx 0x26]
     326              
     327              $C$DW$32        .dwtag  DW_TAG_TI_assign_register
     328                      .dwattr $C$DW$32, DW_AT_name("PSEUDOH")
     329                      .dwattr $C$DW$32, DW_AT_location[DW_OP_regx 0x4c]
     330              
TMS320C2000 Assembler PC v16.9.1 Wed Jan 04 15:50:42 2017

Tools Copyright (c) 1996-2015 Texas Instruments Incorporated
C:\Users\ROSSYE~1\AppData\Local\Temp\0115210                         PAGE    7

     331              $C$DW$33        .dwtag  DW_TAG_TI_assign_register
     332                      .dwattr $C$DW$33, DW_AT_name("VOL")
     333                      .dwattr $C$DW$33, DW_AT_location[DW_OP_regx 0x4d]
     334              
     335              $C$DW$34        .dwtag  DW_TAG_TI_assign_register
     336                      .dwattr $C$DW$34, DW_AT_name("AR0")
     337                      .dwattr $C$DW$34, DW_AT_location[DW_OP_reg4]
     338              
     339              $C$DW$35        .dwtag  DW_TAG_TI_assign_register
     340                      .dwattr $C$DW$35, DW_AT_name("XAR0")
     341                      .dwattr $C$DW$35, DW_AT_location[DW_OP_reg5]
     342              
     343              $C$DW$36        .dwtag  DW_TAG_TI_assign_register
     344                      .dwattr $C$DW$36, DW_AT_name("AR1")
     345                      .dwattr $C$DW$36, DW_AT_location[DW_OP_reg6]
     346              
     347              $C$DW$37        .dwtag  DW_TAG_TI_assign_register
     348                      .dwattr $C$DW$37, DW_AT_name("XAR1")
     349                      .dwattr $C$DW$37, DW_AT_location[DW_OP_reg7]
     350              
     351              $C$DW$38        .dwtag  DW_TAG_TI_assign_register
     352                      .dwattr $C$DW$38, DW_AT_name("AR2")
     353                      .dwattr $C$DW$38, DW_AT_location[DW_OP_reg8]
     354              
     355              $C$DW$39        .dwtag  DW_TAG_TI_assign_register
     356                      .dwattr $C$DW$39, DW_AT_name("XAR2")
     357                      .dwattr $C$DW$39, DW_AT_location[DW_OP_reg9]
     358              
     359              $C$DW$40        .dwtag  DW_TAG_TI_assign_register
     360                      .dwattr $C$DW$40, DW_AT_name("AR3")
     361                      .dwattr $C$DW$40, DW_AT_location[DW_OP_reg10]
     362              
     363              $C$DW$41        .dwtag  DW_TAG_TI_assign_register
     364                      .dwattr $C$DW$41, DW_AT_name("XAR3")
     365                      .dwattr $C$DW$41, DW_AT_location[DW_OP_reg11]
     366              
     367              $C$DW$42        .dwtag  DW_TAG_TI_assign_register
     368                      .dwattr $C$DW$42, DW_AT_name("AR4")
     369                      .dwattr $C$DW$42, DW_AT_location[DW_OP_reg12]
     370              
     371              $C$DW$43        .dwtag  DW_TAG_TI_assign_register
     372                      .dwattr $C$DW$43, DW_AT_name("XAR4")
     373                      .dwattr $C$DW$43, DW_AT_location[DW_OP_reg13]
     374              
     375              $C$DW$44        .dwtag  DW_TAG_TI_assign_register
     376                      .dwattr $C$DW$44, DW_AT_name("AR5")
     377                      .dwattr $C$DW$44, DW_AT_location[DW_OP_reg14]
     378              
     379              $C$DW$45        .dwtag  DW_TAG_TI_assign_register
     380                      .dwattr $C$DW$45, DW_AT_name("XAR5")
     381                      .dwattr $C$DW$45, DW_AT_location[DW_OP_reg15]
     382              
     383              $C$DW$46        .dwtag  DW_TAG_TI_assign_register
     384                      .dwattr $C$DW$46, DW_AT_name("AR6")
     385                      .dwattr $C$DW$46, DW_AT_location[DW_OP_reg16]
TMS320C2000 Assembler PC v16.9.1 Wed Jan 04 15:50:42 2017

Tools Copyright (c) 1996-2015 Texas Instruments Incorporated
C:\Users\ROSSYE~1\AppData\Local\Temp\0115210                         PAGE    8

     386              
     387              $C$DW$47        .dwtag  DW_TAG_TI_assign_register
     388                      .dwattr $C$DW$47, DW_AT_name("XAR6")
     389                      .dwattr $C$DW$47, DW_AT_location[DW_OP_reg17]
     390              
     391              $C$DW$48        .dwtag  DW_TAG_TI_assign_register
     392                      .dwattr $C$DW$48, DW_AT_name("AR7")
     393                      .dwattr $C$DW$48, DW_AT_location[DW_OP_reg18]
     394              
     395              $C$DW$49        .dwtag  DW_TAG_TI_assign_register
     396                      .dwattr $C$DW$49, DW_AT_name("XAR7")
     397                      .dwattr $C$DW$49, DW_AT_location[DW_OP_reg19]
     398              
     399                      .dwendtag $C$DW$CU
     400              

No Assembly Errors, No Assembly Warnings
