TMS320C2000 Assembler PC v16.9.1 Wed Jan 04 15:50:43 2017

Tools Copyright (c) 1996-2015 Texas Instruments Incorporated
C:\Users\ROSSYE~1\AppData\Local\Temp\0035610                         PAGE    1

       1              ;***************************************************************
       2              ;* TMS320C2000 C/C++ Codegen                    PC v16.9.1.LTS *
       3              ;* Date/Time created: Wed Jan 04 15:50:43 2017                 *
       4              ;***************************************************************
       5                      .compiler_opts --abi=coffabi --float_support=softlib --hll_source=on --mem_model:code=flat --mem_mode
       6                      .asg    XAR2, FP
       7              
       8              $C$DW$CU        .dwtag  DW_TAG_compile_unit
       9                      .dwattr $C$DW$CU, DW_AT_name("C:/ti/motorware/motorware_1_01_00_17/sw/drivers/pwr/src/32b/f28x/f2802x
      10                      .dwattr $C$DW$CU, DW_AT_producer("TI TMS320C2000 C/C++ Codegen PC v16.9.1.LTS Copyright (c) 1996-2015
      11                      .dwattr $C$DW$CU, DW_AT_TI_version(0x01)
      12                      .dwattr $C$DW$CU, DW_AT_comp_dir("C:\ti\motorware\motorware_1_01_00_17\sw\solutions\instaspin_foc\boa
      13              ;       C:\ti\ccsv7\tools\compiler\ti-cgt-c2000_16.9.1.LTS\bin\opt2000.exe C:\\Users\\ROSSYE~1\\AppData\\Loca
      14              ;       C:\ti\ccsv7\tools\compiler\ti-cgt-c2000_16.9.1.LTS\bin\ac2000.exe -@C:\\Users\\ROSSYE~1\\AppData\\Loc
      15 00000000               .sect   ".text"
      16                      .clink
      17                      .global _PWR_setNumStandByClocks
      18              
      19              $C$DW$1 .dwtag  DW_TAG_subprogram
      20                      .dwattr $C$DW$1, DW_AT_name("PWR_setNumStandByClocks")
      21                      .dwattr $C$DW$1, DW_AT_low_pc(_PWR_setNumStandByClocks)
      22                      .dwattr $C$DW$1, DW_AT_high_pc(0x00)
      23                      .dwattr $C$DW$1, DW_AT_TI_symbol_name("_PWR_setNumStandByClocks")
      24                      .dwattr $C$DW$1, DW_AT_external
      25                      .dwattr $C$DW$1, DW_AT_TI_begin_file("C:/ti/motorware/motorware_1_01_00_17/sw/drivers/pwr/src/32b/f28
      26                      .dwattr $C$DW$1, DW_AT_TI_begin_line(0x94)
      27                      .dwattr $C$DW$1, DW_AT_TI_begin_column(0x06)
      28                      .dwattr $C$DW$1, DW_AT_TI_max_frame_size(-2)
      29                      .dwpsn  file "C:/ti/motorware/motorware_1_01_00_17/sw/drivers/pwr/src/32b/f28x/f2802x/pwr.c",line 149
      30              
      31                      .dwfde $C$DW$CIE, _PWR_setNumStandByClocks
      32              $C$DW$2 .dwtag  DW_TAG_formal_parameter
      33                      .dwattr $C$DW$2, DW_AT_name("pwrHandle")
      34                      .dwattr $C$DW$2, DW_AT_TI_symbol_name("_pwrHandle")
      35                      .dwattr $C$DW$2, DW_AT_type(*$C$DW$T$31)
      36                      .dwattr $C$DW$2, DW_AT_location[DW_OP_reg12]
      37              
      38              $C$DW$3 .dwtag  DW_TAG_formal_parameter
      39                      .dwattr $C$DW$3, DW_AT_name("numClkCycles")
      40                      .dwattr $C$DW$3, DW_AT_TI_symbol_name("_numClkCycles")
      41                      .dwattr $C$DW$3, DW_AT_type(*$C$DW$T$27)
      42                      .dwattr $C$DW$3, DW_AT_location[DW_OP_reg0]
      43              
      44              
      45              ;***************************************************************
      46              ;* FNAME: _PWR_setNumStandByClocks      FR SIZE:   0           *
      47              ;*                                                             *
      48              ;* FUNCTION ENVIRONMENT                                        *
      49              ;*                                                             *
      50              ;* FUNCTION PROPERTIES                                         *
      51              ;*                            0 Parameter,  0 Auto,  0 SOE     *
      52              ;***************************************************************
      53              
      54              _PWR_setNumStandByClocks:
      55              ;* AR4   assigned to _pwrHandle
TMS320C2000 Assembler PC v16.9.1 Wed Jan 04 15:50:43 2017

Tools Copyright (c) 1996-2015 Texas Instruments Incorporated
C:\Users\ROSSYE~1\AppData\Local\Temp\0035610                         PAGE    2

      56              $C$DW$4 .dwtag  DW_TAG_variable
      57                      .dwattr $C$DW$4, DW_AT_name("pwrHandle")
      58                      .dwattr $C$DW$4, DW_AT_TI_symbol_name("_pwrHandle")
      59                      .dwattr $C$DW$4, DW_AT_type(*$C$DW$T$32)
      60                      .dwattr $C$DW$4, DW_AT_location[DW_OP_reg12]
      61              
      62              ;* AR6   assigned to _numClkCycles
      63              $C$DW$5 .dwtag  DW_TAG_variable
      64                      .dwattr $C$DW$5, DW_AT_name("numClkCycles")
      65                      .dwattr $C$DW$5, DW_AT_TI_symbol_name("_numClkCycles")
      66                      .dwattr $C$DW$5, DW_AT_type(*$C$DW$T$28)
      67                      .dwattr $C$DW$5, DW_AT_location[DW_OP_reg16]
      68              
      69                      .dwcfi  cfa_offset, -2
      70                      .dwcfi  save_reg_to_mem, 26, 0
      71 00000000 88A9          MOVZ      AR6,AL                ; [CPU_] |149| 
      72 00000001 7622   EALLOW
      73                      .dwpsn  file "C:/ti/motorware/motorware_1_01_00_17/sw/drivers/pwr/src/32b/f28x/f2802x/pwr.c",line 156
      74 00000002 A8A9          MOVL      ACC,XAR4              ; [CPU_] |156| 
      75 00000003 FF10          ADD       ACC,#26265 << 0       ; [CPU_] |156| 
         00000004 6699 
      76 00000005 83A9          MOVL      XAR5,ACC              ; [CPU_] |156| 
      77                      .dwpsn  file "C:/ti/motorware/motorware_1_01_00_17/sw/drivers/pwr/src/32b/f28x/f2802x/pwr.c",line 159
      78 00000006 A8A9          MOVL      ACC,XAR4              ; [CPU_] |159| 
      79 00000007 FF10          ADD       ACC,#26265 << 0       ; [CPU_] |159| 
         00000008 6699 
      80 00000009 8AA9          MOVL      XAR4,ACC              ; [CPU_] |159| 
      81                      .dwpsn  file "C:/ti/motorware/motorware_1_01_00_17/sw/drivers/pwr/src/32b/f28x/f2802x/pwr.c",line 156
      82 0000000a 18C5          AND       *+XAR5[0],#0xff03     ; [CPU_] |156| 
         0000000b FF03 
      83                      .dwpsn  file "C:/ti/motorware/motorware_1_01_00_17/sw/drivers/pwr/src/32b/f28x/f2802x/pwr.c",line 159
      84 0000000c 92A6          MOV       AL,AR6                ; [CPU_] |159| 
      85 0000000d 98C4          OR        *+XAR4[0],AL          ; [CPU_] |159| 
      86 0000000e 761A   EDIS
      87 0000000f FF69          SPM       #0                    ; [CPU_] 
      88              $C$DW$6 .dwtag  DW_TAG_TI_branch
      89                      .dwattr $C$DW$6, DW_AT_low_pc(0x00)
      90                      .dwattr $C$DW$6, DW_AT_TI_return
      91              
      92 00000010 0006          LRETR     ; [CPU_] 
      93                      ; return occurs ; [] 
      94                      .dwattr $C$DW$1, DW_AT_TI_end_file("C:/ti/motorware/motorware_1_01_00_17/sw/drivers/pwr/src/32b/f28x/
      95                      .dwattr $C$DW$1, DW_AT_TI_end_line(0xa4)
      96                      .dwattr $C$DW$1, DW_AT_TI_end_column(0x01)
      97                      .dwendentry
      98                      .dwendtag $C$DW$1
      99              
     100 00000011               .sect   ".text"
     101                      .clink
     102                      .global _PWR_setLowPowerMode
     103              
     104              $C$DW$7 .dwtag  DW_TAG_subprogram
     105                      .dwattr $C$DW$7, DW_AT_name("PWR_setLowPowerMode")
     106                      .dwattr $C$DW$7, DW_AT_low_pc(_PWR_setLowPowerMode)
     107                      .dwattr $C$DW$7, DW_AT_high_pc(0x00)
TMS320C2000 Assembler PC v16.9.1 Wed Jan 04 15:50:43 2017

Tools Copyright (c) 1996-2015 Texas Instruments Incorporated
C:\Users\ROSSYE~1\AppData\Local\Temp\0035610                         PAGE    3

     108                      .dwattr $C$DW$7, DW_AT_TI_symbol_name("_PWR_setLowPowerMode")
     109                      .dwattr $C$DW$7, DW_AT_external
     110                      .dwattr $C$DW$7, DW_AT_TI_begin_file("C:/ti/motorware/motorware_1_01_00_17/sw/drivers/pwr/src/32b/f28
     111                      .dwattr $C$DW$7, DW_AT_TI_begin_line(0x80)
     112                      .dwattr $C$DW$7, DW_AT_TI_begin_column(0x06)
     113                      .dwattr $C$DW$7, DW_AT_TI_max_frame_size(-2)
     114                      .dwpsn  file "C:/ti/motorware/motorware_1_01_00_17/sw/drivers/pwr/src/32b/f28x/f2802x/pwr.c",line 129
     115              
     116                      .dwfde $C$DW$CIE, _PWR_setLowPowerMode
     117              $C$DW$8 .dwtag  DW_TAG_formal_parameter
     118                      .dwattr $C$DW$8, DW_AT_name("pwrHandle")
     119                      .dwattr $C$DW$8, DW_AT_TI_symbol_name("_pwrHandle")
     120                      .dwattr $C$DW$8, DW_AT_type(*$C$DW$T$31)
     121                      .dwattr $C$DW$8, DW_AT_location[DW_OP_reg12]
     122              
     123              $C$DW$9 .dwtag  DW_TAG_formal_parameter
     124                      .dwattr $C$DW$9, DW_AT_name("lowPowerMode")
     125                      .dwattr $C$DW$9, DW_AT_TI_symbol_name("_lowPowerMode")
     126                      .dwattr $C$DW$9, DW_AT_type(*$C$DW$T$24)
     127                      .dwattr $C$DW$9, DW_AT_location[DW_OP_reg0]
     128              
     129              
     130              ;***************************************************************
     131              ;* FNAME: _PWR_setLowPowerMode          FR SIZE:   0           *
     132              ;*                                                             *
     133              ;* FUNCTION ENVIRONMENT                                        *
     134              ;*                                                             *
     135              ;* FUNCTION PROPERTIES                                         *
     136              ;*                            0 Parameter,  0 Auto,  0 SOE     *
     137              ;***************************************************************
     138              
     139              _PWR_setLowPowerMode:
     140              ;* AR4   assigned to _pwrHandle
     141              $C$DW$10        .dwtag  DW_TAG_variable
     142                      .dwattr $C$DW$10, DW_AT_name("pwrHandle")
     143                      .dwattr $C$DW$10, DW_AT_TI_symbol_name("_pwrHandle")
     144                      .dwattr $C$DW$10, DW_AT_type(*$C$DW$T$32)
     145                      .dwattr $C$DW$10, DW_AT_location[DW_OP_reg12]
     146              
     147              ;* AR6   assigned to _lowPowerMode
     148              $C$DW$11        .dwtag  DW_TAG_variable
     149                      .dwattr $C$DW$11, DW_AT_name("lowPowerMode")
     150                      .dwattr $C$DW$11, DW_AT_TI_symbol_name("_lowPowerMode")
     151                      .dwattr $C$DW$11, DW_AT_type(*$C$DW$T$25)
     152                      .dwattr $C$DW$11, DW_AT_location[DW_OP_reg16]
     153              
     154                      .dwcfi  cfa_offset, -2
     155                      .dwcfi  save_reg_to_mem, 26, 0
     156 00000011 88A9          MOVZ      AR6,AL                ; [CPU_] |129| 
     157 00000012 7622   EALLOW
     158                      .dwpsn  file "C:/ti/motorware/motorware_1_01_00_17/sw/drivers/pwr/src/32b/f28x/f2802x/pwr.c",line 137
     159 00000013 A8A9          MOVL      ACC,XAR4              ; [CPU_] |137| 
     160 00000014 FF10          ADD       ACC,#26265 << 0       ; [CPU_] |137| 
         00000015 6699 
     161 00000016 83A9          MOVL      XAR5,ACC              ; [CPU_] |137| 
TMS320C2000 Assembler PC v16.9.1 Wed Jan 04 15:50:43 2017

Tools Copyright (c) 1996-2015 Texas Instruments Incorporated
C:\Users\ROSSYE~1\AppData\Local\Temp\0035610                         PAGE    4

     162                      .dwpsn  file "C:/ti/motorware/motorware_1_01_00_17/sw/drivers/pwr/src/32b/f28x/f2802x/pwr.c",line 140
     163 00000017 A8A9          MOVL      ACC,XAR4              ; [CPU_] |140| 
     164 00000018 FF10          ADD       ACC,#26265 << 0       ; [CPU_] |140| 
         00000019 6699 
     165 0000001a 8AA9          MOVL      XAR4,ACC              ; [CPU_] |140| 
     166                      .dwpsn  file "C:/ti/motorware/motorware_1_01_00_17/sw/drivers/pwr/src/32b/f28x/f2802x/pwr.c",line 137
     167 0000001b 18C5          AND       *+XAR5[0],#0xfffc     ; [CPU_] |137| 
         0000001c FFFC 
     168                      .dwpsn  file "C:/ti/motorware/motorware_1_01_00_17/sw/drivers/pwr/src/32b/f28x/f2802x/pwr.c",line 140
     169 0000001d 92A6          MOV       AL,AR6                ; [CPU_] |140| 
     170 0000001e 98C4          OR        *+XAR4[0],AL          ; [CPU_] |140| 
     171 0000001f 761A   EDIS
     172 00000020 FF69          SPM       #0                    ; [CPU_] 
     173              $C$DW$12        .dwtag  DW_TAG_TI_branch
     174                      .dwattr $C$DW$12, DW_AT_low_pc(0x00)
     175                      .dwattr $C$DW$12, DW_AT_TI_return
     176              
     177 00000021 0006          LRETR     ; [CPU_] 
     178                      ; return occurs ; [] 
     179                      .dwattr $C$DW$7, DW_AT_TI_end_file("C:/ti/motorware/motorware_1_01_00_17/sw/drivers/pwr/src/32b/f28x/
     180                      .dwattr $C$DW$7, DW_AT_TI_end_line(0x91)
     181                      .dwattr $C$DW$7, DW_AT_TI_end_column(0x01)
     182                      .dwendentry
     183                      .dwendtag $C$DW$7
     184              
     185 00000022               .sect   ".text"
     186                      .clink
     187                      .global _PWR_init
     188              
     189              $C$DW$13        .dwtag  DW_TAG_subprogram
     190                      .dwattr $C$DW$13, DW_AT_name("PWR_init")
     191                      .dwattr $C$DW$13, DW_AT_low_pc(_PWR_init)
     192                      .dwattr $C$DW$13, DW_AT_high_pc(0x00)
     193                      .dwattr $C$DW$13, DW_AT_TI_symbol_name("_PWR_init")
     194                      .dwattr $C$DW$13, DW_AT_external
     195                      .dwattr $C$DW$13, DW_AT_type(*$C$DW$T$31)
     196                      .dwattr $C$DW$13, DW_AT_TI_begin_file("C:/ti/motorware/motorware_1_01_00_17/sw/drivers/pwr/src/32b/f2
     197                      .dwattr $C$DW$13, DW_AT_TI_begin_line(0x71)
     198                      .dwattr $C$DW$13, DW_AT_TI_begin_column(0x0c)
     199                      .dwattr $C$DW$13, DW_AT_TI_max_frame_size(-2)
     200                      .dwpsn  file "C:/ti/motorware/motorware_1_01_00_17/sw/drivers/pwr/src/32b/f28x/f2802x/pwr.c",line 114
     201              
     202                      .dwfde $C$DW$CIE, _PWR_init
     203              $C$DW$14        .dwtag  DW_TAG_formal_parameter
     204                      .dwattr $C$DW$14, DW_AT_name("pMemory")
     205                      .dwattr $C$DW$14, DW_AT_TI_symbol_name("_pMemory")
     206                      .dwattr $C$DW$14, DW_AT_type(*$C$DW$T$3)
     207                      .dwattr $C$DW$14, DW_AT_location[DW_OP_reg12]
     208              
     209              $C$DW$15        .dwtag  DW_TAG_formal_parameter
     210                      .dwattr $C$DW$15, DW_AT_name("numBytes")
     211                      .dwattr $C$DW$15, DW_AT_TI_symbol_name("_numBytes")
     212                      .dwattr $C$DW$15, DW_AT_type(*$C$DW$T$33)
     213                      .dwattr $C$DW$15, DW_AT_location[DW_OP_reg0]
     214              
TMS320C2000 Assembler PC v16.9.1 Wed Jan 04 15:50:43 2017

Tools Copyright (c) 1996-2015 Texas Instruments Incorporated
C:\Users\ROSSYE~1\AppData\Local\Temp\0035610                         PAGE    5

     215              
     216              ;***************************************************************
     217              ;* FNAME: _PWR_init                     FR SIZE:   0           *
     218              ;*                                                             *
     219              ;* FUNCTION ENVIRONMENT                                        *
     220              ;*                                                             *
     221              ;* FUNCTION PROPERTIES                                         *
     222              ;*                            0 Parameter,  0 Auto,  0 SOE     *
     223              ;***************************************************************
     224              
     225              _PWR_init:
     226              ;* AR6   assigned to _numBytes
     227              $C$DW$16        .dwtag  DW_TAG_variable
     228                      .dwattr $C$DW$16, DW_AT_name("numBytes")
     229                      .dwattr $C$DW$16, DW_AT_TI_symbol_name("_numBytes")
     230                      .dwattr $C$DW$16, DW_AT_type(*$C$DW$T$34)
     231                      .dwattr $C$DW$16, DW_AT_location[DW_OP_reg16]
     232              
     233                      .dwcfi  cfa_offset, -2
     234                      .dwcfi  save_reg_to_mem, 26, 0
     235 00000022 1EA6          MOVL      XAR6,ACC              ; [CPU_] |114| 
     236                      .dwpsn  file "C:/ti/motorware/motorware_1_01_00_17/sw/drivers/pwr/src/32b/f28x/f2802x/pwr.c",line 119
     237 00000023 8F40          MOVL      XAR5,#26266           ; [CPU_U] |119| 
         00000024 669A 
     238 00000025 A0A9          MOVL      ACC,XAR5              ; [CPU_] |119| 
     239 00000026 0FA6          CMPL      ACC,XAR6              ; [CPU_] |119| 
     240 00000027 6902          B         $C$L1,LOS             ; [CPU_] |119| 
     241                      ; branchcc occurs ; [] |119| 
     242 00000028 D400          MOVB      XAR4,#0               ; [CPU_] |119| 
     243              $C$L1:    
     244              $C$DW$17        .dwtag  DW_TAG_TI_branch
     245                      .dwattr $C$DW$17, DW_AT_low_pc(0x00)
     246                      .dwattr $C$DW$17, DW_AT_TI_return
     247              
     248 00000029 0006          LRETR     ; [CPU_] 
     249                      ; return occurs ; [] 
     250                      .dwattr $C$DW$13, DW_AT_TI_end_file("C:/ti/motorware/motorware_1_01_00_17/sw/drivers/pwr/src/32b/f28x
     251                      .dwattr $C$DW$13, DW_AT_TI_end_line(0x7d)
     252                      .dwattr $C$DW$13, DW_AT_TI_end_column(0x01)
     253                      .dwendentry
     254                      .dwendtag $C$DW$13
     255              
     256 0000002a               .sect   ".text"
     257                      .clink
     258                      .global _PWR_enableWatchDogInt
     259              
     260              $C$DW$18        .dwtag  DW_TAG_subprogram
     261                      .dwattr $C$DW$18, DW_AT_name("PWR_enableWatchDogInt")
     262                      .dwattr $C$DW$18, DW_AT_low_pc(_PWR_enableWatchDogInt)
     263                      .dwattr $C$DW$18, DW_AT_high_pc(0x00)
     264                      .dwattr $C$DW$18, DW_AT_TI_symbol_name("_PWR_enableWatchDogInt")
     265                      .dwattr $C$DW$18, DW_AT_external
     266                      .dwattr $C$DW$18, DW_AT_TI_begin_file("C:/ti/motorware/motorware_1_01_00_17/sw/drivers/pwr/src/32b/f2
     267                      .dwattr $C$DW$18, DW_AT_TI_begin_line(0x61)
     268                      .dwattr $C$DW$18, DW_AT_TI_begin_column(0x06)
TMS320C2000 Assembler PC v16.9.1 Wed Jan 04 15:50:43 2017

Tools Copyright (c) 1996-2015 Texas Instruments Incorporated
C:\Users\ROSSYE~1\AppData\Local\Temp\0035610                         PAGE    6

     269                      .dwattr $C$DW$18, DW_AT_TI_max_frame_size(-2)
     270                      .dwpsn  file "C:/ti/motorware/motorware_1_01_00_17/sw/drivers/pwr/src/32b/f28x/f2802x/pwr.c",line 98,
     271              
     272                      .dwfde $C$DW$CIE, _PWR_enableWatchDogInt
     273              $C$DW$19        .dwtag  DW_TAG_formal_parameter
     274                      .dwattr $C$DW$19, DW_AT_name("pwrHandle")
     275                      .dwattr $C$DW$19, DW_AT_TI_symbol_name("_pwrHandle")
     276                      .dwattr $C$DW$19, DW_AT_type(*$C$DW$T$31)
     277                      .dwattr $C$DW$19, DW_AT_location[DW_OP_reg12]
     278              
     279              
     280              ;***************************************************************
     281              ;* FNAME: _PWR_enableWatchDogInt        FR SIZE:   0           *
     282              ;*                                                             *
     283              ;* FUNCTION ENVIRONMENT                                        *
     284              ;*                                                             *
     285              ;* FUNCTION PROPERTIES                                         *
     286              ;*                            0 Parameter,  0 Auto,  0 SOE     *
     287              ;***************************************************************
     288              
     289              _PWR_enableWatchDogInt:
     290              ;* AR4   assigned to _pwrHandle
     291              $C$DW$20        .dwtag  DW_TAG_variable
     292                      .dwattr $C$DW$20, DW_AT_name("pwrHandle")
     293                      .dwattr $C$DW$20, DW_AT_TI_symbol_name("_pwrHandle")
     294                      .dwattr $C$DW$20, DW_AT_type(*$C$DW$T$32)
     295                      .dwattr $C$DW$20, DW_AT_location[DW_OP_reg12]
     296              
     297                      .dwcfi  cfa_offset, -2
     298                      .dwcfi  save_reg_to_mem, 26, 0
     299 0000002a 7622   EALLOW
     300                      .dwpsn  file "C:/ti/motorware/motorware_1_01_00_17/sw/drivers/pwr/src/32b/f28x/f2802x/pwr.c",line 105
     301 0000002b A8A9          MOVL      ACC,XAR4              ; [CPU_] |105| 
     302 0000002c FF10          ADD       ACC,#26265 << 0       ; [CPU_] |105| 
         0000002d 6699 
     303 0000002e 8AA9          MOVL      XAR4,ACC              ; [CPU_] |105| 
     304 0000002f 1AC4          OR        *+XAR4[0],#0x8000     ; [CPU_] |105| 
         00000030 8000 
     305 00000031 761A   EDIS
     306 00000032 FF69          SPM       #0                    ; [CPU_] 
     307              $C$DW$21        .dwtag  DW_TAG_TI_branch
     308                      .dwattr $C$DW$21, DW_AT_low_pc(0x00)
     309                      .dwattr $C$DW$21, DW_AT_TI_return
     310              
     311 00000033 0006          LRETR     ; [CPU_] 
     312                      ; return occurs ; [] 
     313                      .dwattr $C$DW$18, DW_AT_TI_end_file("C:/ti/motorware/motorware_1_01_00_17/sw/drivers/pwr/src/32b/f28x
     314                      .dwattr $C$DW$18, DW_AT_TI_end_line(0x6e)
     315                      .dwattr $C$DW$18, DW_AT_TI_end_column(0x01)
     316                      .dwendentry
     317                      .dwendtag $C$DW$18
     318              
     319 00000034               .sect   ".text"
     320                      .clink
     321                      .global _PWR_enableBrownOutReset
TMS320C2000 Assembler PC v16.9.1 Wed Jan 04 15:50:43 2017

Tools Copyright (c) 1996-2015 Texas Instruments Incorporated
C:\Users\ROSSYE~1\AppData\Local\Temp\0035610                         PAGE    7

     322              
     323              $C$DW$22        .dwtag  DW_TAG_subprogram
     324                      .dwattr $C$DW$22, DW_AT_name("PWR_enableBrownOutReset")
     325                      .dwattr $C$DW$22, DW_AT_low_pc(_PWR_enableBrownOutReset)
     326                      .dwattr $C$DW$22, DW_AT_high_pc(0x00)
     327                      .dwattr $C$DW$22, DW_AT_TI_symbol_name("_PWR_enableBrownOutReset")
     328                      .dwattr $C$DW$22, DW_AT_external
     329                      .dwattr $C$DW$22, DW_AT_TI_begin_file("C:/ti/motorware/motorware_1_01_00_17/sw/drivers/pwr/src/32b/f2
     330                      .dwattr $C$DW$22, DW_AT_TI_begin_line(0x55)
     331                      .dwattr $C$DW$22, DW_AT_TI_begin_column(0x06)
     332                      .dwattr $C$DW$22, DW_AT_TI_max_frame_size(-2)
     333                      .dwpsn  file "C:/ti/motorware/motorware_1_01_00_17/sw/drivers/pwr/src/32b/f28x/f2802x/pwr.c",line 86,
     334              
     335                      .dwfde $C$DW$CIE, _PWR_enableBrownOutReset
     336              $C$DW$23        .dwtag  DW_TAG_formal_parameter
     337                      .dwattr $C$DW$23, DW_AT_name("pwrHandle")
     338                      .dwattr $C$DW$23, DW_AT_TI_symbol_name("_pwrHandle")
     339                      .dwattr $C$DW$23, DW_AT_type(*$C$DW$T$31)
     340                      .dwattr $C$DW$23, DW_AT_location[DW_OP_reg12]
     341              
     342              
     343              ;***************************************************************
     344              ;* FNAME: _PWR_enableBrownOutReset      FR SIZE:   0           *
     345              ;*                                                             *
     346              ;* FUNCTION ENVIRONMENT                                        *
     347              ;*                                                             *
     348              ;* FUNCTION PROPERTIES                                         *
     349              ;*                            0 Parameter,  0 Auto,  0 SOE     *
     350              ;***************************************************************
     351              
     352              _PWR_enableBrownOutReset:
     353              ;* AR4   assigned to _pwrHandle
     354              $C$DW$24        .dwtag  DW_TAG_variable
     355                      .dwattr $C$DW$24, DW_AT_name("pwrHandle")
     356                      .dwattr $C$DW$24, DW_AT_TI_symbol_name("_pwrHandle")
     357                      .dwattr $C$DW$24, DW_AT_type(*$C$DW$T$32)
     358                      .dwattr $C$DW$24, DW_AT_location[DW_OP_reg12]
     359              
     360                      .dwcfi  cfa_offset, -2
     361                      .dwcfi  save_reg_to_mem, 26, 0
     362                      .dwpsn  file "C:/ti/motorware/motorware_1_01_00_17/sw/drivers/pwr/src/32b/f28x/f2802x/pwr.c",line 91,
     363 00000034 18C4          AND       *+XAR4[0],#0xfffe     ; [CPU_] |91| 
         00000035 FFFE 
     364              $C$DW$25        .dwtag  DW_TAG_TI_branch
     365                      .dwattr $C$DW$25, DW_AT_low_pc(0x00)
     366                      .dwattr $C$DW$25, DW_AT_TI_return
     367              
     368 00000036 0006          LRETR     ; [CPU_] 
     369                      ; return occurs ; [] 
     370                      .dwattr $C$DW$22, DW_AT_TI_end_file("C:/ti/motorware/motorware_1_01_00_17/sw/drivers/pwr/src/32b/f28x
     371                      .dwattr $C$DW$22, DW_AT_TI_end_line(0x5e)
     372                      .dwattr $C$DW$22, DW_AT_TI_end_column(0x01)
     373                      .dwendentry
     374                      .dwendtag $C$DW$22
     375              
TMS320C2000 Assembler PC v16.9.1 Wed Jan 04 15:50:43 2017

Tools Copyright (c) 1996-2015 Texas Instruments Incorporated
C:\Users\ROSSYE~1\AppData\Local\Temp\0035610                         PAGE    8

     376 00000037               .sect   ".text"
     377                      .clink
     378                      .global _PWR_disableWatchDogInt
     379              
     380              $C$DW$26        .dwtag  DW_TAG_subprogram
     381                      .dwattr $C$DW$26, DW_AT_name("PWR_disableWatchDogInt")
     382                      .dwattr $C$DW$26, DW_AT_low_pc(_PWR_disableWatchDogInt)
     383                      .dwattr $C$DW$26, DW_AT_high_pc(0x00)
     384                      .dwattr $C$DW$26, DW_AT_TI_symbol_name("_PWR_disableWatchDogInt")
     385                      .dwattr $C$DW$26, DW_AT_external
     386                      .dwattr $C$DW$26, DW_AT_TI_begin_file("C:/ti/motorware/motorware_1_01_00_17/sw/drivers/pwr/src/32b/f2
     387                      .dwattr $C$DW$26, DW_AT_TI_begin_line(0x45)
     388                      .dwattr $C$DW$26, DW_AT_TI_begin_column(0x06)
     389                      .dwattr $C$DW$26, DW_AT_TI_max_frame_size(-2)
     390                      .dwpsn  file "C:/ti/motorware/motorware_1_01_00_17/sw/drivers/pwr/src/32b/f28x/f2802x/pwr.c",line 70,
     391              
     392                      .dwfde $C$DW$CIE, _PWR_disableWatchDogInt
     393              $C$DW$27        .dwtag  DW_TAG_formal_parameter
     394                      .dwattr $C$DW$27, DW_AT_name("pwrHandle")
     395                      .dwattr $C$DW$27, DW_AT_TI_symbol_name("_pwrHandle")
     396                      .dwattr $C$DW$27, DW_AT_type(*$C$DW$T$31)
     397                      .dwattr $C$DW$27, DW_AT_location[DW_OP_reg12]
     398              
     399              
     400              ;***************************************************************
     401              ;* FNAME: _PWR_disableWatchDogInt       FR SIZE:   0           *
     402              ;*                                                             *
     403              ;* FUNCTION ENVIRONMENT                                        *
     404              ;*                                                             *
     405              ;* FUNCTION PROPERTIES                                         *
     406              ;*                            0 Parameter,  0 Auto,  0 SOE     *
     407              ;***************************************************************
     408              
     409              _PWR_disableWatchDogInt:
     410              ;* AR4   assigned to _pwrHandle
     411              $C$DW$28        .dwtag  DW_TAG_variable
     412                      .dwattr $C$DW$28, DW_AT_name("pwrHandle")
     413                      .dwattr $C$DW$28, DW_AT_TI_symbol_name("_pwrHandle")
     414                      .dwattr $C$DW$28, DW_AT_type(*$C$DW$T$32)
     415                      .dwattr $C$DW$28, DW_AT_location[DW_OP_reg12]
     416              
     417                      .dwcfi  cfa_offset, -2
     418                      .dwcfi  save_reg_to_mem, 26, 0
     419 00000037 7622   EALLOW
     420                      .dwpsn  file "C:/ti/motorware/motorware_1_01_00_17/sw/drivers/pwr/src/32b/f28x/f2802x/pwr.c",line 77,
     421 00000038 A8A9          MOVL      ACC,XAR4              ; [CPU_] |77| 
     422 00000039 FF10          ADD       ACC,#26265 << 0       ; [CPU_] |77| 
         0000003a 6699 
     423 0000003b 8AA9          MOVL      XAR4,ACC              ; [CPU_] |77| 
     424 0000003c 18C4          AND       *+XAR4[0],#0x7fff     ; [CPU_] |77| 
         0000003d 7FFF 
     425 0000003e 761A   EDIS
     426 0000003f FF69          SPM       #0                    ; [CPU_] 
     427              $C$DW$29        .dwtag  DW_TAG_TI_branch
     428                      .dwattr $C$DW$29, DW_AT_low_pc(0x00)
TMS320C2000 Assembler PC v16.9.1 Wed Jan 04 15:50:43 2017

Tools Copyright (c) 1996-2015 Texas Instruments Incorporated
C:\Users\ROSSYE~1\AppData\Local\Temp\0035610                         PAGE    9

     429                      .dwattr $C$DW$29, DW_AT_TI_return
     430              
     431 00000040 0006          LRETR     ; [CPU_] 
     432                      ; return occurs ; [] 
     433                      .dwattr $C$DW$26, DW_AT_TI_end_file("C:/ti/motorware/motorware_1_01_00_17/sw/drivers/pwr/src/32b/f28x
     434                      .dwattr $C$DW$26, DW_AT_TI_end_line(0x52)
     435                      .dwattr $C$DW$26, DW_AT_TI_end_column(0x01)
     436                      .dwendentry
     437                      .dwendtag $C$DW$26
     438              
     439 00000041               .sect   ".text"
     440                      .clink
     441                      .global _PWR_disableBrownOutReset
     442              
     443              $C$DW$30        .dwtag  DW_TAG_subprogram
     444                      .dwattr $C$DW$30, DW_AT_name("PWR_disableBrownOutReset")
     445                      .dwattr $C$DW$30, DW_AT_low_pc(_PWR_disableBrownOutReset)
     446                      .dwattr $C$DW$30, DW_AT_high_pc(0x00)
     447                      .dwattr $C$DW$30, DW_AT_TI_symbol_name("_PWR_disableBrownOutReset")
     448                      .dwattr $C$DW$30, DW_AT_external
     449                      .dwattr $C$DW$30, DW_AT_TI_begin_file("C:/ti/motorware/motorware_1_01_00_17/sw/drivers/pwr/src/32b/f2
     450                      .dwattr $C$DW$30, DW_AT_TI_begin_line(0x39)
     451                      .dwattr $C$DW$30, DW_AT_TI_begin_column(0x06)
     452                      .dwattr $C$DW$30, DW_AT_TI_max_frame_size(-2)
     453                      .dwpsn  file "C:/ti/motorware/motorware_1_01_00_17/sw/drivers/pwr/src/32b/f28x/f2802x/pwr.c",line 58,
     454              
     455                      .dwfde $C$DW$CIE, _PWR_disableBrownOutReset
     456              $C$DW$31        .dwtag  DW_TAG_formal_parameter
     457                      .dwattr $C$DW$31, DW_AT_name("pwrHandle")
     458                      .dwattr $C$DW$31, DW_AT_TI_symbol_name("_pwrHandle")
     459                      .dwattr $C$DW$31, DW_AT_type(*$C$DW$T$31)
     460                      .dwattr $C$DW$31, DW_AT_location[DW_OP_reg12]
     461              
     462              
     463              ;***************************************************************
     464              ;* FNAME: _PWR_disableBrownOutReset     FR SIZE:   0           *
     465              ;*                                                             *
     466              ;* FUNCTION ENVIRONMENT                                        *
     467              ;*                                                             *
     468              ;* FUNCTION PROPERTIES                                         *
     469              ;*                            0 Parameter,  0 Auto,  0 SOE     *
     470              ;***************************************************************
     471              
     472              _PWR_disableBrownOutReset:
     473              ;* AR4   assigned to _pwrHandle
     474              $C$DW$32        .dwtag  DW_TAG_variable
     475                      .dwattr $C$DW$32, DW_AT_name("pwrHandle")
     476                      .dwattr $C$DW$32, DW_AT_TI_symbol_name("_pwrHandle")
     477                      .dwattr $C$DW$32, DW_AT_type(*$C$DW$T$32)
     478                      .dwattr $C$DW$32, DW_AT_location[DW_OP_reg12]
     479              
     480                      .dwcfi  cfa_offset, -2
     481                      .dwcfi  save_reg_to_mem, 26, 0
     482                      .dwpsn  file "C:/ti/motorware/motorware_1_01_00_17/sw/drivers/pwr/src/32b/f28x/f2802x/pwr.c",line 63,
     483 00000041 1AC4          OR        *+XAR4[0],#0x0001     ; [CPU_] |63| 
TMS320C2000 Assembler PC v16.9.1 Wed Jan 04 15:50:43 2017

Tools Copyright (c) 1996-2015 Texas Instruments Incorporated
C:\Users\ROSSYE~1\AppData\Local\Temp\0035610                         PAGE   10

         00000042 0001 
     484              $C$DW$33        .dwtag  DW_TAG_TI_branch
     485                      .dwattr $C$DW$33, DW_AT_low_pc(0x00)
     486                      .dwattr $C$DW$33, DW_AT_TI_return
     487              
     488 00000043 0006          LRETR     ; [CPU_] 
     489                      ; return occurs ; [] 
     490                      .dwattr $C$DW$30, DW_AT_TI_end_file("C:/ti/motorware/motorware_1_01_00_17/sw/drivers/pwr/src/32b/f28x
     491                      .dwattr $C$DW$30, DW_AT_TI_end_line(0x42)
     492                      .dwattr $C$DW$30, DW_AT_TI_end_column(0x01)
     493                      .dwendentry
     494                      .dwendtag $C$DW$30
     495              
     496              
     497              ;***************************************************************
     498              ;* TYPE INFORMATION                                            *
     499              ;***************************************************************
     500              
     501              $C$DW$T$23      .dwtag  DW_TAG_enumeration_type
     502                      .dwattr $C$DW$T$23, DW_AT_byte_size(0x01)
     503              $C$DW$34        .dwtag  DW_TAG_enumerator
     504                      .dwattr $C$DW$34, DW_AT_name("PWR_LowPowerMode_Idle")
     505                      .dwattr $C$DW$34, DW_AT_const_value(0x00)
     506              
     507              $C$DW$35        .dwtag  DW_TAG_enumerator
     508                      .dwattr $C$DW$35, DW_AT_name("PWR_LowPowerMode_Standby")
     509                      .dwattr $C$DW$35, DW_AT_const_value(0x01)
     510              
     511              $C$DW$36        .dwtag  DW_TAG_enumerator
     512                      .dwattr $C$DW$36, DW_AT_name("PWR_LowPowerMode_Halt")
     513                      .dwattr $C$DW$36, DW_AT_const_value(0x02)
     514              
     515                      .dwendtag $C$DW$T$23
     516              
     517              $C$DW$T$24      .dwtag  DW_TAG_typedef
     518                      .dwattr $C$DW$T$24, DW_AT_name("PWR_LowPowerMode_e")
     519                      .dwattr $C$DW$T$24, DW_AT_type(*$C$DW$T$23)
     520                      .dwattr $C$DW$T$24, DW_AT_language(DW_LANG_C)
     521              
     522              $C$DW$37        .dwtag  DW_TAG_TI_far_type
     523                      .dwattr $C$DW$37, DW_AT_type(*$C$DW$T$24)
     524              
     525              $C$DW$T$25      .dwtag  DW_TAG_const_type
     526                      .dwattr $C$DW$T$25, DW_AT_type(*$C$DW$37)
     527              
     528              
     529              $C$DW$T$26      .dwtag  DW_TAG_enumeration_type
     530                      .dwattr $C$DW$T$26, DW_AT_byte_size(0x01)
     531              $C$DW$38        .dwtag  DW_TAG_enumerator
     532                      .dwattr $C$DW$38, DW_AT_name("PWR_NumStandByClocks_2")
     533                      .dwattr $C$DW$38, DW_AT_const_value(0x00)
     534              
     535              $C$DW$39        .dwtag  DW_TAG_enumerator
     536                      .dwattr $C$DW$39, DW_AT_name("PWR_NumStandByClocks_3")
     537                      .dwattr $C$DW$39, DW_AT_const_value(0x04)
TMS320C2000 Assembler PC v16.9.1 Wed Jan 04 15:50:43 2017

Tools Copyright (c) 1996-2015 Texas Instruments Incorporated
C:\Users\ROSSYE~1\AppData\Local\Temp\0035610                         PAGE   11

     538              
     539              $C$DW$40        .dwtag  DW_TAG_enumerator
     540                      .dwattr $C$DW$40, DW_AT_name("PWR_NumStandByClocks_4")
     541                      .dwattr $C$DW$40, DW_AT_const_value(0x08)
     542              
     543              $C$DW$41        .dwtag  DW_TAG_enumerator
     544                      .dwattr $C$DW$41, DW_AT_name("PWR_NumStandByClocks_5")
     545                      .dwattr $C$DW$41, DW_AT_const_value(0x0c)
     546              
     547              $C$DW$42        .dwtag  DW_TAG_enumerator
     548                      .dwattr $C$DW$42, DW_AT_name("PWR_NumStandByClocks_6")
     549                      .dwattr $C$DW$42, DW_AT_const_value(0x10)
     550              
     551              $C$DW$43        .dwtag  DW_TAG_enumerator
     552                      .dwattr $C$DW$43, DW_AT_name("PWR_NumStandByClocks_7")
     553                      .dwattr $C$DW$43, DW_AT_const_value(0x14)
     554              
     555              $C$DW$44        .dwtag  DW_TAG_enumerator
     556                      .dwattr $C$DW$44, DW_AT_name("PWR_NumStandByClocks_8")
     557                      .dwattr $C$DW$44, DW_AT_const_value(0x18)
     558              
     559              $C$DW$45        .dwtag  DW_TAG_enumerator
     560                      .dwattr $C$DW$45, DW_AT_name("PWR_NumStandByClocks_9")
     561                      .dwattr $C$DW$45, DW_AT_const_value(0x1c)
     562              
     563              $C$DW$46        .dwtag  DW_TAG_enumerator
     564                      .dwattr $C$DW$46, DW_AT_name("PWR_NumStandByClocks_10")
     565                      .dwattr $C$DW$46, DW_AT_const_value(0x20)
     566              
     567              $C$DW$47        .dwtag  DW_TAG_enumerator
     568                      .dwattr $C$DW$47, DW_AT_name("PWR_NumStandByClocks_11")
     569                      .dwattr $C$DW$47, DW_AT_const_value(0x24)
     570              
     571              $C$DW$48        .dwtag  DW_TAG_enumerator
     572                      .dwattr $C$DW$48, DW_AT_name("PWR_NumStandByClocks_12")
     573                      .dwattr $C$DW$48, DW_AT_const_value(0x28)
     574              
     575              $C$DW$49        .dwtag  DW_TAG_enumerator
     576                      .dwattr $C$DW$49, DW_AT_name("PWR_NumStandByClocks_13")
     577                      .dwattr $C$DW$49, DW_AT_const_value(0x2c)
     578              
     579              $C$DW$50        .dwtag  DW_TAG_enumerator
     580                      .dwattr $C$DW$50, DW_AT_name("PWR_NumStandByClocks_14")
     581                      .dwattr $C$DW$50, DW_AT_const_value(0x30)
     582              
     583              $C$DW$51        .dwtag  DW_TAG_enumerator
     584                      .dwattr $C$DW$51, DW_AT_name("PWR_NumStandByClocks_15")
     585                      .dwattr $C$DW$51, DW_AT_const_value(0x34)
     586              
     587              $C$DW$52        .dwtag  DW_TAG_enumerator
     588                      .dwattr $C$DW$52, DW_AT_name("PWR_NumStandByClocks_16")
     589                      .dwattr $C$DW$52, DW_AT_const_value(0x38)
     590              
     591              $C$DW$53        .dwtag  DW_TAG_enumerator
     592                      .dwattr $C$DW$53, DW_AT_name("PWR_NumStandByClocks_17")
TMS320C2000 Assembler PC v16.9.1 Wed Jan 04 15:50:43 2017

Tools Copyright (c) 1996-2015 Texas Instruments Incorporated
C:\Users\ROSSYE~1\AppData\Local\Temp\0035610                         PAGE   12

     593                      .dwattr $C$DW$53, DW_AT_const_value(0x3c)
     594              
     595              $C$DW$54        .dwtag  DW_TAG_enumerator
     596                      .dwattr $C$DW$54, DW_AT_name("PWR_NumStandByClocks_18")
     597                      .dwattr $C$DW$54, DW_AT_const_value(0x40)
     598              
     599              $C$DW$55        .dwtag  DW_TAG_enumerator
     600                      .dwattr $C$DW$55, DW_AT_name("PWR_NumStandByClocks_19")
     601                      .dwattr $C$DW$55, DW_AT_const_value(0x44)
     602              
     603              $C$DW$56        .dwtag  DW_TAG_enumerator
     604                      .dwattr $C$DW$56, DW_AT_name("PWR_NumStandByClocks_20")
     605                      .dwattr $C$DW$56, DW_AT_const_value(0x48)
     606              
     607              $C$DW$57        .dwtag  DW_TAG_enumerator
     608                      .dwattr $C$DW$57, DW_AT_name("PWR_NumStandByClocks_21")
     609                      .dwattr $C$DW$57, DW_AT_const_value(0x4c)
     610              
     611              $C$DW$58        .dwtag  DW_TAG_enumerator
     612                      .dwattr $C$DW$58, DW_AT_name("PWR_NumStandByClocks_22")
     613                      .dwattr $C$DW$58, DW_AT_const_value(0x50)
     614              
     615              $C$DW$59        .dwtag  DW_TAG_enumerator
     616                      .dwattr $C$DW$59, DW_AT_name("PWR_NumStandByClocks_23")
     617                      .dwattr $C$DW$59, DW_AT_const_value(0x54)
     618              
     619              $C$DW$60        .dwtag  DW_TAG_enumerator
     620                      .dwattr $C$DW$60, DW_AT_name("PWR_NumStandByClocks_24")
     621                      .dwattr $C$DW$60, DW_AT_const_value(0x58)
     622              
     623              $C$DW$61        .dwtag  DW_TAG_enumerator
     624                      .dwattr $C$DW$61, DW_AT_name("PWR_NumStandByClocks_25")
     625                      .dwattr $C$DW$61, DW_AT_const_value(0x5c)
     626              
     627              $C$DW$62        .dwtag  DW_TAG_enumerator
     628                      .dwattr $C$DW$62, DW_AT_name("PWR_NumStandByClocks_26")
     629                      .dwattr $C$DW$62, DW_AT_const_value(0x60)
     630              
     631              $C$DW$63        .dwtag  DW_TAG_enumerator
     632                      .dwattr $C$DW$63, DW_AT_name("PWR_NumStandByClocks_27")
     633                      .dwattr $C$DW$63, DW_AT_const_value(0x64)
     634              
     635              $C$DW$64        .dwtag  DW_TAG_enumerator
     636                      .dwattr $C$DW$64, DW_AT_name("PWR_NumStandByClocks_28")
     637                      .dwattr $C$DW$64, DW_AT_const_value(0x68)
     638              
     639              $C$DW$65        .dwtag  DW_TAG_enumerator
     640                      .dwattr $C$DW$65, DW_AT_name("PWR_NumStandByClocks_29")
     641                      .dwattr $C$DW$65, DW_AT_const_value(0x6c)
     642              
     643              $C$DW$66        .dwtag  DW_TAG_enumerator
     644                      .dwattr $C$DW$66, DW_AT_name("PWR_NumStandByClocks_30")
     645                      .dwattr $C$DW$66, DW_AT_const_value(0x70)
     646              
     647              $C$DW$67        .dwtag  DW_TAG_enumerator
TMS320C2000 Assembler PC v16.9.1 Wed Jan 04 15:50:43 2017

Tools Copyright (c) 1996-2015 Texas Instruments Incorporated
C:\Users\ROSSYE~1\AppData\Local\Temp\0035610                         PAGE   13

     648                      .dwattr $C$DW$67, DW_AT_name("PWR_NumStandByClocks_31")
     649                      .dwattr $C$DW$67, DW_AT_const_value(0x74)
     650              
     651              $C$DW$68        .dwtag  DW_TAG_enumerator
     652                      .dwattr $C$DW$68, DW_AT_name("PWR_NumStandByClocks_32")
     653                      .dwattr $C$DW$68, DW_AT_const_value(0x78)
     654              
     655              $C$DW$69        .dwtag  DW_TAG_enumerator
     656                      .dwattr $C$DW$69, DW_AT_name("PWR_NumStandByClocks_33")
     657                      .dwattr $C$DW$69, DW_AT_const_value(0x7c)
     658              
     659              $C$DW$70        .dwtag  DW_TAG_enumerator
     660                      .dwattr $C$DW$70, DW_AT_name("PWR_NumStandByClocks_34")
     661                      .dwattr $C$DW$70, DW_AT_const_value(0x80)
     662              
     663              $C$DW$71        .dwtag  DW_TAG_enumerator
     664                      .dwattr $C$DW$71, DW_AT_name("PWR_NumStandByClocks_35")
     665                      .dwattr $C$DW$71, DW_AT_const_value(0x84)
     666              
     667              $C$DW$72        .dwtag  DW_TAG_enumerator
     668                      .dwattr $C$DW$72, DW_AT_name("PWR_NumStandByClocks_36")
     669                      .dwattr $C$DW$72, DW_AT_const_value(0x88)
     670              
     671              $C$DW$73        .dwtag  DW_TAG_enumerator
     672                      .dwattr $C$DW$73, DW_AT_name("PWR_NumStandByClocks_37")
     673                      .dwattr $C$DW$73, DW_AT_const_value(0x8c)
     674              
     675              $C$DW$74        .dwtag  DW_TAG_enumerator
     676                      .dwattr $C$DW$74, DW_AT_name("PWR_NumStandByClocks_38")
     677                      .dwattr $C$DW$74, DW_AT_const_value(0x90)
     678              
     679              $C$DW$75        .dwtag  DW_TAG_enumerator
     680                      .dwattr $C$DW$75, DW_AT_name("PWR_NumStandByClocks_39")
     681                      .dwattr $C$DW$75, DW_AT_const_value(0x94)
     682              
     683              $C$DW$76        .dwtag  DW_TAG_enumerator
     684                      .dwattr $C$DW$76, DW_AT_name("PWR_NumStandByClocks_40")
     685                      .dwattr $C$DW$76, DW_AT_const_value(0x98)
     686              
     687              $C$DW$77        .dwtag  DW_TAG_enumerator
     688                      .dwattr $C$DW$77, DW_AT_name("PWR_NumStandByClocks_41")
     689                      .dwattr $C$DW$77, DW_AT_const_value(0x9c)
     690              
     691              $C$DW$78        .dwtag  DW_TAG_enumerator
     692                      .dwattr $C$DW$78, DW_AT_name("PWR_NumStandByClocks_42")
     693                      .dwattr $C$DW$78, DW_AT_const_value(0xa0)
     694              
     695              $C$DW$79        .dwtag  DW_TAG_enumerator
     696                      .dwattr $C$DW$79, DW_AT_name("PWR_NumStandByClocks_43")
     697                      .dwattr $C$DW$79, DW_AT_const_value(0xa4)
     698              
     699              $C$DW$80        .dwtag  DW_TAG_enumerator
     700                      .dwattr $C$DW$80, DW_AT_name("PWR_NumStandByClocks_44")
     701                      .dwattr $C$DW$80, DW_AT_const_value(0xa8)
     702              
TMS320C2000 Assembler PC v16.9.1 Wed Jan 04 15:50:43 2017

Tools Copyright (c) 1996-2015 Texas Instruments Incorporated
C:\Users\ROSSYE~1\AppData\Local\Temp\0035610                         PAGE   14

     703              $C$DW$81        .dwtag  DW_TAG_enumerator
     704                      .dwattr $C$DW$81, DW_AT_name("PWR_NumStandByClocks_45")
     705                      .dwattr $C$DW$81, DW_AT_const_value(0xac)
     706              
     707              $C$DW$82        .dwtag  DW_TAG_enumerator
     708                      .dwattr $C$DW$82, DW_AT_name("PWR_NumStandByClocks_46")
     709                      .dwattr $C$DW$82, DW_AT_const_value(0xb0)
     710              
     711              $C$DW$83        .dwtag  DW_TAG_enumerator
     712                      .dwattr $C$DW$83, DW_AT_name("PWR_NumStandByClocks_47")
     713                      .dwattr $C$DW$83, DW_AT_const_value(0xb4)
     714              
     715              $C$DW$84        .dwtag  DW_TAG_enumerator
     716                      .dwattr $C$DW$84, DW_AT_name("PWR_NumStandByClocks_48")
     717                      .dwattr $C$DW$84, DW_AT_const_value(0xb8)
     718              
     719              $C$DW$85        .dwtag  DW_TAG_enumerator
     720                      .dwattr $C$DW$85, DW_AT_name("PWR_NumStandByClocks_49")
     721                      .dwattr $C$DW$85, DW_AT_const_value(0xbc)
     722              
     723              $C$DW$86        .dwtag  DW_TAG_enumerator
     724                      .dwattr $C$DW$86, DW_AT_name("PWR_NumStandByClocks_50")
     725                      .dwattr $C$DW$86, DW_AT_const_value(0xc0)
     726              
     727              $C$DW$87        .dwtag  DW_TAG_enumerator
     728                      .dwattr $C$DW$87, DW_AT_name("PWR_NumStandByClocks_51")
     729                      .dwattr $C$DW$87, DW_AT_const_value(0xc4)
     730              
     731              $C$DW$88        .dwtag  DW_TAG_enumerator
     732                      .dwattr $C$DW$88, DW_AT_name("PWR_NumStandByClocks_52")
     733                      .dwattr $C$DW$88, DW_AT_const_value(0xc8)
     734              
     735              $C$DW$89        .dwtag  DW_TAG_enumerator
     736                      .dwattr $C$DW$89, DW_AT_name("PWR_NumStandByClocks_53")
     737                      .dwattr $C$DW$89, DW_AT_const_value(0xcc)
     738              
     739              $C$DW$90        .dwtag  DW_TAG_enumerator
     740                      .dwattr $C$DW$90, DW_AT_name("PWR_NumStandByClocks_54")
     741                      .dwattr $C$DW$90, DW_AT_const_value(0xd0)
     742              
     743              $C$DW$91        .dwtag  DW_TAG_enumerator
     744                      .dwattr $C$DW$91, DW_AT_name("PWR_NumStandByClocks_55")
     745                      .dwattr $C$DW$91, DW_AT_const_value(0xd4)
     746              
     747              $C$DW$92        .dwtag  DW_TAG_enumerator
     748                      .dwattr $C$DW$92, DW_AT_name("PWR_NumStandByClocks_56")
     749                      .dwattr $C$DW$92, DW_AT_const_value(0xd8)
     750              
     751              $C$DW$93        .dwtag  DW_TAG_enumerator
     752                      .dwattr $C$DW$93, DW_AT_name("PWR_NumStandByClocks_57")
     753                      .dwattr $C$DW$93, DW_AT_const_value(0xdc)
     754              
     755              $C$DW$94        .dwtag  DW_TAG_enumerator
     756                      .dwattr $C$DW$94, DW_AT_name("PWR_NumStandByClocks_58")
     757                      .dwattr $C$DW$94, DW_AT_const_value(0xe0)
TMS320C2000 Assembler PC v16.9.1 Wed Jan 04 15:50:43 2017

Tools Copyright (c) 1996-2015 Texas Instruments Incorporated
C:\Users\ROSSYE~1\AppData\Local\Temp\0035610                         PAGE   15

     758              
     759              $C$DW$95        .dwtag  DW_TAG_enumerator
     760                      .dwattr $C$DW$95, DW_AT_name("PWR_NumStandByClocks_59")
     761                      .dwattr $C$DW$95, DW_AT_const_value(0xe4)
     762              
     763              $C$DW$96        .dwtag  DW_TAG_enumerator
     764                      .dwattr $C$DW$96, DW_AT_name("PWR_NumStandByClocks_60")
     765                      .dwattr $C$DW$96, DW_AT_const_value(0xe8)
     766              
     767              $C$DW$97        .dwtag  DW_TAG_enumerator
     768                      .dwattr $C$DW$97, DW_AT_name("PWR_NumStandByClocks_61")
     769                      .dwattr $C$DW$97, DW_AT_const_value(0xec)
     770              
     771              $C$DW$98        .dwtag  DW_TAG_enumerator
     772                      .dwattr $C$DW$98, DW_AT_name("PWR_NumStandByClocks_62")
     773                      .dwattr $C$DW$98, DW_AT_const_value(0xf0)
     774              
     775              $C$DW$99        .dwtag  DW_TAG_enumerator
     776                      .dwattr $C$DW$99, DW_AT_name("PWR_NumStandByClocks_63")
     777                      .dwattr $C$DW$99, DW_AT_const_value(0xf4)
     778              
     779              $C$DW$100       .dwtag  DW_TAG_enumerator
     780                      .dwattr $C$DW$100, DW_AT_name("PWR_NumStandByClocks_64")
     781                      .dwattr $C$DW$100, DW_AT_const_value(0xf8)
     782              
     783              $C$DW$101       .dwtag  DW_TAG_enumerator
     784                      .dwattr $C$DW$101, DW_AT_name("PWR_NumStandByClocks_65")
     785                      .dwattr $C$DW$101, DW_AT_const_value(0xfc)
     786              
     787                      .dwendtag $C$DW$T$26
     788              
     789              $C$DW$T$27      .dwtag  DW_TAG_typedef
     790                      .dwattr $C$DW$T$27, DW_AT_name("PWR_NumStandByClocks_e")
     791                      .dwattr $C$DW$T$27, DW_AT_type(*$C$DW$T$26)
     792                      .dwattr $C$DW$T$27, DW_AT_language(DW_LANG_C)
     793              
     794              $C$DW$102       .dwtag  DW_TAG_TI_far_type
     795                      .dwattr $C$DW$102, DW_AT_type(*$C$DW$T$27)
     796              
     797              $C$DW$T$28      .dwtag  DW_TAG_const_type
     798                      .dwattr $C$DW$T$28, DW_AT_type(*$C$DW$102)
     799              
     800              
     801              $C$DW$T$22      .dwtag  DW_TAG_structure_type
     802                      .dwattr $C$DW$T$22, DW_AT_name("_PWR_Obj_")
     803                      .dwattr $C$DW$T$22, DW_AT_byte_size(0x669a)
     804              $C$DW$103       .dwtag  DW_TAG_member
     805                      .dwattr $C$DW$103, DW_AT_type(*$C$DW$T$20)
     806                      .dwattr $C$DW$103, DW_AT_name("BORCFG")
     807                      .dwattr $C$DW$103, DW_AT_TI_symbol_name("_BORCFG")
     808                      .dwattr $C$DW$103, DW_AT_data_member_location[DW_OP_plus_uconst 0x0]
     809                      .dwattr $C$DW$103, DW_AT_accessibility(DW_ACCESS_public)
     810              
     811              $C$DW$104       .dwtag  DW_TAG_member
     812                      .dwattr $C$DW$104, DW_AT_type(*$C$DW$T$21)
TMS320C2000 Assembler PC v16.9.1 Wed Jan 04 15:50:43 2017

Tools Copyright (c) 1996-2015 Texas Instruments Incorporated
C:\Users\ROSSYE~1\AppData\Local\Temp\0035610                         PAGE   16

     813                      .dwattr $C$DW$104, DW_AT_name("rsvd_1")
     814                      .dwattr $C$DW$104, DW_AT_TI_symbol_name("_rsvd_1")
     815                      .dwattr $C$DW$104, DW_AT_data_member_location[DW_OP_plus_uconst 0x1]
     816                      .dwattr $C$DW$104, DW_AT_accessibility(DW_ACCESS_public)
     817              
     818              $C$DW$105       .dwtag  DW_TAG_member
     819                      .dwattr $C$DW$105, DW_AT_type(*$C$DW$T$20)
     820                      .dwattr $C$DW$105, DW_AT_name("LPMCR0")
     821                      .dwattr $C$DW$105, DW_AT_TI_symbol_name("_LPMCR0")
     822                      .dwattr $C$DW$105, DW_AT_data_member_location[DW_OP_plus_uconst 0x6699]
     823                      .dwattr $C$DW$105, DW_AT_accessibility(DW_ACCESS_public)
     824              
     825                      .dwendtag $C$DW$T$22
     826              
     827              $C$DW$T$29      .dwtag  DW_TAG_typedef
     828                      .dwattr $C$DW$T$29, DW_AT_name("PWR_Obj")
     829                      .dwattr $C$DW$T$29, DW_AT_type(*$C$DW$T$22)
     830                      .dwattr $C$DW$T$29, DW_AT_language(DW_LANG_C)
     831              
     832              $C$DW$T$30      .dwtag  DW_TAG_pointer_type
     833                      .dwattr $C$DW$T$30, DW_AT_type(*$C$DW$T$22)
     834                      .dwattr $C$DW$T$30, DW_AT_address_class(0x20)
     835              
     836              $C$DW$T$31      .dwtag  DW_TAG_typedef
     837                      .dwattr $C$DW$T$31, DW_AT_name("PWR_Handle")
     838                      .dwattr $C$DW$T$31, DW_AT_type(*$C$DW$T$30)
     839                      .dwattr $C$DW$T$31, DW_AT_language(DW_LANG_C)
     840              
     841              $C$DW$106       .dwtag  DW_TAG_TI_far_type
     842                      .dwattr $C$DW$106, DW_AT_type(*$C$DW$T$31)
     843              
     844              $C$DW$T$32      .dwtag  DW_TAG_const_type
     845                      .dwattr $C$DW$T$32, DW_AT_type(*$C$DW$106)
     846              
     847              $C$DW$T$2       .dwtag  DW_TAG_unspecified_type
     848                      .dwattr $C$DW$T$2, DW_AT_name("void")
     849              
     850              $C$DW$T$3       .dwtag  DW_TAG_pointer_type
     851                      .dwattr $C$DW$T$3, DW_AT_type(*$C$DW$T$2)
     852                      .dwattr $C$DW$T$3, DW_AT_address_class(0x20)
     853              
     854              $C$DW$T$4       .dwtag  DW_TAG_base_type
     855                      .dwattr $C$DW$T$4, DW_AT_encoding(DW_ATE_boolean)
     856                      .dwattr $C$DW$T$4, DW_AT_name("bool")
     857                      .dwattr $C$DW$T$4, DW_AT_byte_size(0x01)
     858              
     859              $C$DW$T$5       .dwtag  DW_TAG_base_type
     860                      .dwattr $C$DW$T$5, DW_AT_encoding(DW_ATE_signed_char)
     861                      .dwattr $C$DW$T$5, DW_AT_name("signed char")
     862                      .dwattr $C$DW$T$5, DW_AT_byte_size(0x01)
     863              
     864              $C$DW$T$6       .dwtag  DW_TAG_base_type
     865                      .dwattr $C$DW$T$6, DW_AT_encoding(DW_ATE_unsigned_char)
     866                      .dwattr $C$DW$T$6, DW_AT_name("unsigned char")
     867                      .dwattr $C$DW$T$6, DW_AT_byte_size(0x01)
TMS320C2000 Assembler PC v16.9.1 Wed Jan 04 15:50:43 2017

Tools Copyright (c) 1996-2015 Texas Instruments Incorporated
C:\Users\ROSSYE~1\AppData\Local\Temp\0035610                         PAGE   17

     868              
     869              $C$DW$T$7       .dwtag  DW_TAG_base_type
     870                      .dwattr $C$DW$T$7, DW_AT_encoding(DW_ATE_signed_char)
     871                      .dwattr $C$DW$T$7, DW_AT_name("wchar_t")
     872                      .dwattr $C$DW$T$7, DW_AT_byte_size(0x01)
     873              
     874              $C$DW$T$8       .dwtag  DW_TAG_base_type
     875                      .dwattr $C$DW$T$8, DW_AT_encoding(DW_ATE_signed)
     876                      .dwattr $C$DW$T$8, DW_AT_name("short")
     877                      .dwattr $C$DW$T$8, DW_AT_byte_size(0x01)
     878              
     879              $C$DW$T$9       .dwtag  DW_TAG_base_type
     880                      .dwattr $C$DW$T$9, DW_AT_encoding(DW_ATE_unsigned)
     881                      .dwattr $C$DW$T$9, DW_AT_name("unsigned short")
     882                      .dwattr $C$DW$T$9, DW_AT_byte_size(0x01)
     883              
     884              $C$DW$T$10      .dwtag  DW_TAG_base_type
     885                      .dwattr $C$DW$T$10, DW_AT_encoding(DW_ATE_signed)
     886                      .dwattr $C$DW$T$10, DW_AT_name("int")
     887                      .dwattr $C$DW$T$10, DW_AT_byte_size(0x01)
     888              
     889              $C$DW$T$11      .dwtag  DW_TAG_base_type
     890                      .dwattr $C$DW$T$11, DW_AT_encoding(DW_ATE_unsigned)
     891                      .dwattr $C$DW$T$11, DW_AT_name("unsigned int")
     892                      .dwattr $C$DW$T$11, DW_AT_byte_size(0x01)
     893              
     894              $C$DW$T$19      .dwtag  DW_TAG_typedef
     895                      .dwattr $C$DW$T$19, DW_AT_name("uint16_t")
     896                      .dwattr $C$DW$T$19, DW_AT_type(*$C$DW$T$11)
     897                      .dwattr $C$DW$T$19, DW_AT_language(DW_LANG_C)
     898              
     899              $C$DW$107       .dwtag  DW_TAG_TI_far_type
     900                      .dwattr $C$DW$107, DW_AT_type(*$C$DW$T$19)
     901              
     902              $C$DW$T$20      .dwtag  DW_TAG_volatile_type
     903                      .dwattr $C$DW$T$20, DW_AT_type(*$C$DW$107)
     904              
     905              
     906              $C$DW$T$21      .dwtag  DW_TAG_array_type
     907                      .dwattr $C$DW$T$21, DW_AT_type(*$C$DW$T$20)
     908                      .dwattr $C$DW$T$21, DW_AT_language(DW_LANG_C)
     909                      .dwattr $C$DW$T$21, DW_AT_byte_size(0x6698)
     910              $C$DW$108       .dwtag  DW_TAG_subrange_type
     911                      .dwattr $C$DW$108, DW_AT_upper_bound(0x6697)
     912              
     913                      .dwendtag $C$DW$T$21
     914              
     915              $C$DW$T$12      .dwtag  DW_TAG_base_type
     916                      .dwattr $C$DW$T$12, DW_AT_encoding(DW_ATE_signed)
     917                      .dwattr $C$DW$T$12, DW_AT_name("long")
     918                      .dwattr $C$DW$T$12, DW_AT_byte_size(0x02)
     919              
     920              $C$DW$T$13      .dwtag  DW_TAG_base_type
     921                      .dwattr $C$DW$T$13, DW_AT_encoding(DW_ATE_unsigned)
     922                      .dwattr $C$DW$T$13, DW_AT_name("unsigned long")
TMS320C2000 Assembler PC v16.9.1 Wed Jan 04 15:50:43 2017

Tools Copyright (c) 1996-2015 Texas Instruments Incorporated
C:\Users\ROSSYE~1\AppData\Local\Temp\0035610                         PAGE   18

     923                      .dwattr $C$DW$T$13, DW_AT_byte_size(0x02)
     924              
     925              $C$DW$T$33      .dwtag  DW_TAG_typedef
     926                      .dwattr $C$DW$T$33, DW_AT_name("size_t")
     927                      .dwattr $C$DW$T$33, DW_AT_type(*$C$DW$T$13)
     928                      .dwattr $C$DW$T$33, DW_AT_language(DW_LANG_C)
     929              
     930              $C$DW$109       .dwtag  DW_TAG_TI_far_type
     931                      .dwattr $C$DW$109, DW_AT_type(*$C$DW$T$33)
     932              
     933              $C$DW$T$34      .dwtag  DW_TAG_const_type
     934                      .dwattr $C$DW$T$34, DW_AT_type(*$C$DW$109)
     935              
     936              $C$DW$T$14      .dwtag  DW_TAG_base_type
     937                      .dwattr $C$DW$T$14, DW_AT_encoding(DW_ATE_signed)
     938                      .dwattr $C$DW$T$14, DW_AT_name("long long")
     939                      .dwattr $C$DW$T$14, DW_AT_byte_size(0x04)
     940              
     941              $C$DW$T$15      .dwtag  DW_TAG_base_type
     942                      .dwattr $C$DW$T$15, DW_AT_encoding(DW_ATE_unsigned)
     943                      .dwattr $C$DW$T$15, DW_AT_name("unsigned long long")
     944                      .dwattr $C$DW$T$15, DW_AT_byte_size(0x04)
     945              
     946              $C$DW$T$16      .dwtag  DW_TAG_base_type
     947                      .dwattr $C$DW$T$16, DW_AT_encoding(DW_ATE_float)
     948                      .dwattr $C$DW$T$16, DW_AT_name("float")
     949                      .dwattr $C$DW$T$16, DW_AT_byte_size(0x02)
     950              
     951              $C$DW$T$17      .dwtag  DW_TAG_base_type
     952                      .dwattr $C$DW$T$17, DW_AT_encoding(DW_ATE_float)
     953                      .dwattr $C$DW$T$17, DW_AT_name("double")
     954                      .dwattr $C$DW$T$17, DW_AT_byte_size(0x02)
     955              
     956              $C$DW$T$18      .dwtag  DW_TAG_base_type
     957                      .dwattr $C$DW$T$18, DW_AT_encoding(DW_ATE_float)
     958                      .dwattr $C$DW$T$18, DW_AT_name("long double")
     959                      .dwattr $C$DW$T$18, DW_AT_byte_size(0x04)
     960              
     961                      .dwattr $C$DW$CU, DW_AT_language(DW_LANG_C)
     962              
     963              ;***************************************************************
     964              ;* DWARF CIE ENTRIES                                           *
     965              ;***************************************************************
     966              
     967              $C$DW$CIE       .dwcie 26
     968                      .dwcfi  cfa_register, 20
     969                      .dwcfi  cfa_offset, 0
     970                      .dwcfi  same_value, 28
     971                      .dwcfi  same_value, 6
     972                      .dwcfi  same_value, 7
     973                      .dwcfi  same_value, 8
     974                      .dwcfi  same_value, 9
     975                      .dwcfi  same_value, 10
     976                      .dwcfi  same_value, 11
     977                      .dwendentry
TMS320C2000 Assembler PC v16.9.1 Wed Jan 04 15:50:43 2017

Tools Copyright (c) 1996-2015 Texas Instruments Incorporated
C:\Users\ROSSYE~1\AppData\Local\Temp\0035610                         PAGE   19

     978              
     979              ;***************************************************************
     980              ;* DWARF REGISTER MAP                                          *
     981              ;***************************************************************
     982              
     983              $C$DW$110       .dwtag  DW_TAG_TI_assign_register
     984                      .dwattr $C$DW$110, DW_AT_name("AL")
     985                      .dwattr $C$DW$110, DW_AT_location[DW_OP_reg0]
     986              
     987              $C$DW$111       .dwtag  DW_TAG_TI_assign_register
     988                      .dwattr $C$DW$111, DW_AT_name("AH")
     989                      .dwattr $C$DW$111, DW_AT_location[DW_OP_reg1]
     990              
     991              $C$DW$112       .dwtag  DW_TAG_TI_assign_register
     992                      .dwattr $C$DW$112, DW_AT_name("PL")
     993                      .dwattr $C$DW$112, DW_AT_location[DW_OP_reg2]
     994              
     995              $C$DW$113       .dwtag  DW_TAG_TI_assign_register
     996                      .dwattr $C$DW$113, DW_AT_name("PH")
     997                      .dwattr $C$DW$113, DW_AT_location[DW_OP_reg3]
     998              
     999              $C$DW$114       .dwtag  DW_TAG_TI_assign_register
    1000                      .dwattr $C$DW$114, DW_AT_name("SP")
    1001                      .dwattr $C$DW$114, DW_AT_location[DW_OP_reg20]
    1002              
    1003              $C$DW$115       .dwtag  DW_TAG_TI_assign_register
    1004                      .dwattr $C$DW$115, DW_AT_name("XT")
    1005                      .dwattr $C$DW$115, DW_AT_location[DW_OP_reg21]
    1006              
    1007              $C$DW$116       .dwtag  DW_TAG_TI_assign_register
    1008                      .dwattr $C$DW$116, DW_AT_name("T")
    1009                      .dwattr $C$DW$116, DW_AT_location[DW_OP_reg22]
    1010              
    1011              $C$DW$117       .dwtag  DW_TAG_TI_assign_register
    1012                      .dwattr $C$DW$117, DW_AT_name("ST0")
    1013                      .dwattr $C$DW$117, DW_AT_location[DW_OP_reg23]
    1014              
    1015              $C$DW$118       .dwtag  DW_TAG_TI_assign_register
    1016                      .dwattr $C$DW$118, DW_AT_name("ST1")
    1017                      .dwattr $C$DW$118, DW_AT_location[DW_OP_reg24]
    1018              
    1019              $C$DW$119       .dwtag  DW_TAG_TI_assign_register
    1020                      .dwattr $C$DW$119, DW_AT_name("PC")
    1021                      .dwattr $C$DW$119, DW_AT_location[DW_OP_reg25]
    1022              
    1023              $C$DW$120       .dwtag  DW_TAG_TI_assign_register
    1024                      .dwattr $C$DW$120, DW_AT_name("RPC")
    1025                      .dwattr $C$DW$120, DW_AT_location[DW_OP_reg26]
    1026              
    1027              $C$DW$121       .dwtag  DW_TAG_TI_assign_register
    1028                      .dwattr $C$DW$121, DW_AT_name("FP")
    1029                      .dwattr $C$DW$121, DW_AT_location[DW_OP_reg28]
    1030              
    1031              $C$DW$122       .dwtag  DW_TAG_TI_assign_register
    1032                      .dwattr $C$DW$122, DW_AT_name("DP")
TMS320C2000 Assembler PC v16.9.1 Wed Jan 04 15:50:43 2017

Tools Copyright (c) 1996-2015 Texas Instruments Incorporated
C:\Users\ROSSYE~1\AppData\Local\Temp\0035610                         PAGE   20

    1033                      .dwattr $C$DW$122, DW_AT_location[DW_OP_reg29]
    1034              
    1035              $C$DW$123       .dwtag  DW_TAG_TI_assign_register
    1036                      .dwattr $C$DW$123, DW_AT_name("SXM")
    1037                      .dwattr $C$DW$123, DW_AT_location[DW_OP_reg30]
    1038              
    1039              $C$DW$124       .dwtag  DW_TAG_TI_assign_register
    1040                      .dwattr $C$DW$124, DW_AT_name("PM")
    1041                      .dwattr $C$DW$124, DW_AT_location[DW_OP_reg31]
    1042              
    1043              $C$DW$125       .dwtag  DW_TAG_TI_assign_register
    1044                      .dwattr $C$DW$125, DW_AT_name("OVM")
    1045                      .dwattr $C$DW$125, DW_AT_location[DW_OP_regx 0x20]
    1046              
    1047              $C$DW$126       .dwtag  DW_TAG_TI_assign_register
    1048                      .dwattr $C$DW$126, DW_AT_name("PAGE0")
    1049                      .dwattr $C$DW$126, DW_AT_location[DW_OP_regx 0x21]
    1050              
    1051              $C$DW$127       .dwtag  DW_TAG_TI_assign_register
    1052                      .dwattr $C$DW$127, DW_AT_name("AMODE")
    1053                      .dwattr $C$DW$127, DW_AT_location[DW_OP_regx 0x22]
    1054              
    1055              $C$DW$128       .dwtag  DW_TAG_TI_assign_register
    1056                      .dwattr $C$DW$128, DW_AT_name("INTM")
    1057                      .dwattr $C$DW$128, DW_AT_location[DW_OP_regx 0x23]
    1058              
    1059              $C$DW$129       .dwtag  DW_TAG_TI_assign_register
    1060                      .dwattr $C$DW$129, DW_AT_name("IFR")
    1061                      .dwattr $C$DW$129, DW_AT_location[DW_OP_regx 0x24]
    1062              
    1063              $C$DW$130       .dwtag  DW_TAG_TI_assign_register
    1064                      .dwattr $C$DW$130, DW_AT_name("IER")
    1065                      .dwattr $C$DW$130, DW_AT_location[DW_OP_regx 0x25]
    1066              
    1067              $C$DW$131       .dwtag  DW_TAG_TI_assign_register
    1068                      .dwattr $C$DW$131, DW_AT_name("V")
    1069                      .dwattr $C$DW$131, DW_AT_location[DW_OP_regx 0x26]
    1070              
    1071              $C$DW$132       .dwtag  DW_TAG_TI_assign_register
    1072                      .dwattr $C$DW$132, DW_AT_name("PSEUDOH")
    1073                      .dwattr $C$DW$132, DW_AT_location[DW_OP_regx 0x4c]
    1074              
    1075              $C$DW$133       .dwtag  DW_TAG_TI_assign_register
    1076                      .dwattr $C$DW$133, DW_AT_name("VOL")
    1077                      .dwattr $C$DW$133, DW_AT_location[DW_OP_regx 0x4d]
    1078              
    1079              $C$DW$134       .dwtag  DW_TAG_TI_assign_register
    1080                      .dwattr $C$DW$134, DW_AT_name("AR0")
    1081                      .dwattr $C$DW$134, DW_AT_location[DW_OP_reg4]
    1082              
    1083              $C$DW$135       .dwtag  DW_TAG_TI_assign_register
    1084                      .dwattr $C$DW$135, DW_AT_name("XAR0")
    1085                      .dwattr $C$DW$135, DW_AT_location[DW_OP_reg5]
    1086              
    1087              $C$DW$136       .dwtag  DW_TAG_TI_assign_register
TMS320C2000 Assembler PC v16.9.1 Wed Jan 04 15:50:43 2017

Tools Copyright (c) 1996-2015 Texas Instruments Incorporated
C:\Users\ROSSYE~1\AppData\Local\Temp\0035610                         PAGE   21

    1088                      .dwattr $C$DW$136, DW_AT_name("AR1")
    1089                      .dwattr $C$DW$136, DW_AT_location[DW_OP_reg6]
    1090              
    1091              $C$DW$137       .dwtag  DW_TAG_TI_assign_register
    1092                      .dwattr $C$DW$137, DW_AT_name("XAR1")
    1093                      .dwattr $C$DW$137, DW_AT_location[DW_OP_reg7]
    1094              
    1095              $C$DW$138       .dwtag  DW_TAG_TI_assign_register
    1096                      .dwattr $C$DW$138, DW_AT_name("AR2")
    1097                      .dwattr $C$DW$138, DW_AT_location[DW_OP_reg8]
    1098              
    1099              $C$DW$139       .dwtag  DW_TAG_TI_assign_register
    1100                      .dwattr $C$DW$139, DW_AT_name("XAR2")
    1101                      .dwattr $C$DW$139, DW_AT_location[DW_OP_reg9]
    1102              
    1103              $C$DW$140       .dwtag  DW_TAG_TI_assign_register
    1104                      .dwattr $C$DW$140, DW_AT_name("AR3")
    1105                      .dwattr $C$DW$140, DW_AT_location[DW_OP_reg10]
    1106              
    1107              $C$DW$141       .dwtag  DW_TAG_TI_assign_register
    1108                      .dwattr $C$DW$141, DW_AT_name("XAR3")
    1109                      .dwattr $C$DW$141, DW_AT_location[DW_OP_reg11]
    1110              
    1111              $C$DW$142       .dwtag  DW_TAG_TI_assign_register
    1112                      .dwattr $C$DW$142, DW_AT_name("AR4")
    1113                      .dwattr $C$DW$142, DW_AT_location[DW_OP_reg12]
    1114              
    1115              $C$DW$143       .dwtag  DW_TAG_TI_assign_register
    1116                      .dwattr $C$DW$143, DW_AT_name("XAR4")
    1117                      .dwattr $C$DW$143, DW_AT_location[DW_OP_reg13]
    1118              
    1119              $C$DW$144       .dwtag  DW_TAG_TI_assign_register
    1120                      .dwattr $C$DW$144, DW_AT_name("AR5")
    1121                      .dwattr $C$DW$144, DW_AT_location[DW_OP_reg14]
    1122              
    1123              $C$DW$145       .dwtag  DW_TAG_TI_assign_register
    1124                      .dwattr $C$DW$145, DW_AT_name("XAR5")
    1125                      .dwattr $C$DW$145, DW_AT_location[DW_OP_reg15]
    1126              
    1127              $C$DW$146       .dwtag  DW_TAG_TI_assign_register
    1128                      .dwattr $C$DW$146, DW_AT_name("AR6")
    1129                      .dwattr $C$DW$146, DW_AT_location[DW_OP_reg16]
    1130              
    1131              $C$DW$147       .dwtag  DW_TAG_TI_assign_register
    1132                      .dwattr $C$DW$147, DW_AT_name("XAR6")
    1133                      .dwattr $C$DW$147, DW_AT_location[DW_OP_reg17]
    1134              
    1135              $C$DW$148       .dwtag  DW_TAG_TI_assign_register
    1136                      .dwattr $C$DW$148, DW_AT_name("AR7")
    1137                      .dwattr $C$DW$148, DW_AT_location[DW_OP_reg18]
    1138              
    1139              $C$DW$149       .dwtag  DW_TAG_TI_assign_register
    1140                      .dwattr $C$DW$149, DW_AT_name("XAR7")
    1141                      .dwattr $C$DW$149, DW_AT_location[DW_OP_reg19]
    1142              
TMS320C2000 Assembler PC v16.9.1 Wed Jan 04 15:50:43 2017

Tools Copyright (c) 1996-2015 Texas Instruments Incorporated
C:\Users\ROSSYE~1\AppData\Local\Temp\0035610                         PAGE   22

    1143                      .dwendtag $C$DW$CU
    1144              

No Assembly Errors, No Assembly Warnings
