
**** Clean-only build of configuration Debug for project Example_2802xScia_FFDLB ****

"C:\\ti\\ccsv7\\utils\\bin\\gmake" -k clean 
DEL /F  "Example_2802xScia_FFDLB.out" 
DEL /F "Example_2802xScia_FFDLB.obj" "F2802x_GlobalVariableDefs.obj" "f2802x_codestartbranch.obj" "f2802x_defaultisr.obj" "f2802x_piectrl.obj" "f2802x_pievect.obj" "f2802x_sci.obj" "f2802x_sysctrl.obj" "f2802x_usdelay.obj" 
DEL /F "Example_2802xScia_FFDLB.d" "F2802x_GlobalVariableDefs.d" "f2802x_defaultisr.d" "f2802x_piectrl.d" "f2802x_pievect.d" "f2802x_sci.d" "f2802x_sysctrl.d" 
DEL /F "f2802x_codestartbranch.d" "f2802x_usdelay.d" 
Could Not Find Z:\shared_vm\ti\projects\Example_2802xScia_FFDLB\Debug\Example_2802xScia_FFDLB.out
Could Not Find Z:\shared_vm\ti\projects\Example_2802xScia_FFDLB\Debug\Example_2802xScia_FFDLB.obj
Could Not Find Z:\shared_vm\ti\projects\Example_2802xScia_FFDLB\Debug\Example_2802xScia_FFDLB.d
Could Not Find Z:\shared_vm\ti\projects\Example_2802xScia_FFDLB\Debug\f2802x_codestartbranch.d
'Finished clean'
' '

**** Build Finished ****

**** Build of configuration Debug for project Example_2802xScia_FFDLB ****

"C:\\ti\\ccsv7\\utils\\bin\\gmake" -k all 
'Building file: ../Example_2802xScia_FFDLB.c'
'Invoking: C2000 Compiler'
"C:/ti/ccsv7/tools/compiler/ti-cgt-c2000_16.9.1.LTS/bin/cl2000" -v28 -ml -mt --include_path="C:/ti/ccsv7/tools/compiler/ti-cgt-c2000_16.9.1.LTS/include" --include_path="/packages/ti/xdais" --include_path="C:/ti/controlSUITE/device_support/f2802x/v230/f2802x_headers/include" --include_path="C:/ti/controlSUITE/device_support/f2802x/v230" --include_path="C:/ti/controlSUITE/device_support/f2802x/v230/f2802x_common/include" --include_path="C:/ti/controlSUITE/libs/math/IQmath/v15c/include" -g --define=_DEBUG --define=LARGE_MODEL --quiet --verbose_diagnostics --diag_warning=225 --diag_suppress=232 --diag_suppress=10063 --issue_remarks --output_all_syms --cdebug_asm_data --preproc_with_compile --preproc_dependency="Example_2802xScia_FFDLB.d"  "../Example_2802xScia_FFDLB.c"
remark: --output_all_syms is deprecated and will be removed in a subsequent
   release. This is now the default behavior of the compiler.
remark: --cdebug_asm_data is deprecated and will be removed in a subsequent
   release.
'Finished building: ../Example_2802xScia_FFDLB.c'
' '
'Building file: C:/ti/controlSUITE/device_support/f2802x/v230/f2802x_headers/source/F2802x_GlobalVariableDefs.c'
'Invoking: C2000 Compiler'
"C:/ti/ccsv7/tools/compiler/ti-cgt-c2000_16.9.1.LTS/bin/cl2000" -v28 -ml -mt --include_path="C:/ti/ccsv7/tools/compiler/ti-cgt-c2000_16.9.1.LTS/include" --include_path="/packages/ti/xdais" --include_path="C:/ti/controlSUITE/device_support/f2802x/v230/f2802x_headers/include" --include_path="C:/ti/controlSUITE/device_support/f2802x/v230" --include_path="C:/ti/controlSUITE/device_support/f2802x/v230/f2802x_common/include" --include_path="C:/ti/controlSUITE/libs/math/IQmath/v15c/include" -g --define=_DEBUG --define=LARGE_MODEL --quiet --verbose_diagnostics --diag_warning=225 --diag_suppress=232 --diag_suppress=10063 --issue_remarks --output_all_syms --cdebug_asm_data --preproc_with_compile --preproc_dependency="F2802x_GlobalVariableDefs.d"  "C:/ti/controlSUITE/device_support/f2802x/v230/f2802x_headers/source/F2802x_GlobalVariableDefs.c"
remark: --output_all_syms is deprecated and will be removed in a subsequent
   release. This is now the default behavior of the compiler.
remark: --cdebug_asm_data is deprecated and will be removed in a subsequent
   release.
'Finished building: C:/ti/controlSUITE/device_support/f2802x/v230/f2802x_headers/source/F2802x_GlobalVariableDefs.c'
' '
'Building file: C:/ti/controlSUITE/device_support/f2802x/v230/f2802x_common/source/f2802x_codestartbranch.asm'
'Invoking: C2000 Compiler'
"C:/ti/ccsv7/tools/compiler/ti-cgt-c2000_16.9.1.LTS/bin/cl2000" -v28 -ml -mt --include_path="C:/ti/ccsv7/tools/compiler/ti-cgt-c2000_16.9.1.LTS/include" --include_path="/packages/ti/xdais" --include_path="C:/ti/controlSUITE/device_support/f2802x/v230/f2802x_headers/include" --include_path="C:/ti/controlSUITE/device_support/f2802x/v230" --include_path="C:/ti/controlSUITE/device_support/f2802x/v230/f2802x_common/include" --include_path="C:/ti/controlSUITE/libs/math/IQmath/v15c/include" -g --define=_DEBUG --define=LARGE_MODEL --quiet --verbose_diagnostics --diag_warning=225 --diag_suppress=232 --diag_suppress=10063 --issue_remarks --output_all_syms --cdebug_asm_data --preproc_with_compile --preproc_dependency="f2802x_codestartbranch.d"  "C:/ti/controlSUITE/device_support/f2802x/v230/f2802x_common/source/f2802x_codestartbranch.asm"
remark: --output_all_syms is deprecated and will be removed in a subsequent
   release. This is now the default behavior of the compiler.
remark: --cdebug_asm_data is deprecated and will be removed in a subsequent
   release.
'Finished building: C:/ti/controlSUITE/device_support/f2802x/v230/f2802x_common/source/f2802x_codestartbranch.asm'
' '
'Building file: C:/ti/controlSUITE/device_support/f2802x/v230/f2802x_common/source/f2802x_defaultisr.c'
'Invoking: C2000 Compiler'
"C:/ti/ccsv7/tools/compiler/ti-cgt-c2000_16.9.1.LTS/bin/cl2000" -v28 -ml -mt --include_path="C:/ti/ccsv7/tools/compiler/ti-cgt-c2000_16.9.1.LTS/include" --include_path="/packages/ti/xdais" --include_path="C:/ti/controlSUITE/device_support/f2802x/v230/f2802x_headers/include" --include_path="C:/ti/controlSUITE/device_support/f2802x/v230" --include_path="C:/ti/controlSUITE/device_support/f2802x/v230/f2802x_common/include" --include_path="C:/ti/controlSUITE/libs/math/IQmath/v15c/include" -g --define=_DEBUG --define=LARGE_MODEL --quiet --verbose_diagnostics --diag_warning=225 --diag_suppress=232 --diag_suppress=10063 --issue_remarks --output_all_syms --cdebug_asm_data --preproc_with_compile --preproc_dependency="f2802x_defaultisr.d"  "C:/ti/controlSUITE/device_support/f2802x/v230/f2802x_common/source/f2802x_defaultisr.c"
remark: --output_all_syms is deprecated and will be removed in a subsequent
   release. This is now the default behavior of the compiler.
remark: --cdebug_asm_data is deprecated and will be removed in a subsequent
   release.
'Finished building: C:/ti/controlSUITE/device_support/f2802x/v230/f2802x_common/source/f2802x_defaultisr.c'
' '
'Building file: C:/ti/controlSUITE/device_support/f2802x/v230/f2802x_common/source/f2802x_piectrl.c'
'Invoking: C2000 Compiler'
"C:/ti/ccsv7/tools/compiler/ti-cgt-c2000_16.9.1.LTS/bin/cl2000" -v28 -ml -mt --include_path="C:/ti/ccsv7/tools/compiler/ti-cgt-c2000_16.9.1.LTS/include" --include_path="/packages/ti/xdais" --include_path="C:/ti/controlSUITE/device_support/f2802x/v230/f2802x_headers/include" --include_path="C:/ti/controlSUITE/device_support/f2802x/v230" --include_path="C:/ti/controlSUITE/device_support/f2802x/v230/f2802x_common/include" --include_path="C:/ti/controlSUITE/libs/math/IQmath/v15c/include" -g --define=_DEBUG --define=LARGE_MODEL --quiet --verbose_diagnostics --diag_warning=225 --diag_suppress=232 --diag_suppress=10063 --issue_remarks --output_all_syms --cdebug_asm_data --preproc_with_compile --preproc_dependency="f2802x_piectrl.d"  "C:/ti/controlSUITE/device_support/f2802x/v230/f2802x_common/source/f2802x_piectrl.c"
remark: --output_all_syms is deprecated and will be removed in a subsequent
   release. This is now the default behavior of the compiler.
remark: --cdebug_asm_data is deprecated and will be removed in a subsequent
   release.
'Finished building: C:/ti/controlSUITE/device_support/f2802x/v230/f2802x_common/source/f2802x_piectrl.c'
' '
'Building file: C:/ti/controlSUITE/device_support/f2802x/v230/f2802x_common/source/f2802x_pievect.c'
'Invoking: C2000 Compiler'
"C:/ti/ccsv7/tools/compiler/ti-cgt-c2000_16.9.1.LTS/bin/cl2000" -v28 -ml -mt --include_path="C:/ti/ccsv7/tools/compiler/ti-cgt-c2000_16.9.1.LTS/include" --include_path="/packages/ti/xdais" --include_path="C:/ti/controlSUITE/device_support/f2802x/v230/f2802x_headers/include" --include_path="C:/ti/controlSUITE/device_support/f2802x/v230" --include_path="C:/ti/controlSUITE/device_support/f2802x/v230/f2802x_common/include" --include_path="C:/ti/controlSUITE/libs/math/IQmath/v15c/include" -g --define=_DEBUG --define=LARGE_MODEL --quiet --verbose_diagnostics --diag_warning=225 --diag_suppress=232 --diag_suppress=10063 --issue_remarks --output_all_syms --cdebug_asm_data --preproc_with_compile --preproc_dependency="f2802x_pievect.d"  "C:/ti/controlSUITE/device_support/f2802x/v230/f2802x_common/source/f2802x_pievect.c"
remark: --output_all_syms is deprecated and will be removed in a subsequent
   release. This is now the default behavior of the compiler.
remark: --cdebug_asm_data is deprecated and will be removed in a subsequent
   release.
'Finished building: C:/ti/controlSUITE/device_support/f2802x/v230/f2802x_common/source/f2802x_pievect.c'
' '
'Building file: C:/ti/controlSUITE/device_support/f2802x/v230/f2802x_common/source/f2802x_sci.c'
'Invoking: C2000 Compiler'
"C:/ti/ccsv7/tools/compiler/ti-cgt-c2000_16.9.1.LTS/bin/cl2000" -v28 -ml -mt --include_path="C:/ti/ccsv7/tools/compiler/ti-cgt-c2000_16.9.1.LTS/include" --include_path="/packages/ti/xdais" --include_path="C:/ti/controlSUITE/device_support/f2802x/v230/f2802x_headers/include" --include_path="C:/ti/controlSUITE/device_support/f2802x/v230" --include_path="C:/ti/controlSUITE/device_support/f2802x/v230/f2802x_common/include" --include_path="C:/ti/controlSUITE/libs/math/IQmath/v15c/include" -g --define=_DEBUG --define=LARGE_MODEL --quiet --verbose_diagnostics --diag_warning=225 --diag_suppress=232 --diag_suppress=10063 --issue_remarks --output_all_syms --cdebug_asm_data --preproc_with_compile --preproc_dependency="f2802x_sci.d"  "C:/ti/controlSUITE/device_support/f2802x/v230/f2802x_common/source/f2802x_sci.c"
remark: --output_all_syms is deprecated and will be removed in a subsequent
   release. This is now the default behavior of the compiler.
remark: --cdebug_asm_data is deprecated and will be removed in a subsequent
   release.
'Finished building: C:/ti/controlSUITE/device_support/f2802x/v230/f2802x_common/source/f2802x_sci.c'
' '
'Building file: C:/ti/controlSUITE/device_support/f2802x/v230/f2802x_common/source/f2802x_sysctrl.c'
'Invoking: C2000 Compiler'
"C:/ti/ccsv7/tools/compiler/ti-cgt-c2000_16.9.1.LTS/bin/cl2000" -v28 -ml -mt --include_path="C:/ti/ccsv7/tools/compiler/ti-cgt-c2000_16.9.1.LTS/include" --include_path="/packages/ti/xdais" --include_path="C:/ti/controlSUITE/device_support/f2802x/v230/f2802x_headers/include" --include_path="C:/ti/controlSUITE/device_support/f2802x/v230" --include_path="C:/ti/controlSUITE/device_support/f2802x/v230/f2802x_common/include" --include_path="C:/ti/controlSUITE/libs/math/IQmath/v15c/include" -g --define=_DEBUG --define=LARGE_MODEL --quiet --verbose_diagnostics --diag_warning=225 --diag_suppress=232 --diag_suppress=10063 --issue_remarks --output_all_syms --cdebug_asm_data --preproc_with_compile --preproc_dependency="f2802x_sysctrl.d"  "C:/ti/controlSUITE/device_support/f2802x/v230/f2802x_common/source/f2802x_sysctrl.c"
remark: --output_all_syms is deprecated and will be removed in a subsequent
   release. This is now the default behavior of the compiler.
remark: --cdebug_asm_data is deprecated and will be removed in a subsequent
   release.
'Finished building: C:/ti/controlSUITE/device_support/f2802x/v230/f2802x_common/source/f2802x_sysctrl.c'
' '
'Building file: C:/ti/controlSUITE/device_support/f2802x/v230/f2802x_common/source/f2802x_usdelay.asm'
'Invoking: C2000 Compiler'
"C:/ti/ccsv7/tools/compiler/ti-cgt-c2000_16.9.1.LTS/bin/cl2000" -v28 -ml -mt --include_path="C:/ti/ccsv7/tools/compiler/ti-cgt-c2000_16.9.1.LTS/include" --include_path="/packages/ti/xdais" --include_path="C:/ti/controlSUITE/device_support/f2802x/v230/f2802x_headers/include" --include_path="C:/ti/controlSUITE/device_support/f2802x/v230" --include_path="C:/ti/controlSUITE/device_support/f2802x/v230/f2802x_common/include" --include_path="C:/ti/controlSUITE/libs/math/IQmath/v15c/include" -g --define=_DEBUG --define=LARGE_MODEL --quiet --verbose_diagnostics --diag_warning=225 --diag_suppress=232 --diag_suppress=10063 --issue_remarks --output_all_syms --cdebug_asm_data --preproc_with_compile --preproc_dependency="f2802x_usdelay.d"  "C:/ti/controlSUITE/device_support/f2802x/v230/f2802x_common/source/f2802x_usdelay.asm"
remark: --output_all_syms is deprecated and will be removed in a subsequent
   release. This is now the default behavior of the compiler.
remark: --cdebug_asm_data is deprecated and will be removed in a subsequent
   release.
'Finished building: C:/ti/controlSUITE/device_support/f2802x/v230/f2802x_common/source/f2802x_usdelay.asm'
' '
'Building target: Example_2802xScia_FFDLB.out'
'Invoking: C2000 Linker'
"C:/ti/ccsv7/tools/compiler/ti-cgt-c2000_16.9.1.LTS/bin/cl2000" -v28 -ml -mt -g --define=_DEBUG --define=LARGE_MODEL --quiet --verbose_diagnostics --diag_warning=225 --diag_suppress=232 --diag_suppress=10063 --issue_remarks --output_all_syms --cdebug_asm_data -z -m"Example_2802xScia_FFDLB.map" --stack_size=0x200 --warn_sections -i"C:/ti/ccsv7/tools/compiler/ti-cgt-c2000_16.9.1.LTS/lib" -i"C:/ti/ccsv7/tools/compiler/ti-cgt-c2000_16.9.1.LTS/include" -i"Z:/shared_vm/ti/projects/Example_2802xScia_FFDLB" -i"C:/ti/controlSUITE/device_support/f2802x/v230/f2802x_common/lib" -i"C:/ti/controlSUITE/libs/math/IQmath/v15c/lib" --reread_libs --verbose_diagnostics --issue_remarks --xml_link_info="Example_2802xScia_FFDLB_linkInfo.xml" --entry_point=code_start --rom_model -o "Example_2802xScia_FFDLB.out" "./Example_2802xScia_FFDLB.obj" "./F2802x_GlobalVariableDefs.obj" "./f2802x_codestartbranch.obj" "./f2802x_defaultisr.obj" "./f2802x_piectrl.obj" "./f2802x_pievect.obj" "./f2802x_sci.obj" "./f2802x_sysctrl.obj" "./f2802x_usdelay.obj" "C:/ti/controlSUITE/device_support/f2802x/v230/f2802x_headers/cmd/F2802x_Headers_nonBIOS.cmd" "C:/ti/controlSUITE/device_support/f2802x/v230/f2802x_common/cmd/F2802x_generic_ram.cmd"  -lrts2800_ml.lib -lIQmath.lib 
remark: --output_all_syms is deprecated and will be removed in a subsequent
   release. This is now the default behavior of the compiler.
remark: --cdebug_asm_data is deprecated and will be removed in a subsequent
   release.
remark: --buffer_diagnostics is deprecated and will be removed in a subsequent
   release. The default behavior is to line buffer diagnostics.
'Finished building target: Example_2802xScia_FFDLB.out'
' '

**** Build Finished ****
